[0.101s] Invoking command in '/home/rokey-jw/rokeypj_ws/build/turtlebot3_manipulation_hardware': CMAKE_PREFIX_PATH=${CMAKE_PREFIX_PATH}:/home/rokey-jw/rokeypj_ws/install/sample_pkg:/home/rokey-jw/rokeypj_ws/install/my_v4l2_camera_launch:/home/rokey-jw/rokeypj_ws/install/lane_follower_pkg:/home/rokey-jw/rokeypj_ws/install/lane_detector:/home/rokey-jw/rokeypj_ws/install/aruco_yolo:/home/rokey-jw/turtlebot3_ws/install/turtlebot3_teleop:/home/rokey-jw/turtlebot3_ws/install/turtlebot3_example:/home/rokey-jw/turtlebot3_ws/install/turtlebot3_autorace_mission:/home/rokey-jw/turtlebot3_ws/install/turtlebot3_autorace_detect:/home/rokey-jw/turtlebot3_ws/install/turtlebot3_autorace_camera:/opt/ros/humble /usr/bin/cmake /home/rokey-jw/rokeypj_ws/src/turtlebot3_manipulation/turtlebot3_manipulation_hardware -DAMENT_CMAKE_SYMLINK_INSTALL=1 -DCMAKE_INSTALL_PREFIX=/home/rokey-jw/rokeypj_ws/install/turtlebot3_manipulation_hardware
[1.545s] -- The C compiler identification is GNU 11.4.0
[1.545s] -- The CXX compiler identification is GNU 11.4.0
[1.545s] -- Detecting C compiler ABI info
[1.546s] -- Detecting C compiler ABI info - done
[1.546s] -- Check for working C compiler: /usr/bin/cc - skipped
[1.546s] -- Detecting C compile features
[1.546s] -- Detecting C compile features - done
[1.546s] -- Detecting CXX compiler ABI info
[1.546s] -- Detecting CXX compiler ABI info - done
[1.546s] -- Check for working CXX compiler: /usr/bin/c++ - skipped
[1.546s] -- Detecting CXX compile features
[1.547s] -- Detecting CXX compile features - done
[1.547s] -- Found ament_cmake: 1.3.11 (/opt/ros/humble/share/ament_cmake/cmake)
[1.547s] -- Found Python3: /usr/bin/python3 (found version "3.10.12") found components: Interpreter 
[1.547s] -- Override CMake install command with custom implementation using symlinks instead of copying resources
[1.547s] -- Found dynamixel_sdk: 3.8.3 (/home/rokey-jw/colcon_ws/install/dynamixel_sdk/share/dynamixel_sdk/cmake)
[1.547s] -- Found hardware_interface: 2.50.0 (/opt/ros/humble/share/hardware_interface/cmake)
[1.672s] -- Found rosidl_generator_c: 3.1.6 (/opt/ros/humble/share/rosidl_generator_c/cmake)
[1.696s] -- Found rosidl_adapter: 3.1.6 (/opt/ros/humble/share/rosidl_adapter/cmake)
[1.727s] -- Found rosidl_generator_cpp: 3.1.6 (/opt/ros/humble/share/rosidl_generator_cpp/cmake)
[1.767s] -- Using all available rosidl_typesupport_c: rosidl_typesupport_fastrtps_c;rosidl_typesupport_introspection_c
[1.821s] -- Using all available rosidl_typesupport_cpp: rosidl_typesupport_fastrtps_cpp;rosidl_typesupport_introspection_cpp
[2.401s] -- Found rmw_implementation_cmake: 6.1.2 (/opt/ros/humble/share/rmw_implementation_cmake/cmake)
[2.417s] -- Found rmw_cyclonedds_cpp: 1.3.4 (/opt/ros/humble/share/rmw_cyclonedds_cpp/cmake)
[2.508s] -- Using RMW implementation 'rmw_cyclonedds_cpp' as default
[2.548s] -- Looking for pthread.h
[2.775s] -- Looking for pthread.h - found
[2.776s] -- Performing Test CMAKE_HAVE_LIBC_PTHREAD
[3.003s] -- Performing Test CMAKE_HAVE_LIBC_PTHREAD - Success
[3.003s] -- Found Threads: TRUE  
[3.389s] -- Configuring done
[3.462s] -- Generating done
[3.474s] -- Build files have been written to: /home/rokey-jw/rokeypj_ws/build/turtlebot3_manipulation_hardware
[3.504s] Invoked command in '/home/rokey-jw/rokeypj_ws/build/turtlebot3_manipulation_hardware' returned '0': CMAKE_PREFIX_PATH=${CMAKE_PREFIX_PATH}:/home/rokey-jw/rokeypj_ws/install/sample_pkg:/home/rokey-jw/rokeypj_ws/install/my_v4l2_camera_launch:/home/rokey-jw/rokeypj_ws/install/lane_follower_pkg:/home/rokey-jw/rokeypj_ws/install/lane_detector:/home/rokey-jw/rokeypj_ws/install/aruco_yolo:/home/rokey-jw/turtlebot3_ws/install/turtlebot3_teleop:/home/rokey-jw/turtlebot3_ws/install/turtlebot3_example:/home/rokey-jw/turtlebot3_ws/install/turtlebot3_autorace_mission:/home/rokey-jw/turtlebot3_ws/install/turtlebot3_autorace_detect:/home/rokey-jw/turtlebot3_ws/install/turtlebot3_autorace_camera:/opt/ros/humble /usr/bin/cmake /home/rokey-jw/rokeypj_ws/src/turtlebot3_manipulation/turtlebot3_manipulation_hardware -DAMENT_CMAKE_SYMLINK_INSTALL=1 -DCMAKE_INSTALL_PREFIX=/home/rokey-jw/rokeypj_ws/install/turtlebot3_manipulation_hardware
[3.511s] Invoking command in '/home/rokey-jw/rokeypj_ws/build/turtlebot3_manipulation_hardware': CMAKE_PREFIX_PATH=${CMAKE_PREFIX_PATH}:/home/rokey-jw/rokeypj_ws/install/sample_pkg:/home/rokey-jw/rokeypj_ws/install/my_v4l2_camera_launch:/home/rokey-jw/rokeypj_ws/install/lane_follower_pkg:/home/rokey-jw/rokeypj_ws/install/lane_detector:/home/rokey-jw/rokeypj_ws/install/aruco_yolo:/home/rokey-jw/turtlebot3_ws/install/turtlebot3_teleop:/home/rokey-jw/turtlebot3_ws/install/turtlebot3_example:/home/rokey-jw/turtlebot3_ws/install/turtlebot3_autorace_mission:/home/rokey-jw/turtlebot3_ws/install/turtlebot3_autorace_detect:/home/rokey-jw/turtlebot3_ws/install/turtlebot3_autorace_camera:/opt/ros/humble /usr/bin/cmake --build /home/rokey-jw/rokeypj_ws/build/turtlebot3_manipulation_hardware -- -j6 -l6
[4.911s] [ 25%] [32mBuilding CXX object CMakeFiles/turtlebot3_manipulation_hardware.dir/src/dynamixel_sdk_wrapper.cpp.o[0m
[4.911s] [ 50%] [32mBuilding CXX object CMakeFiles/turtlebot3_manipulation_hardware.dir/src/opencr.cpp.o[0m
[4.912s] [ 75%] [32mBuilding CXX object CMakeFiles/turtlebot3_manipulation_hardware.dir/src/turtlebot3_manipulation_system.cpp.o[0m
[16.723s] [100%] [32m[1mLinking CXX shared library libturtlebot3_manipulation_hardware.so[0m
[17.407s] [100%] Built target turtlebot3_manipulation_hardware
[17.443s] Invoked command in '/home/rokey-jw/rokeypj_ws/build/turtlebot3_manipulation_hardware' returned '0': CMAKE_PREFIX_PATH=${CMAKE_PREFIX_PATH}:/home/rokey-jw/rokeypj_ws/install/sample_pkg:/home/rokey-jw/rokeypj_ws/install/my_v4l2_camera_launch:/home/rokey-jw/rokeypj_ws/install/lane_follower_pkg:/home/rokey-jw/rokeypj_ws/install/lane_detector:/home/rokey-jw/rokeypj_ws/install/aruco_yolo:/home/rokey-jw/turtlebot3_ws/install/turtlebot3_teleop:/home/rokey-jw/turtlebot3_ws/install/turtlebot3_example:/home/rokey-jw/turtlebot3_ws/install/turtlebot3_autorace_mission:/home/rokey-jw/turtlebot3_ws/install/turtlebot3_autorace_detect:/home/rokey-jw/turtlebot3_ws/install/turtlebot3_autorace_camera:/opt/ros/humble /usr/bin/cmake --build /home/rokey-jw/rokeypj_ws/build/turtlebot3_manipulation_hardware -- -j6 -l6
[17.460s] Invoking command in '/home/rokey-jw/rokeypj_ws/build/turtlebot3_manipulation_hardware': CMAKE_PREFIX_PATH=${CMAKE_PREFIX_PATH}:/home/rokey-jw/rokeypj_ws/install/sample_pkg:/home/rokey-jw/rokeypj_ws/install/my_v4l2_camera_launch:/home/rokey-jw/rokeypj_ws/install/lane_follower_pkg:/home/rokey-jw/rokeypj_ws/install/lane_detector:/home/rokey-jw/rokeypj_ws/install/aruco_yolo:/home/rokey-jw/turtlebot3_ws/install/turtlebot3_teleop:/home/rokey-jw/turtlebot3_ws/install/turtlebot3_example:/home/rokey-jw/turtlebot3_ws/install/turtlebot3_autorace_mission:/home/rokey-jw/turtlebot3_ws/install/turtlebot3_autorace_detect:/home/rokey-jw/turtlebot3_ws/install/turtlebot3_autorace_camera:/opt/ros/humble /usr/bin/cmake --install /home/rokey-jw/rokeypj_ws/build/turtlebot3_manipulation_hardware
[17.485s] -- Install configuration: ""
[17.485s] -- Execute custom install script
[17.486s] -- Symlinking: /home/rokey-jw/rokeypj_ws/install/turtlebot3_manipulation_hardware/share/turtlebot3_manipulation_hardware//turtlebot3_manipulation_hardware.xml
[17.540s] -- Symlinking: /home/rokey-jw/rokeypj_ws/install/turtlebot3_manipulation_hardware/include/turtlebot3_manipulation_hardware/dynamixel_sdk_wrapper.hpp
[17.572s] -- Symlinking: /home/rokey-jw/rokeypj_ws/install/turtlebot3_manipulation_hardware/include/turtlebot3_manipulation_hardware/opencr.hpp
[17.594s] -- Symlinking: /home/rokey-jw/rokeypj_ws/install/turtlebot3_manipulation_hardware/include/turtlebot3_manipulation_hardware/opencr_control_table.hpp
[17.631s] -- Symlinking: /home/rokey-jw/rokeypj_ws/install/turtlebot3_manipulation_hardware/include/turtlebot3_manipulation_hardware/opencr_definitions.hpp
[17.671s] -- Symlinking: /home/rokey-jw/rokeypj_ws/install/turtlebot3_manipulation_hardware/include/turtlebot3_manipulation_hardware/turtlebot3_manipulation_system.hpp
[17.710s] -- Symlinking: /home/rokey-jw/rokeypj_ws/install/turtlebot3_manipulation_hardware/include/turtlebot3_manipulation_hardware/visibility_control.h
[17.752s] -- Symlinking: /home/rokey-jw/rokeypj_ws/install/turtlebot3_manipulation_hardware/lib/libturtlebot3_manipulation_hardware.so
[17.796s] -- Symlinking: /home/rokey-jw/rokeypj_ws/install/turtlebot3_manipulation_hardware/share/turtlebot3_manipulation_hardware/environment/library_path.sh
[17.817s] -- Symlinking: /home/rokey-jw/rokeypj_ws/install/turtlebot3_manipulation_hardware/share/turtlebot3_manipulation_hardware/environment/library_path.dsv
[17.838s] -- Symlinking: /home/rokey-jw/rokeypj_ws/install/turtlebot3_manipulation_hardware/share/ament_index/resource_index/package_run_dependencies/turtlebot3_manipulation_hardware
[17.859s] -- Symlinking: /home/rokey-jw/rokeypj_ws/install/turtlebot3_manipulation_hardware/share/ament_index/resource_index/parent_prefix_path/turtlebot3_manipulation_hardware
[17.879s] -- Symlinking: /home/rokey-jw/rokeypj_ws/install/turtlebot3_manipulation_hardware/share/turtlebot3_manipulation_hardware/environment/ament_prefix_path.sh
[17.937s] -- Symlinking: /home/rokey-jw/rokeypj_ws/install/turtlebot3_manipulation_hardware/share/turtlebot3_manipulation_hardware/environment/ament_prefix_path.dsv
[17.987s] -- Symlinking: /home/rokey-jw/rokeypj_ws/install/turtlebot3_manipulation_hardware/share/turtlebot3_manipulation_hardware/environment/path.sh
[18.044s] -- Symlinking: /home/rokey-jw/rokeypj_ws/install/turtlebot3_manipulation_hardware/share/turtlebot3_manipulation_hardware/environment/path.dsv
[18.082s] -- Symlinking: /home/rokey-jw/rokeypj_ws/install/turtlebot3_manipulation_hardware/share/turtlebot3_manipulation_hardware/local_setup.bash
[18.110s] -- Symlinking: /home/rokey-jw/rokeypj_ws/install/turtlebot3_manipulation_hardware/share/turtlebot3_manipulation_hardware/local_setup.sh
[18.132s] -- Symlinking: /home/rokey-jw/rokeypj_ws/install/turtlebot3_manipulation_hardware/share/turtlebot3_manipulation_hardware/local_setup.zsh
[18.179s] -- Symlinking: /home/rokey-jw/rokeypj_ws/install/turtlebot3_manipulation_hardware/share/turtlebot3_manipulation_hardware/local_setup.dsv
[18.223s] -- Symlinking: /home/rokey-jw/rokeypj_ws/install/turtlebot3_manipulation_hardware/share/turtlebot3_manipulation_hardware/package.dsv
[18.280s] -- Symlinking: /home/rokey-jw/rokeypj_ws/install/turtlebot3_manipulation_hardware/share/ament_index/resource_index/packages/turtlebot3_manipulation_hardware
[18.319s] -- Symlinking: /home/rokey-jw/rokeypj_ws/install/turtlebot3_manipulation_hardware/share/ament_index/resource_index/hardware_interface__pluginlib__plugin/turtlebot3_manipulation_hardware
[18.374s] -- Symlinking: /home/rokey-jw/rokeypj_ws/install/turtlebot3_manipulation_hardware/share/turtlebot3_manipulation_hardware/cmake/ament_cmake_export_include_directories-extras.cmake
[18.429s] -- Symlinking: /home/rokey-jw/rokeypj_ws/install/turtlebot3_manipulation_hardware/share/turtlebot3_manipulation_hardware/cmake/ament_cmake_export_libraries-extras.cmake
[18.475s] -- Symlinking: /home/rokey-jw/rokeypj_ws/install/turtlebot3_manipulation_hardware/share/turtlebot3_manipulation_hardware/cmake/ament_cmake_export_dependencies-extras.cmake
[18.528s] -- Symlinking: /home/rokey-jw/rokeypj_ws/install/turtlebot3_manipulation_hardware/share/turtlebot3_manipulation_hardware/cmake/turtlebot3_manipulation_hardwareConfig.cmake
[18.584s] -- Symlinking: /home/rokey-jw/rokeypj_ws/install/turtlebot3_manipulation_hardware/share/turtlebot3_manipulation_hardware/cmake/turtlebot3_manipulation_hardwareConfig-version.cmake
[18.631s] -- Symlinking: /home/rokey-jw/rokeypj_ws/install/turtlebot3_manipulation_hardware/share/turtlebot3_manipulation_hardware/package.xml
[18.703s] Invoked command in '/home/rokey-jw/rokeypj_ws/build/turtlebot3_manipulation_hardware' returned '0': CMAKE_PREFIX_PATH=${CMAKE_PREFIX_PATH}:/home/rokey-jw/rokeypj_ws/install/sample_pkg:/home/rokey-jw/rokeypj_ws/install/my_v4l2_camera_launch:/home/rokey-jw/rokeypj_ws/install/lane_follower_pkg:/home/rokey-jw/rokeypj_ws/install/lane_detector:/home/rokey-jw/rokeypj_ws/install/aruco_yolo:/home/rokey-jw/turtlebot3_ws/install/turtlebot3_teleop:/home/rokey-jw/turtlebot3_ws/install/turtlebot3_example:/home/rokey-jw/turtlebot3_ws/install/turtlebot3_autorace_mission:/home/rokey-jw/turtlebot3_ws/install/turtlebot3_autorace_detect:/home/rokey-jw/turtlebot3_ws/install/turtlebot3_autorace_camera:/opt/ros/humble /usr/bin/cmake --install /home/rokey-jw/rokeypj_ws/build/turtlebot3_manipulation_hardware
