[4.667s] Invoking command in '/home/rokey-jw/rokeypj_ws/build/aruco_yolo': PYTHONPATH=/home/rokey-jw/rokeypj_ws/build/aruco_yolo/prefix_override:/usr/lib/python3/dist-packages/colcon_core/task/python/colcon_distutils_commands:/home/rokey-jw/rokeypj_ws/install/aruco_yolo/lib/python3.10/site-packages:${PYTHONPATH} /usr/bin/python3 -W ignore:setup.py install is deprecated -W ignore:easy_install command is deprecated setup.py develop --editable --build-directory /home/rokey-jw/rokeypj_ws/build/aruco_yolo/build --no-deps symlink_data
[5.520s] running develop
[6.104s] running egg_info
[6.104s] writing aruco_yolo.egg-info/PKG-INFO
[6.105s] writing dependency_links to aruco_yolo.egg-info/dependency_links.txt
[6.105s] writing entry points to aruco_yolo.egg-info/entry_points.txt
[6.106s] writing requirements to aruco_yolo.egg-info/requires.txt
[6.106s] writing top-level names to aruco_yolo.egg-info/top_level.txt
[6.112s] reading manifest file 'aruco_yolo.egg-info/SOURCES.txt'
[6.119s] writing manifest file 'aruco_yolo.egg-info/SOURCES.txt'
[6.120s] running build_ext
[6.120s] Creating /home/rokey-jw/rokeypj_ws/install/aruco_yolo/lib/python3.10/site-packages/aruco-yolo.egg-link (link to .)
[6.122s] Installing aruco_detector script to /home/rokey-jw/rokeypj_ws/install/aruco_yolo/lib/aruco_yolo
[6.122s] Installing aruco_move script to /home/rokey-jw/rokeypj_ws/install/aruco_yolo/lib/aruco_yolo
[6.122s] Installing camera_pub script to /home/rokey-jw/rokeypj_ws/install/aruco_yolo/lib/aruco_yolo
[6.123s] Installing compressed_image_pub script to /home/rokey-jw/rokeypj_ws/install/aruco_yolo/lib/aruco_yolo
[6.123s] Installing moveit_client script to /home/rokey-jw/rokeypj_ws/install/aruco_yolo/lib/aruco_yolo
[6.123s] Installing pick_and_place script to /home/rokey-jw/rokeypj_ws/install/aruco_yolo/lib/aruco_yolo
[6.123s] Installing yolo_detector script to /home/rokey-jw/rokeypj_ws/install/aruco_yolo/lib/aruco_yolo
[6.124s] 
[6.124s] Installed /home/rokey-jw/rokeypj_ws/build/aruco_yolo
[6.124s] running symlink_data
[6.253s] Invoked command in '/home/rokey-jw/rokeypj_ws/build/aruco_yolo' returned '0': PYTHONPATH=/home/rokey-jw/rokeypj_ws/build/aruco_yolo/prefix_override:/usr/lib/python3/dist-packages/colcon_core/task/python/colcon_distutils_commands:/home/rokey-jw/rokeypj_ws/install/aruco_yolo/lib/python3.10/site-packages:${PYTHONPATH} /usr/bin/python3 -W ignore:setup.py install is deprecated -W ignore:easy_install command is deprecated setup.py develop --editable --build-directory /home/rokey-jw/rokeypj_ws/build/aruco_yolo/build --no-deps symlink_data
