running develop
running egg_info
creating lane_detector.egg-info
writing lane_detector.egg-info/PKG-INFO
writing dependency_links to lane_detector.egg-info/dependency_links.txt
writing entry points to lane_detector.egg-info/entry_points.txt
writing requirements to lane_detector.egg-info/requires.txt
writing top-level names to lane_detector.egg-info/top_level.txt
writing manifest file 'lane_detector.egg-info/SOURCES.txt'
reading manifest file 'lane_detector.egg-info/SOURCES.txt'
writing manifest file 'lane_detector.egg-info/SOURCES.txt'
running build_ext
Creating /home/rokey-jw/rokeypj_ws/install/lane_detector/lib/python3.10/site-packages/lane-detector.egg-link (link to .)
Installing lane_detect script to /home/rokey-jw/rokeypj_ws/install/lane_detector/lib/lane_detector

Installed /home/rokey-jw/rokeypj_ws/build/lane_detector
running symlink_data
creating /home/rokey-jw/rokeypj_ws/install/lane_detector/share/ament_index
creating /home/rokey-jw/rokeypj_ws/install/lane_detector/share/ament_index/resource_index
creating /home/rokey-jw/rokeypj_ws/install/lane_detector/share/ament_index/resource_index/packages
symbolically linking /home/rokey-jw/rokeypj_ws/build/lane_detector/resource/lane_detector -> /home/rokey-jw/rokeypj_ws/install/lane_detector/share/ament_index/resource_index/packages
symbolically linking /home/rokey-jw/rokeypj_ws/build/lane_detector/package.xml -> /home/rokey-jw/rokeypj_ws/install/lane_detector/share/lane_detector
