running develop
running egg_info
creating my_v4l2_camera_launch.egg-info
writing my_v4l2_camera_launch.egg-info/PKG-INFO
writing dependency_links to my_v4l2_camera_launch.egg-info/dependency_links.txt
writing entry points to my_v4l2_camera_launch.egg-info/entry_points.txt
writing requirements to my_v4l2_camera_launch.egg-info/requires.txt
writing top-level names to my_v4l2_camera_launch.egg-info/top_level.txt
writing manifest file 'my_v4l2_camera_launch.egg-info/SOURCES.txt'
reading manifest file 'my_v4l2_camera_launch.egg-info/SOURCES.txt'
writing manifest file 'my_v4l2_camera_launch.egg-info/SOURCES.txt'
running build_ext
Creating /home/rokey-jw/rokeypj_ws/install/my_v4l2_camera_launch/lib/python3.10/site-packages/my-v4l2-camera-launch.egg-link (link to .)
Installing filtered_image_node script to /home/rokey-jw/rokeypj_ws/install/my_v4l2_camera_launch/lib/my_v4l2_camera_launch

Installed /home/rokey-jw/rokeypj_ws/build/my_v4l2_camera_launch
running symlink_data
creating /home/rokey-jw/rokeypj_ws/install/my_v4l2_camera_launch/share/ament_index
creating /home/rokey-jw/rokeypj_ws/install/my_v4l2_camera_launch/share/ament_index/resource_index
creating /home/rokey-jw/rokeypj_ws/install/my_v4l2_camera_launch/share/ament_index/resource_index/packages
symbolically linking /home/rokey-jw/rokeypj_ws/build/my_v4l2_camera_launch/resource/my_v4l2_camera_launch -> /home/rokey-jw/rokeypj_ws/install/my_v4l2_camera_launch/share/ament_index/resource_index/packages
symbolically linking /home/rokey-jw/rokeypj_ws/build/my_v4l2_camera_launch/package.xml -> /home/rokey-jw/rokeypj_ws/install/my_v4l2_camera_launch/share/my_v4l2_camera_launch
creating /home/rokey-jw/rokeypj_ws/install/my_v4l2_camera_launch/share/my_v4l2_camera_launch/launch
symbolically linking /home/rokey-jw/rokeypj_ws/build/my_v4l2_camera_launch/launch/my_v4l2_camera_launch.py -> /home/rokey-jw/rokeypj_ws/install/my_v4l2_camera_launch/share/my_v4l2_camera_launch/launch
