[0.091s] Invoking command in '/home/rokey-jw/rokeypj_ws/build/turtlebot_cosmo_interface': CMAKE_PREFIX_PATH=${CMAKE_PREFIX_PATH}:/home/rokey-jw/rokeypj_ws/install/sample_pkg:/home/rokey-jw/rokeypj_ws/install/my_v4l2_camera_launch:/home/rokey-jw/rokeypj_ws/install/lane_follower_pkg:/home/rokey-jw/rokeypj_ws/install/lane_detector:/home/rokey-jw/rokeypj_ws/install/aruco_yolo:/home/rokey-jw/turtlebot3_ws/install/turtlebot3_teleop:/home/rokey-jw/turtlebot3_ws/install/turtlebot3_example:/home/rokey-jw/turtlebot3_ws/install/turtlebot3_autorace_mission:/home/rokey-jw/turtlebot3_ws/install/turtlebot3_autorace_detect:/home/rokey-jw/turtlebot3_ws/install/turtlebot3_autorace_camera:/opt/ros/humble /usr/bin/cmake /home/rokey-jw/rokeypj_ws/src/turtlebot_cosmo_interface/turtlebot_cosmo_interface -DAMENT_CMAKE_SYMLINK_INSTALL=1 -DCMAKE_INSTALL_PREFIX=/home/rokey-jw/rokeypj_ws/install/turtlebot_cosmo_interface
[1.533s] -- The C compiler identification is GNU 11.4.0
[1.533s] -- The CXX compiler identification is GNU 11.4.0
[1.533s] -- Detecting C compiler ABI info
[1.533s] -- Detecting C compiler ABI info - done
[1.533s] -- Check for working C compiler: /usr/bin/cc - skipped
[1.533s] -- Detecting C compile features
[1.534s] -- Detecting C compile features - done
[1.534s] -- Detecting CXX compiler ABI info
[1.534s] -- Detecting CXX compiler ABI info - done
[1.534s] -- Check for working CXX compiler: /usr/bin/c++ - skipped
[1.534s] -- Detecting CXX compile features
[1.534s] -- Detecting CXX compile features - done
[1.534s] -- Found ament_cmake: 1.3.11 (/opt/ros/humble/share/ament_cmake/cmake)
[1.534s] -- Found Python3: /usr/bin/python3 (found version "3.10.12") found components: Interpreter 
[1.535s] -- Override CMake install command with custom implementation using symlinks instead of copying resources
[1.535s] -- Found geometry_msgs: 4.8.0 (/opt/ros/humble/share/geometry_msgs/cmake)
[1.592s] -- Found rosidl_generator_c: 3.1.6 (/opt/ros/humble/share/rosidl_generator_c/cmake)
[1.616s] -- Found rosidl_adapter: 3.1.6 (/opt/ros/humble/share/rosidl_adapter/cmake)
[1.645s] -- Found rosidl_generator_cpp: 3.1.6 (/opt/ros/humble/share/rosidl_generator_cpp/cmake)
[1.686s] -- Using all available rosidl_typesupport_c: rosidl_typesupport_fastrtps_c;rosidl_typesupport_introspection_c
[1.741s] -- Using all available rosidl_typesupport_cpp: rosidl_typesupport_fastrtps_cpp;rosidl_typesupport_introspection_cpp
[1.839s] -- Found rosidl_default_generators: 1.2.0 (/opt/ros/humble/share/rosidl_default_generators/cmake)
[2.575s] -- Found ament_cmake_ros: 0.10.0 (/opt/ros/humble/share/ament_cmake_ros/cmake)
[3.837s] -- Using all available rosidl_typesupport_c: rosidl_typesupport_fastrtps_c;rosidl_typesupport_introspection_c
[4.292s] -- Using all available rosidl_typesupport_cpp: rosidl_typesupport_fastrtps_cpp;rosidl_typesupport_introspection_cpp
[4.356s] -- Found PythonInterp: /usr/bin/python3 (found suitable version "3.10.12", minimum required is "3.6") 
[4.367s] -- Found python_cmake_module: 0.10.0 (/opt/ros/humble/share/python_cmake_module/cmake)
[4.484s] -- Found PythonLibs: /usr/lib/aarch64-linux-gnu/libpython3.10.so (found suitable version "3.10.12", minimum required is "3.5") 
[4.485s] -- Using PYTHON_EXECUTABLE: /usr/bin/python3
[4.485s] -- Using PYTHON_INCLUDE_DIRS: /usr/include/python3.10
[4.485s] -- Using PYTHON_LIBRARIES: /usr/lib/aarch64-linux-gnu/libpython3.10.so
[4.589s] -- Found PythonExtra: .so  
[4.868s] -- Found ament_lint_auto: 0.12.12 (/opt/ros/humble/share/ament_lint_auto/cmake)
[5.036s] -- Added test 'flake8' to check Python code syntax and style conventions
[5.037s] -- Added test 'lint_cmake' to check CMake code style
[5.037s] -- Added test 'pep257' to check Python code against some of the docstring style conventions in PEP 257
[5.048s] -- Added test 'xmllint' to check XML markup files
[5.065s] -- Configuring done
[5.167s] -- Generating done
[5.195s] -- Build files have been written to: /home/rokey-jw/rokeypj_ws/build/turtlebot_cosmo_interface
[6.123s] Invoked command in '/home/rokey-jw/rokeypj_ws/build/turtlebot_cosmo_interface' returned '0': CMAKE_PREFIX_PATH=${CMAKE_PREFIX_PATH}:/home/rokey-jw/rokeypj_ws/install/sample_pkg:/home/rokey-jw/rokeypj_ws/install/my_v4l2_camera_launch:/home/rokey-jw/rokeypj_ws/install/lane_follower_pkg:/home/rokey-jw/rokeypj_ws/install/lane_detector:/home/rokey-jw/rokeypj_ws/install/aruco_yolo:/home/rokey-jw/turtlebot3_ws/install/turtlebot3_teleop:/home/rokey-jw/turtlebot3_ws/install/turtlebot3_example:/home/rokey-jw/turtlebot3_ws/install/turtlebot3_autorace_mission:/home/rokey-jw/turtlebot3_ws/install/turtlebot3_autorace_detect:/home/rokey-jw/turtlebot3_ws/install/turtlebot3_autorace_camera:/opt/ros/humble /usr/bin/cmake /home/rokey-jw/rokeypj_ws/src/turtlebot_cosmo_interface/turtlebot_cosmo_interface -DAMENT_CMAKE_SYMLINK_INSTALL=1 -DCMAKE_INSTALL_PREFIX=/home/rokey-jw/rokeypj_ws/install/turtlebot_cosmo_interface
[6.126s] Invoking command in '/home/rokey-jw/rokeypj_ws/build/turtlebot_cosmo_interface': CMAKE_PREFIX_PATH=${CMAKE_PREFIX_PATH}:/home/rokey-jw/rokeypj_ws/install/sample_pkg:/home/rokey-jw/rokeypj_ws/install/my_v4l2_camera_launch:/home/rokey-jw/rokeypj_ws/install/lane_follower_pkg:/home/rokey-jw/rokeypj_ws/install/lane_detector:/home/rokey-jw/rokeypj_ws/install/aruco_yolo:/home/rokey-jw/turtlebot3_ws/install/turtlebot3_teleop:/home/rokey-jw/turtlebot3_ws/install/turtlebot3_example:/home/rokey-jw/turtlebot3_ws/install/turtlebot3_autorace_mission:/home/rokey-jw/turtlebot3_ws/install/turtlebot3_autorace_detect:/home/rokey-jw/turtlebot3_ws/install/turtlebot3_autorace_camera:/opt/ros/humble /usr/bin/cmake --build /home/rokey-jw/rokeypj_ws/build/turtlebot_cosmo_interface -- -j6 -l6
[6.263s] [  3%] [34m[1mGenerating C code for ROS interfaces[0m
[6.274s] [  6%] [34m[1mGenerating C++ code for ROS interfaces[0m
[6.301s] [  6%] Built target ament_cmake_python_symlink_turtlebot_cosmo_interface
[7.136s] [  9%] [32mBuilding C object CMakeFiles/turtlebot_cosmo_interface__rosidl_generator_c.dir/rosidl_generator_c/turtlebot_cosmo_interface/srv/detail/moveit_control__functions.c.o[0m
[7.241s] [  9%] Built target turtlebot_cosmo_interface__cpp
[7.287s] [ 12%] [34m[1mGenerating C++ type support for eProsima Fast-RTPS[0m
[7.293s] running egg_info
[7.294s] creating turtlebot_cosmo_interface.egg-info
[7.295s] writing turtlebot_cosmo_interface.egg-info/PKG-INFO
[7.296s] writing dependency_links to turtlebot_cosmo_interface.egg-info/dependency_links.txt
[7.308s] [ 16%] [34m[1mGenerating C++ type support dispatch for ROS interfaces[0m
[7.311s] writing top-level names to turtlebot_cosmo_interface.egg-info/top_level.txt
[7.314s] writing manifest file 'turtlebot_cosmo_interface.egg-info/SOURCES.txt'
[7.324s] reading manifest file 'turtlebot_cosmo_interface.egg-info/SOURCES.txt'
[7.325s] writing manifest file 'turtlebot_cosmo_interface.egg-info/SOURCES.txt'
[7.356s] [ 19%] [34m[1mGenerating C++ introspection for ROS interfaces[0m
[7.453s] [ 22%] [32m[1mLinking C shared library libturtlebot_cosmo_interface__rosidl_generator_c.so[0m
[7.493s] [ 22%] Built target ament_cmake_python_build_turtlebot_cosmo_interface_egg
[7.591s] [ 22%] Built target turtlebot_cosmo_interface__rosidl_generator_c
[7.655s] [ 25%] [34m[1mGenerating C type support for eProsima Fast-RTPS[0m
[7.660s] [ 29%] [34m[1mGenerating C introspection for ROS interfaces[0m
[7.692s] [ 32%] [34m[1mGenerating C type support dispatch for ROS interfaces[0m
[8.273s] [ 35%] [32mBuilding CXX object CMakeFiles/turtlebot_cosmo_interface__rosidl_typesupport_cpp.dir/rosidl_typesupport_cpp/turtlebot_cosmo_interface/srv/moveit_control__type_support.cpp.o[0m
[8.301s] [ 38%] [32mBuilding CXX object CMakeFiles/turtlebot_cosmo_interface__rosidl_typesupport_fastrtps_cpp.dir/rosidl_typesupport_fastrtps_cpp/turtlebot_cosmo_interface/srv/detail/dds_fastrtps/moveit_control__type_support.cpp.o[0m
[8.383s] [ 41%] [32mBuilding CXX object CMakeFiles/turtlebot_cosmo_interface__rosidl_typesupport_introspection_cpp.dir/rosidl_typesupport_introspection_cpp/turtlebot_cosmo_interface/srv/detail/moveit_control__type_support.cpp.o[0m
[8.801s] [ 45%] [32mBuilding CXX object CMakeFiles/turtlebot_cosmo_interface__rosidl_typesupport_c.dir/rosidl_typesupport_c/turtlebot_cosmo_interface/srv/moveit_control__type_support.cpp.o[0m
[8.844s] [ 48%] [32mBuilding CXX object CMakeFiles/turtlebot_cosmo_interface__rosidl_typesupport_fastrtps_c.dir/rosidl_typesupport_fastrtps_c/turtlebot_cosmo_interface/srv/detail/moveit_control__type_support_c.cpp.o[0m
[8.940s] [ 51%] [32mBuilding C object CMakeFiles/turtlebot_cosmo_interface__rosidl_typesupport_introspection_c.dir/rosidl_typesupport_introspection_c/turtlebot_cosmo_interface/srv/detail/moveit_control__type_support.c.o[0m
[8.989s] [ 54%] [32m[1mLinking CXX shared library libturtlebot_cosmo_interface__rosidl_typesupport_c.so[0m
[9.144s] [ 54%] Built target turtlebot_cosmo_interface__rosidl_typesupport_c
[9.169s] [ 58%] [32m[1mLinking C shared library libturtlebot_cosmo_interface__rosidl_typesupport_introspection_c.so[0m
[9.389s] [ 58%] Built target turtlebot_cosmo_interface__rosidl_typesupport_introspection_c
[9.463s] [ 61%] [32m[1mLinking CXX shared library libturtlebot_cosmo_interface__rosidl_typesupport_cpp.so[0m
[9.656s] [ 61%] Built target turtlebot_cosmo_interface__rosidl_typesupport_cpp
[9.774s] [ 64%] [32m[1mLinking CXX shared library libturtlebot_cosmo_interface__rosidl_typesupport_introspection_cpp.so[0m
[9.993s] [ 67%] [32m[1mLinking CXX shared library libturtlebot_cosmo_interface__rosidl_typesupport_fastrtps_cpp.so[0m
[10.086s] [ 67%] Built target turtlebot_cosmo_interface__rosidl_typesupport_introspection_cpp
[10.188s] [ 70%] [32m[1mLinking CXX shared library libturtlebot_cosmo_interface__rosidl_typesupport_fastrtps_c.so[0m
[10.199s] [ 70%] Built target turtlebot_cosmo_interface__rosidl_typesupport_fastrtps_cpp
[10.410s] [ 70%] Built target turtlebot_cosmo_interface__rosidl_typesupport_fastrtps_c
[10.530s] [ 70%] Built target turtlebot_cosmo_interface
[10.685s] [ 74%] [34m[1mGenerating Python code for ROS interfaces[0m
[12.538s] [ 74%] Built target turtlebot_cosmo_interface__py
[12.711s] [ 77%] [32mBuilding C object CMakeFiles/turtlebot_cosmo_interface__rosidl_generator_py.dir/rosidl_generator_py/turtlebot_cosmo_interface/srv/_moveit_control_s.c.o[0m
[13.081s] [ 80%] [32m[1mLinking C shared library rosidl_generator_py/turtlebot_cosmo_interface/libturtlebot_cosmo_interface__rosidl_generator_py.so[0m
[13.333s] [ 80%] Built target turtlebot_cosmo_interface__rosidl_generator_py
[13.492s] [ 83%] [32mBuilding C object CMakeFiles/turtlebot_cosmo_interface__rosidl_typesupport_fastrtps_c__pyext.dir/rosidl_generator_py/turtlebot_cosmo_interface/_turtlebot_cosmo_interface_s.ep.rosidl_typesupport_fastrtps_c.c.o[0m
[13.506s] [ 87%] [32mBuilding C object CMakeFiles/turtlebot_cosmo_interface__rosidl_typesupport_introspection_c__pyext.dir/rosidl_generator_py/turtlebot_cosmo_interface/_turtlebot_cosmo_interface_s.ep.rosidl_typesupport_introspection_c.c.o[0m
[13.524s] [ 90%] [32mBuilding C object CMakeFiles/turtlebot_cosmo_interface__rosidl_typesupport_c__pyext.dir/rosidl_generator_py/turtlebot_cosmo_interface/_turtlebot_cosmo_interface_s.ep.rosidl_typesupport_c.c.o[0m
[13.994s] [ 93%] [32m[1mLinking C shared library rosidl_generator_py/turtlebot_cosmo_interface/turtlebot_cosmo_interface_s__rosidl_typesupport_fastrtps_c.cpython-310-aarch64-linux-gnu.so[0m
[14.022s] [ 96%] [32m[1mLinking C shared library rosidl_generator_py/turtlebot_cosmo_interface/turtlebot_cosmo_interface_s__rosidl_typesupport_introspection_c.cpython-310-aarch64-linux-gnu.so[0m
[14.073s] [100%] [32m[1mLinking C shared library rosidl_generator_py/turtlebot_cosmo_interface/turtlebot_cosmo_interface_s__rosidl_typesupport_c.cpython-310-aarch64-linux-gnu.so[0m
[14.228s] [100%] Built target turtlebot_cosmo_interface__rosidl_typesupport_introspection_c__pyext
[14.273s] [100%] Built target turtlebot_cosmo_interface__rosidl_typesupport_fastrtps_c__pyext
[14.291s] [100%] Built target turtlebot_cosmo_interface__rosidl_typesupport_c__pyext
[14.386s] Invoked command in '/home/rokey-jw/rokeypj_ws/build/turtlebot_cosmo_interface' returned '0': CMAKE_PREFIX_PATH=${CMAKE_PREFIX_PATH}:/home/rokey-jw/rokeypj_ws/install/sample_pkg:/home/rokey-jw/rokeypj_ws/install/my_v4l2_camera_launch:/home/rokey-jw/rokeypj_ws/install/lane_follower_pkg:/home/rokey-jw/rokeypj_ws/install/lane_detector:/home/rokey-jw/rokeypj_ws/install/aruco_yolo:/home/rokey-jw/turtlebot3_ws/install/turtlebot3_teleop:/home/rokey-jw/turtlebot3_ws/install/turtlebot3_example:/home/rokey-jw/turtlebot3_ws/install/turtlebot3_autorace_mission:/home/rokey-jw/turtlebot3_ws/install/turtlebot3_autorace_detect:/home/rokey-jw/turtlebot3_ws/install/turtlebot3_autorace_camera:/opt/ros/humble /usr/bin/cmake --build /home/rokey-jw/rokeypj_ws/build/turtlebot_cosmo_interface -- -j6 -l6
[14.389s] Invoking command in '/home/rokey-jw/rokeypj_ws/build/turtlebot_cosmo_interface': CMAKE_PREFIX_PATH=${CMAKE_PREFIX_PATH}:/home/rokey-jw/rokeypj_ws/install/sample_pkg:/home/rokey-jw/rokeypj_ws/install/my_v4l2_camera_launch:/home/rokey-jw/rokeypj_ws/install/lane_follower_pkg:/home/rokey-jw/rokeypj_ws/install/lane_detector:/home/rokey-jw/rokeypj_ws/install/aruco_yolo:/home/rokey-jw/turtlebot3_ws/install/turtlebot3_teleop:/home/rokey-jw/turtlebot3_ws/install/turtlebot3_example:/home/rokey-jw/turtlebot3_ws/install/turtlebot3_autorace_mission:/home/rokey-jw/turtlebot3_ws/install/turtlebot3_autorace_detect:/home/rokey-jw/turtlebot3_ws/install/turtlebot3_autorace_camera:/opt/ros/humble /usr/bin/cmake --install /home/rokey-jw/rokeypj_ws/build/turtlebot_cosmo_interface
[14.435s] -- Install configuration: ""
[14.436s] -- Execute custom install script
[14.437s] -- Symlinking: /home/rokey-jw/rokeypj_ws/install/turtlebot_cosmo_interface/share/ament_index/resource_index/rosidl_interfaces/turtlebot_cosmo_interface
[14.489s] -- Symlinking: /home/rokey-jw/rokeypj_ws/install/turtlebot_cosmo_interface/include/turtlebot_cosmo_interface/turtlebot_cosmo_interface/msg/rosidl_generator_c__visibility_control.h
[14.534s] -- Symlinking: /home/rokey-jw/rokeypj_ws/install/turtlebot_cosmo_interface/include/turtlebot_cosmo_interface/turtlebot_cosmo_interface/srv/detail/moveit_control__functions.h
[14.586s] -- Symlinking: /home/rokey-jw/rokeypj_ws/install/turtlebot_cosmo_interface/include/turtlebot_cosmo_interface/turtlebot_cosmo_interface/srv/detail/moveit_control__struct.h
[14.622s] -- Symlinking: /home/rokey-jw/rokeypj_ws/install/turtlebot_cosmo_interface/include/turtlebot_cosmo_interface/turtlebot_cosmo_interface/srv/detail/moveit_control__type_support.h
[14.666s] -- Symlinking: /home/rokey-jw/rokeypj_ws/install/turtlebot_cosmo_interface/include/turtlebot_cosmo_interface/turtlebot_cosmo_interface/srv/moveit_control.h
[14.698s] -- Symlinking: /home/rokey-jw/rokeypj_ws/install/turtlebot_cosmo_interface/share/turtlebot_cosmo_interface/environment/library_path.sh
[14.719s] -- Symlinking: /home/rokey-jw/rokeypj_ws/install/turtlebot_cosmo_interface/share/turtlebot_cosmo_interface/environment/library_path.dsv
[14.743s] -- Symlinking: /home/rokey-jw/rokeypj_ws/install/turtlebot_cosmo_interface/include/turtlebot_cosmo_interface/turtlebot_cosmo_interface/msg/rosidl_typesupport_fastrtps_c__visibility_control.h
[14.771s] -- Symlinking: /home/rokey-jw/rokeypj_ws/install/turtlebot_cosmo_interface/include/turtlebot_cosmo_interface/turtlebot_cosmo_interface/srv/detail/moveit_control__rosidl_typesupport_fastrtps_c.h
[14.795s] -- Symlinking: /home/rokey-jw/rokeypj_ws/install/turtlebot_cosmo_interface/include/turtlebot_cosmo_interface/turtlebot_cosmo_interface/msg/rosidl_generator_cpp__visibility_control.hpp
[14.817s] -- Symlinking: /home/rokey-jw/rokeypj_ws/install/turtlebot_cosmo_interface/include/turtlebot_cosmo_interface/turtlebot_cosmo_interface/srv/detail/moveit_control__builder.hpp
[14.843s] -- Symlinking: /home/rokey-jw/rokeypj_ws/install/turtlebot_cosmo_interface/include/turtlebot_cosmo_interface/turtlebot_cosmo_interface/srv/detail/moveit_control__struct.hpp
[14.870s] -- Symlinking: /home/rokey-jw/rokeypj_ws/install/turtlebot_cosmo_interface/include/turtlebot_cosmo_interface/turtlebot_cosmo_interface/srv/detail/moveit_control__traits.hpp
[14.893s] -- Symlinking: /home/rokey-jw/rokeypj_ws/install/turtlebot_cosmo_interface/include/turtlebot_cosmo_interface/turtlebot_cosmo_interface/srv/detail/moveit_control__type_support.hpp
[14.916s] -- Symlinking: /home/rokey-jw/rokeypj_ws/install/turtlebot_cosmo_interface/include/turtlebot_cosmo_interface/turtlebot_cosmo_interface/srv/moveit_control.hpp
[14.940s] -- Symlinking: /home/rokey-jw/rokeypj_ws/install/turtlebot_cosmo_interface/include/turtlebot_cosmo_interface/turtlebot_cosmo_interface/msg/rosidl_typesupport_fastrtps_cpp__visibility_control.h
[14.966s] -- Symlinking: /home/rokey-jw/rokeypj_ws/install/turtlebot_cosmo_interface/include/turtlebot_cosmo_interface/turtlebot_cosmo_interface/srv/detail/moveit_control__rosidl_typesupport_fastrtps_cpp.hpp
[14.991s] -- Symlinking: /home/rokey-jw/rokeypj_ws/install/turtlebot_cosmo_interface/include/turtlebot_cosmo_interface/turtlebot_cosmo_interface/msg/rosidl_typesupport_introspection_c__visibility_control.h
[15.014s] -- Symlinking: /home/rokey-jw/rokeypj_ws/install/turtlebot_cosmo_interface/include/turtlebot_cosmo_interface/turtlebot_cosmo_interface/srv/detail/moveit_control__rosidl_typesupport_introspection_c.h
[15.037s] -- Symlinking: /home/rokey-jw/rokeypj_ws/install/turtlebot_cosmo_interface/include/turtlebot_cosmo_interface/turtlebot_cosmo_interface/srv/detail/moveit_control__rosidl_typesupport_introspection_cpp.hpp
[15.100s] -- Symlinking: /home/rokey-jw/rokeypj_ws/install/turtlebot_cosmo_interface/share/turtlebot_cosmo_interface/environment/pythonpath.sh
[15.138s] -- Symlinking: /home/rokey-jw/rokeypj_ws/install/turtlebot_cosmo_interface/share/turtlebot_cosmo_interface/environment/pythonpath.dsv
[15.186s] -- Symlinking: /home/rokey-jw/rokeypj_ws/install/turtlebot_cosmo_interface/local/lib/python3.10/dist-packages/turtlebot_cosmo_interface-0.0.0-py3.10.egg-info/PKG-INFO
[15.223s] -- Symlinking: /home/rokey-jw/rokeypj_ws/install/turtlebot_cosmo_interface/local/lib/python3.10/dist-packages/turtlebot_cosmo_interface-0.0.0-py3.10.egg-info/SOURCES.txt
[15.266s] -- Symlinking: /home/rokey-jw/rokeypj_ws/install/turtlebot_cosmo_interface/local/lib/python3.10/dist-packages/turtlebot_cosmo_interface-0.0.0-py3.10.egg-info/dependency_links.txt
[15.318s] -- Symlinking: /home/rokey-jw/rokeypj_ws/install/turtlebot_cosmo_interface/local/lib/python3.10/dist-packages/turtlebot_cosmo_interface-0.0.0-py3.10.egg-info/top_level.txt
[15.364s] -- Symlinking: /home/rokey-jw/rokeypj_ws/install/turtlebot_cosmo_interface/local/lib/python3.10/dist-packages/turtlebot_cosmo_interface/__init__.py
[15.412s] -- Symlinking: /home/rokey-jw/rokeypj_ws/install/turtlebot_cosmo_interface/local/lib/python3.10/dist-packages/turtlebot_cosmo_interface/_turtlebot_cosmo_interface_s.ep.rosidl_typesupport_c.c
[15.461s] -- Symlinking: /home/rokey-jw/rokeypj_ws/install/turtlebot_cosmo_interface/local/lib/python3.10/dist-packages/turtlebot_cosmo_interface/_turtlebot_cosmo_interface_s.ep.rosidl_typesupport_fastrtps_c.c
[15.506s] -- Symlinking: /home/rokey-jw/rokeypj_ws/install/turtlebot_cosmo_interface/local/lib/python3.10/dist-packages/turtlebot_cosmo_interface/_turtlebot_cosmo_interface_s.ep.rosidl_typesupport_introspection_c.c
[15.544s] -- Symlinking: /home/rokey-jw/rokeypj_ws/install/turtlebot_cosmo_interface/local/lib/python3.10/dist-packages/turtlebot_cosmo_interface/libturtlebot_cosmo_interface__rosidl_generator_py.so
[15.564s] -- Symlinking: /home/rokey-jw/rokeypj_ws/install/turtlebot_cosmo_interface/local/lib/python3.10/dist-packages/turtlebot_cosmo_interface/srv/__init__.py
[15.595s] -- Symlinking: /home/rokey-jw/rokeypj_ws/install/turtlebot_cosmo_interface/local/lib/python3.10/dist-packages/turtlebot_cosmo_interface/srv/_moveit_control.py
[15.616s] -- Symlinking: /home/rokey-jw/rokeypj_ws/install/turtlebot_cosmo_interface/local/lib/python3.10/dist-packages/turtlebot_cosmo_interface/srv/_moveit_control_s.c
[15.660s] -- Symlinking: /home/rokey-jw/rokeypj_ws/install/turtlebot_cosmo_interface/local/lib/python3.10/dist-packages/turtlebot_cosmo_interface/turtlebot_cosmo_interface_s__rosidl_typesupport_c.cpython-310-aarch64-linux-gnu.so
[15.701s] -- Symlinking: /home/rokey-jw/rokeypj_ws/install/turtlebot_cosmo_interface/local/lib/python3.10/dist-packages/turtlebot_cosmo_interface/turtlebot_cosmo_interface_s__rosidl_typesupport_fastrtps_c.cpython-310-aarch64-linux-gnu.so
[15.741s] -- Symlinking: /home/rokey-jw/rokeypj_ws/install/turtlebot_cosmo_interface/local/lib/python3.10/dist-packages/turtlebot_cosmo_interface/turtlebot_cosmo_interface_s__rosidl_typesupport_introspection_c.cpython-310-aarch64-linux-gnu.so
[15.785s] -- Up-to-date symlink: /home/rokey-jw/rokeypj_ws/install/turtlebot_cosmo_interface/local/lib/python3.10/dist-packages/turtlebot_cosmo_interface/turtlebot_cosmo_interface_s__rosidl_typesupport_fastrtps_c.cpython-310-aarch64-linux-gnu.so
[15.785s] -- Up-to-date symlink: /home/rokey-jw/rokeypj_ws/install/turtlebot_cosmo_interface/local/lib/python3.10/dist-packages/turtlebot_cosmo_interface/turtlebot_cosmo_interface_s__rosidl_typesupport_introspection_c.cpython-310-aarch64-linux-gnu.so
[15.786s] -- Up-to-date symlink: /home/rokey-jw/rokeypj_ws/install/turtlebot_cosmo_interface/local/lib/python3.10/dist-packages/turtlebot_cosmo_interface/turtlebot_cosmo_interface_s__rosidl_typesupport_c.cpython-310-aarch64-linux-gnu.so
[15.786s] -- Symlinking: /home/rokey-jw/rokeypj_ws/install/turtlebot_cosmo_interface/share/turtlebot_cosmo_interface/srv/MoveitControl.idl
[15.826s] -- Symlinking: /home/rokey-jw/rokeypj_ws/install/turtlebot_cosmo_interface/share/turtlebot_cosmo_interface/srv/MoveitControl.srv
[15.872s] -- Symlinking: /home/rokey-jw/rokeypj_ws/install/turtlebot_cosmo_interface/share/turtlebot_cosmo_interface/srv/MoveitControl_Request.msg
[15.918s] -- Symlinking: /home/rokey-jw/rokeypj_ws/install/turtlebot_cosmo_interface/share/turtlebot_cosmo_interface/srv/MoveitControl_Response.msg
[15.958s] -- Symlinking: /home/rokey-jw/rokeypj_ws/install/turtlebot_cosmo_interface/share/ament_index/resource_index/package_run_dependencies/turtlebot_cosmo_interface
[15.999s] -- Symlinking: /home/rokey-jw/rokeypj_ws/install/turtlebot_cosmo_interface/share/ament_index/resource_index/parent_prefix_path/turtlebot_cosmo_interface
[16.034s] -- Symlinking: /home/rokey-jw/rokeypj_ws/install/turtlebot_cosmo_interface/share/turtlebot_cosmo_interface/environment/ament_prefix_path.sh
[16.055s] -- Symlinking: /home/rokey-jw/rokeypj_ws/install/turtlebot_cosmo_interface/share/turtlebot_cosmo_interface/environment/ament_prefix_path.dsv
[16.075s] -- Symlinking: /home/rokey-jw/rokeypj_ws/install/turtlebot_cosmo_interface/share/turtlebot_cosmo_interface/environment/path.sh
[16.096s] -- Symlinking: /home/rokey-jw/rokeypj_ws/install/turtlebot_cosmo_interface/share/turtlebot_cosmo_interface/environment/path.dsv
[16.117s] -- Symlinking: /home/rokey-jw/rokeypj_ws/install/turtlebot_cosmo_interface/share/turtlebot_cosmo_interface/local_setup.bash
[16.138s] -- Symlinking: /home/rokey-jw/rokeypj_ws/install/turtlebot_cosmo_interface/share/turtlebot_cosmo_interface/local_setup.sh
[16.158s] -- Symlinking: /home/rokey-jw/rokeypj_ws/install/turtlebot_cosmo_interface/share/turtlebot_cosmo_interface/local_setup.zsh
[16.205s] -- Symlinking: /home/rokey-jw/rokeypj_ws/install/turtlebot_cosmo_interface/share/turtlebot_cosmo_interface/local_setup.dsv
[16.246s] -- Symlinking: /home/rokey-jw/rokeypj_ws/install/turtlebot_cosmo_interface/share/turtlebot_cosmo_interface/package.dsv
[16.293s] -- Symlinking: /home/rokey-jw/rokeypj_ws/install/turtlebot_cosmo_interface/share/ament_index/resource_index/packages/turtlebot_cosmo_interface
[16.340s] -- Symlinking: /home/rokey-jw/rokeypj_ws/install/turtlebot_cosmo_interface/share/turtlebot_cosmo_interface/cmake/rosidl_cmake-extras.cmake
[16.381s] -- Symlinking: /home/rokey-jw/rokeypj_ws/install/turtlebot_cosmo_interface/share/turtlebot_cosmo_interface/cmake/ament_cmake_export_dependencies-extras.cmake
[16.415s] -- Symlinking: /home/rokey-jw/rokeypj_ws/install/turtlebot_cosmo_interface/share/turtlebot_cosmo_interface/cmake/ament_cmake_export_include_directories-extras.cmake
[16.436s] -- Symlinking: /home/rokey-jw/rokeypj_ws/install/turtlebot_cosmo_interface/share/turtlebot_cosmo_interface/cmake/ament_cmake_export_libraries-extras.cmake
[16.458s] -- Symlinking: /home/rokey-jw/rokeypj_ws/install/turtlebot_cosmo_interface/share/turtlebot_cosmo_interface/cmake/ament_cmake_export_targets-extras.cmake
[16.478s] -- Symlinking: /home/rokey-jw/rokeypj_ws/install/turtlebot_cosmo_interface/share/turtlebot_cosmo_interface/cmake/rosidl_cmake_export_typesupport_targets-extras.cmake
[16.500s] -- Symlinking: /home/rokey-jw/rokeypj_ws/install/turtlebot_cosmo_interface/share/turtlebot_cosmo_interface/cmake/rosidl_cmake_export_typesupport_libraries-extras.cmake
[16.521s] -- Symlinking: /home/rokey-jw/rokeypj_ws/install/turtlebot_cosmo_interface/share/turtlebot_cosmo_interface/cmake/turtlebot_cosmo_interfaceConfig.cmake
[16.543s] -- Symlinking: /home/rokey-jw/rokeypj_ws/install/turtlebot_cosmo_interface/share/turtlebot_cosmo_interface/cmake/turtlebot_cosmo_interfaceConfig-version.cmake
[16.565s] -- Symlinking: /home/rokey-jw/rokeypj_ws/install/turtlebot_cosmo_interface/share/turtlebot_cosmo_interface/package.xml
[16.591s] -- Installing: /home/rokey-jw/rokeypj_ws/install/turtlebot_cosmo_interface/lib/libturtlebot_cosmo_interface__rosidl_generator_c.so
[16.591s] -- Set runtime path of "/home/rokey-jw/rokeypj_ws/install/turtlebot_cosmo_interface/lib/libturtlebot_cosmo_interface__rosidl_generator_c.so" to ""
[16.591s] -- Installing: /home/rokey-jw/rokeypj_ws/install/turtlebot_cosmo_interface/lib/libturtlebot_cosmo_interface__rosidl_typesupport_fastrtps_c.so
[16.591s] -- Set runtime path of "/home/rokey-jw/rokeypj_ws/install/turtlebot_cosmo_interface/lib/libturtlebot_cosmo_interface__rosidl_typesupport_fastrtps_c.so" to ""
[16.591s] -- Installing: /home/rokey-jw/rokeypj_ws/install/turtlebot_cosmo_interface/lib/libturtlebot_cosmo_interface__rosidl_typesupport_fastrtps_cpp.so
[16.592s] -- Set runtime path of "/home/rokey-jw/rokeypj_ws/install/turtlebot_cosmo_interface/lib/libturtlebot_cosmo_interface__rosidl_typesupport_fastrtps_cpp.so" to ""
[16.592s] -- Installing: /home/rokey-jw/rokeypj_ws/install/turtlebot_cosmo_interface/lib/libturtlebot_cosmo_interface__rosidl_typesupport_introspection_c.so
[16.592s] -- Set runtime path of "/home/rokey-jw/rokeypj_ws/install/turtlebot_cosmo_interface/lib/libturtlebot_cosmo_interface__rosidl_typesupport_introspection_c.so" to ""
[16.592s] -- Installing: /home/rokey-jw/rokeypj_ws/install/turtlebot_cosmo_interface/lib/libturtlebot_cosmo_interface__rosidl_typesupport_c.so
[16.592s] -- Set runtime path of "/home/rokey-jw/rokeypj_ws/install/turtlebot_cosmo_interface/lib/libturtlebot_cosmo_interface__rosidl_typesupport_c.so" to ""
[16.592s] -- Installing: /home/rokey-jw/rokeypj_ws/install/turtlebot_cosmo_interface/lib/libturtlebot_cosmo_interface__rosidl_typesupport_introspection_cpp.so
[16.592s] -- Set runtime path of "/home/rokey-jw/rokeypj_ws/install/turtlebot_cosmo_interface/lib/libturtlebot_cosmo_interface__rosidl_typesupport_introspection_cpp.so" to ""
[16.592s] -- Installing: /home/rokey-jw/rokeypj_ws/install/turtlebot_cosmo_interface/lib/libturtlebot_cosmo_interface__rosidl_typesupport_cpp.so
[16.593s] -- Set runtime path of "/home/rokey-jw/rokeypj_ws/install/turtlebot_cosmo_interface/lib/libturtlebot_cosmo_interface__rosidl_typesupport_cpp.so" to ""
[16.703s] Listing '/home/rokey-jw/rokeypj_ws/install/turtlebot_cosmo_interface/local/lib/python3.10/dist-packages/turtlebot_cosmo_interface'...
[16.703s] Compiling '/home/rokey-jw/rokeypj_ws/install/turtlebot_cosmo_interface/local/lib/python3.10/dist-packages/turtlebot_cosmo_interface/__init__.py'...
[16.703s] Listing '/home/rokey-jw/rokeypj_ws/install/turtlebot_cosmo_interface/local/lib/python3.10/dist-packages/turtlebot_cosmo_interface/srv'...
[16.703s] Compiling '/home/rokey-jw/rokeypj_ws/install/turtlebot_cosmo_interface/local/lib/python3.10/dist-packages/turtlebot_cosmo_interface/srv/__init__.py'...
[16.704s] Compiling '/home/rokey-jw/rokeypj_ws/install/turtlebot_cosmo_interface/local/lib/python3.10/dist-packages/turtlebot_cosmo_interface/srv/_moveit_control.py'...
[16.729s] -- Installing: /home/rokey-jw/rokeypj_ws/install/turtlebot_cosmo_interface/lib/libturtlebot_cosmo_interface__rosidl_generator_py.so
[16.729s] -- Set runtime path of "/home/rokey-jw/rokeypj_ws/install/turtlebot_cosmo_interface/lib/libturtlebot_cosmo_interface__rosidl_generator_py.so" to ""
[16.729s] -- Installing: /home/rokey-jw/rokeypj_ws/install/turtlebot_cosmo_interface/share/turtlebot_cosmo_interface/cmake/export_turtlebot_cosmo_interface__rosidl_generator_cExport.cmake
[16.729s] -- Installing: /home/rokey-jw/rokeypj_ws/install/turtlebot_cosmo_interface/share/turtlebot_cosmo_interface/cmake/export_turtlebot_cosmo_interface__rosidl_generator_cExport-noconfig.cmake
[16.729s] -- Installing: /home/rokey-jw/rokeypj_ws/install/turtlebot_cosmo_interface/share/turtlebot_cosmo_interface/cmake/export_turtlebot_cosmo_interface__rosidl_typesupport_fastrtps_cExport.cmake
[16.730s] -- Installing: /home/rokey-jw/rokeypj_ws/install/turtlebot_cosmo_interface/share/turtlebot_cosmo_interface/cmake/export_turtlebot_cosmo_interface__rosidl_typesupport_fastrtps_cExport-noconfig.cmake
[16.730s] -- Installing: /home/rokey-jw/rokeypj_ws/install/turtlebot_cosmo_interface/share/turtlebot_cosmo_interface/cmake/export_turtlebot_cosmo_interface__rosidl_generator_cppExport.cmake
[16.730s] -- Installing: /home/rokey-jw/rokeypj_ws/install/turtlebot_cosmo_interface/share/turtlebot_cosmo_interface/cmake/export_turtlebot_cosmo_interface__rosidl_typesupport_fastrtps_cppExport.cmake
[16.730s] -- Installing: /home/rokey-jw/rokeypj_ws/install/turtlebot_cosmo_interface/share/turtlebot_cosmo_interface/cmake/export_turtlebot_cosmo_interface__rosidl_typesupport_fastrtps_cppExport-noconfig.cmake
[16.730s] -- Installing: /home/rokey-jw/rokeypj_ws/install/turtlebot_cosmo_interface/share/turtlebot_cosmo_interface/cmake/turtlebot_cosmo_interface__rosidl_typesupport_introspection_cExport.cmake
[16.730s] -- Installing: /home/rokey-jw/rokeypj_ws/install/turtlebot_cosmo_interface/share/turtlebot_cosmo_interface/cmake/turtlebot_cosmo_interface__rosidl_typesupport_introspection_cExport-noconfig.cmake
[16.730s] -- Installing: /home/rokey-jw/rokeypj_ws/install/turtlebot_cosmo_interface/share/turtlebot_cosmo_interface/cmake/turtlebot_cosmo_interface__rosidl_typesupport_cExport.cmake
[16.730s] -- Installing: /home/rokey-jw/rokeypj_ws/install/turtlebot_cosmo_interface/share/turtlebot_cosmo_interface/cmake/turtlebot_cosmo_interface__rosidl_typesupport_cExport-noconfig.cmake
[16.730s] -- Installing: /home/rokey-jw/rokeypj_ws/install/turtlebot_cosmo_interface/share/turtlebot_cosmo_interface/cmake/turtlebot_cosmo_interface__rosidl_typesupport_introspection_cppExport.cmake
[16.731s] -- Installing: /home/rokey-jw/rokeypj_ws/install/turtlebot_cosmo_interface/share/turtlebot_cosmo_interface/cmake/turtlebot_cosmo_interface__rosidl_typesupport_introspection_cppExport-noconfig.cmake
[16.731s] -- Installing: /home/rokey-jw/rokeypj_ws/install/turtlebot_cosmo_interface/share/turtlebot_cosmo_interface/cmake/turtlebot_cosmo_interface__rosidl_typesupport_cppExport.cmake
[16.731s] -- Installing: /home/rokey-jw/rokeypj_ws/install/turtlebot_cosmo_interface/share/turtlebot_cosmo_interface/cmake/turtlebot_cosmo_interface__rosidl_typesupport_cppExport-noconfig.cmake
[16.731s] -- Installing: /home/rokey-jw/rokeypj_ws/install/turtlebot_cosmo_interface/share/turtlebot_cosmo_interface/cmake/export_turtlebot_cosmo_interface__rosidl_generator_pyExport.cmake
[16.731s] -- Installing: /home/rokey-jw/rokeypj_ws/install/turtlebot_cosmo_interface/share/turtlebot_cosmo_interface/cmake/export_turtlebot_cosmo_interface__rosidl_generator_pyExport-noconfig.cmake
[16.736s] Invoked command in '/home/rokey-jw/rokeypj_ws/build/turtlebot_cosmo_interface' returned '0': CMAKE_PREFIX_PATH=${CMAKE_PREFIX_PATH}:/home/rokey-jw/rokeypj_ws/install/sample_pkg:/home/rokey-jw/rokeypj_ws/install/my_v4l2_camera_launch:/home/rokey-jw/rokeypj_ws/install/lane_follower_pkg:/home/rokey-jw/rokeypj_ws/install/lane_detector:/home/rokey-jw/rokeypj_ws/install/aruco_yolo:/home/rokey-jw/turtlebot3_ws/install/turtlebot3_teleop:/home/rokey-jw/turtlebot3_ws/install/turtlebot3_example:/home/rokey-jw/turtlebot3_ws/install/turtlebot3_autorace_mission:/home/rokey-jw/turtlebot3_ws/install/turtlebot3_autorace_detect:/home/rokey-jw/turtlebot3_ws/install/turtlebot3_autorace_camera:/opt/ros/humble /usr/bin/cmake --install /home/rokey-jw/rokeypj_ws/build/turtlebot_cosmo_interface
