[0.076s] Invoking command in '/home/rokey-jw/rokeypj_ws/build/turtlebot3_msgs': CMAKE_PREFIX_PATH=${CMAKE_PREFIX_PATH}:/home/rokey-jw/rokeypj_ws/install/sample_pkg:/home/rokey-jw/rokeypj_ws/install/my_v4l2_camera_launch:/home/rokey-jw/rokeypj_ws/install/lane_follower_pkg:/home/rokey-jw/rokeypj_ws/install/lane_detector:/home/rokey-jw/rokeypj_ws/install/aruco_yolo:/home/rokey-jw/turtlebot3_ws/install/turtlebot3_teleop:/home/rokey-jw/turtlebot3_ws/install/turtlebot3_example:/home/rokey-jw/turtlebot3_ws/install/turtlebot3_autorace_mission:/home/rokey-jw/turtlebot3_ws/install/turtlebot3_autorace_detect:/home/rokey-jw/turtlebot3_ws/install/turtlebot3_autorace_camera:/opt/ros/humble /usr/bin/cmake --build /home/rokey-jw/rokeypj_ws/build/turtlebot3_msgs -- -j6 -l6
[0.458s] [  1%] Built target turtlebot3_msgs__cpp
[0.470s] [ 12%] Built target turtlebot3_msgs__rosidl_generator_c
[0.543s] [ 12%] Built target ament_cmake_python_symlink_turtlebot3_msgs
[0.625s] [ 23%] Built target turtlebot3_msgs__rosidl_typesupport_cpp
[0.683s] [ 35%] Built target turtlebot3_msgs__rosidl_typesupport_fastrtps_cpp
[0.683s] [ 46%] Built target turtlebot3_msgs__rosidl_typesupport_introspection_cpp
[0.684s] [ 57%] Built target turtlebot3_msgs__rosidl_typesupport_fastrtps_c
[0.824s] [ 69%] Built target turtlebot3_msgs__rosidl_typesupport_c
[0.879s] [ 80%] Built target turtlebot3_msgs__rosidl_typesupport_introspection_c
[1.064s] [ 80%] Built target turtlebot3_msgs
[1.187s] [ 81%] Built target turtlebot3_msgs__py
[1.302s] [ 91%] Built target turtlebot3_msgs__rosidl_generator_py
[1.388s] [ 94%] Built target turtlebot3_msgs__rosidl_typesupport_fastrtps_c__pyext
[1.492s] [ 97%] Built target turtlebot3_msgs__rosidl_typesupport_introspection_c__pyext
[1.526s] [100%] Built target turtlebot3_msgs__rosidl_typesupport_c__pyext
[1.630s] running egg_info
[1.633s] writing turtlebot3_msgs.egg-info/PKG-INFO
[1.633s] writing dependency_links to turtlebot3_msgs.egg-info/dependency_links.txt
[1.633s] writing top-level names to turtlebot3_msgs.egg-info/top_level.txt
[1.644s] reading manifest file 'turtlebot3_msgs.egg-info/SOURCES.txt'
[1.646s] writing manifest file 'turtlebot3_msgs.egg-info/SOURCES.txt'
[1.748s] [100%] Built target ament_cmake_python_build_turtlebot3_msgs_egg
[1.783s] Invoked command in '/home/rokey-jw/rokeypj_ws/build/turtlebot3_msgs' returned '0': CMAKE_PREFIX_PATH=${CMAKE_PREFIX_PATH}:/home/rokey-jw/rokeypj_ws/install/sample_pkg:/home/rokey-jw/rokeypj_ws/install/my_v4l2_camera_launch:/home/rokey-jw/rokeypj_ws/install/lane_follower_pkg:/home/rokey-jw/rokeypj_ws/install/lane_detector:/home/rokey-jw/rokeypj_ws/install/aruco_yolo:/home/rokey-jw/turtlebot3_ws/install/turtlebot3_teleop:/home/rokey-jw/turtlebot3_ws/install/turtlebot3_example:/home/rokey-jw/turtlebot3_ws/install/turtlebot3_autorace_mission:/home/rokey-jw/turtlebot3_ws/install/turtlebot3_autorace_detect:/home/rokey-jw/turtlebot3_ws/install/turtlebot3_autorace_camera:/opt/ros/humble /usr/bin/cmake --build /home/rokey-jw/rokeypj_ws/build/turtlebot3_msgs -- -j6 -l6
[1.784s] Invoking command in '/home/rokey-jw/rokeypj_ws/build/turtlebot3_msgs': CMAKE_PREFIX_PATH=${CMAKE_PREFIX_PATH}:/home/rokey-jw/rokeypj_ws/install/sample_pkg:/home/rokey-jw/rokeypj_ws/install/my_v4l2_camera_launch:/home/rokey-jw/rokeypj_ws/install/lane_follower_pkg:/home/rokey-jw/rokeypj_ws/install/lane_detector:/home/rokey-jw/rokeypj_ws/install/aruco_yolo:/home/rokey-jw/turtlebot3_ws/install/turtlebot3_teleop:/home/rokey-jw/turtlebot3_ws/install/turtlebot3_example:/home/rokey-jw/turtlebot3_ws/install/turtlebot3_autorace_mission:/home/rokey-jw/turtlebot3_ws/install/turtlebot3_autorace_detect:/home/rokey-jw/turtlebot3_ws/install/turtlebot3_autorace_camera:/opt/ros/humble /usr/bin/cmake --install /home/rokey-jw/rokeypj_ws/build/turtlebot3_msgs
[1.806s] -- Install configuration: ""
[1.808s] -- Execute custom install script
[1.809s] -- Up-to-date symlink: /home/rokey-jw/rokeypj_ws/install/turtlebot3_msgs/share/ament_index/resource_index/rosidl_interfaces/turtlebot3_msgs
[1.812s] -- Up-to-date symlink: /home/rokey-jw/rokeypj_ws/install/turtlebot3_msgs/include/turtlebot3_msgs/turtlebot3_msgs/action/detail/patrol__functions.h
[1.812s] -- Up-to-date symlink: /home/rokey-jw/rokeypj_ws/install/turtlebot3_msgs/include/turtlebot3_msgs/turtlebot3_msgs/action/detail/patrol__struct.h
[1.813s] -- Up-to-date symlink: /home/rokey-jw/rokeypj_ws/install/turtlebot3_msgs/include/turtlebot3_msgs/turtlebot3_msgs/action/detail/patrol__type_support.h
[1.813s] -- Up-to-date symlink: /home/rokey-jw/rokeypj_ws/install/turtlebot3_msgs/include/turtlebot3_msgs/turtlebot3_msgs/action/patrol.h
[1.814s] -- Up-to-date symlink: /home/rokey-jw/rokeypj_ws/install/turtlebot3_msgs/include/turtlebot3_msgs/turtlebot3_msgs/msg/detail/sensor_state__functions.h
[1.814s] -- Up-to-date symlink: /home/rokey-jw/rokeypj_ws/install/turtlebot3_msgs/include/turtlebot3_msgs/turtlebot3_msgs/msg/detail/sensor_state__struct.h
[1.815s] -- Up-to-date symlink: /home/rokey-jw/rokeypj_ws/install/turtlebot3_msgs/include/turtlebot3_msgs/turtlebot3_msgs/msg/detail/sensor_state__type_support.h
[1.816s] -- Up-to-date symlink: /home/rokey-jw/rokeypj_ws/install/turtlebot3_msgs/include/turtlebot3_msgs/turtlebot3_msgs/msg/detail/sound__functions.h
[1.817s] -- Up-to-date symlink: /home/rokey-jw/rokeypj_ws/install/turtlebot3_msgs/include/turtlebot3_msgs/turtlebot3_msgs/msg/detail/sound__struct.h
[1.817s] -- Up-to-date symlink: /home/rokey-jw/rokeypj_ws/install/turtlebot3_msgs/include/turtlebot3_msgs/turtlebot3_msgs/msg/detail/sound__type_support.h
[1.817s] -- Up-to-date symlink: /home/rokey-jw/rokeypj_ws/install/turtlebot3_msgs/include/turtlebot3_msgs/turtlebot3_msgs/msg/detail/version_info__functions.h
[1.818s] -- Up-to-date symlink: /home/rokey-jw/rokeypj_ws/install/turtlebot3_msgs/include/turtlebot3_msgs/turtlebot3_msgs/msg/detail/version_info__struct.h
[1.819s] -- Up-to-date symlink: /home/rokey-jw/rokeypj_ws/install/turtlebot3_msgs/include/turtlebot3_msgs/turtlebot3_msgs/msg/detail/version_info__type_support.h
[1.820s] -- Up-to-date symlink: /home/rokey-jw/rokeypj_ws/install/turtlebot3_msgs/include/turtlebot3_msgs/turtlebot3_msgs/msg/rosidl_generator_c__visibility_control.h
[1.821s] -- Up-to-date symlink: /home/rokey-jw/rokeypj_ws/install/turtlebot3_msgs/include/turtlebot3_msgs/turtlebot3_msgs/msg/sensor_state.h
[1.821s] -- Up-to-date symlink: /home/rokey-jw/rokeypj_ws/install/turtlebot3_msgs/include/turtlebot3_msgs/turtlebot3_msgs/msg/sound.h
[1.821s] -- Up-to-date symlink: /home/rokey-jw/rokeypj_ws/install/turtlebot3_msgs/include/turtlebot3_msgs/turtlebot3_msgs/msg/version_info.h
[1.821s] -- Up-to-date symlink: /home/rokey-jw/rokeypj_ws/install/turtlebot3_msgs/include/turtlebot3_msgs/turtlebot3_msgs/srv/detail/dqn__functions.h
[1.821s] -- Up-to-date symlink: /home/rokey-jw/rokeypj_ws/install/turtlebot3_msgs/include/turtlebot3_msgs/turtlebot3_msgs/srv/detail/dqn__struct.h
[1.822s] -- Up-to-date symlink: /home/rokey-jw/rokeypj_ws/install/turtlebot3_msgs/include/turtlebot3_msgs/turtlebot3_msgs/srv/detail/dqn__type_support.h
[1.822s] -- Up-to-date symlink: /home/rokey-jw/rokeypj_ws/install/turtlebot3_msgs/include/turtlebot3_msgs/turtlebot3_msgs/srv/detail/sound__functions.h
[1.823s] -- Up-to-date symlink: /home/rokey-jw/rokeypj_ws/install/turtlebot3_msgs/include/turtlebot3_msgs/turtlebot3_msgs/srv/detail/sound__struct.h
[1.823s] -- Up-to-date symlink: /home/rokey-jw/rokeypj_ws/install/turtlebot3_msgs/include/turtlebot3_msgs/turtlebot3_msgs/srv/detail/sound__type_support.h
[1.823s] -- Up-to-date symlink: /home/rokey-jw/rokeypj_ws/install/turtlebot3_msgs/include/turtlebot3_msgs/turtlebot3_msgs/srv/dqn.h
[1.823s] -- Up-to-date symlink: /home/rokey-jw/rokeypj_ws/install/turtlebot3_msgs/include/turtlebot3_msgs/turtlebot3_msgs/srv/sound.h
[1.824s] -- Up-to-date symlink: /home/rokey-jw/rokeypj_ws/install/turtlebot3_msgs/share/turtlebot3_msgs/environment/library_path.sh
[1.825s] -- Up-to-date symlink: /home/rokey-jw/rokeypj_ws/install/turtlebot3_msgs/share/turtlebot3_msgs/environment/library_path.dsv
[1.825s] -- Up-to-date symlink: /home/rokey-jw/rokeypj_ws/install/turtlebot3_msgs/include/turtlebot3_msgs/turtlebot3_msgs/action/detail/patrol__rosidl_typesupport_fastrtps_c.h
[1.826s] -- Up-to-date symlink: /home/rokey-jw/rokeypj_ws/install/turtlebot3_msgs/include/turtlebot3_msgs/turtlebot3_msgs/msg/detail/sensor_state__rosidl_typesupport_fastrtps_c.h
[1.826s] -- Up-to-date symlink: /home/rokey-jw/rokeypj_ws/install/turtlebot3_msgs/include/turtlebot3_msgs/turtlebot3_msgs/msg/detail/sound__rosidl_typesupport_fastrtps_c.h
[1.826s] -- Up-to-date symlink: /home/rokey-jw/rokeypj_ws/install/turtlebot3_msgs/include/turtlebot3_msgs/turtlebot3_msgs/msg/detail/version_info__rosidl_typesupport_fastrtps_c.h
[1.826s] -- Up-to-date symlink: /home/rokey-jw/rokeypj_ws/install/turtlebot3_msgs/include/turtlebot3_msgs/turtlebot3_msgs/msg/rosidl_typesupport_fastrtps_c__visibility_control.h
[1.827s] -- Up-to-date symlink: /home/rokey-jw/rokeypj_ws/install/turtlebot3_msgs/include/turtlebot3_msgs/turtlebot3_msgs/srv/detail/dqn__rosidl_typesupport_fastrtps_c.h
[1.827s] -- Up-to-date symlink: /home/rokey-jw/rokeypj_ws/install/turtlebot3_msgs/include/turtlebot3_msgs/turtlebot3_msgs/srv/detail/sound__rosidl_typesupport_fastrtps_c.h
[1.827s] -- Up-to-date symlink: /home/rokey-jw/rokeypj_ws/install/turtlebot3_msgs/include/turtlebot3_msgs/turtlebot3_msgs/action/detail/patrol__builder.hpp
[1.827s] -- Up-to-date symlink: /home/rokey-jw/rokeypj_ws/install/turtlebot3_msgs/include/turtlebot3_msgs/turtlebot3_msgs/action/detail/patrol__struct.hpp
[1.827s] -- Up-to-date symlink: /home/rokey-jw/rokeypj_ws/install/turtlebot3_msgs/include/turtlebot3_msgs/turtlebot3_msgs/action/detail/patrol__traits.hpp
[1.828s] -- Up-to-date symlink: /home/rokey-jw/rokeypj_ws/install/turtlebot3_msgs/include/turtlebot3_msgs/turtlebot3_msgs/action/detail/patrol__type_support.hpp
[1.828s] -- Up-to-date symlink: /home/rokey-jw/rokeypj_ws/install/turtlebot3_msgs/include/turtlebot3_msgs/turtlebot3_msgs/action/patrol.hpp
[1.828s] -- Up-to-date symlink: /home/rokey-jw/rokeypj_ws/install/turtlebot3_msgs/include/turtlebot3_msgs/turtlebot3_msgs/msg/detail/sensor_state__builder.hpp
[1.828s] -- Up-to-date symlink: /home/rokey-jw/rokeypj_ws/install/turtlebot3_msgs/include/turtlebot3_msgs/turtlebot3_msgs/msg/detail/sensor_state__struct.hpp
[1.829s] -- Up-to-date symlink: /home/rokey-jw/rokeypj_ws/install/turtlebot3_msgs/include/turtlebot3_msgs/turtlebot3_msgs/msg/detail/sensor_state__traits.hpp
[1.829s] -- Up-to-date symlink: /home/rokey-jw/rokeypj_ws/install/turtlebot3_msgs/include/turtlebot3_msgs/turtlebot3_msgs/msg/detail/sensor_state__type_support.hpp
[1.829s] -- Up-to-date symlink: /home/rokey-jw/rokeypj_ws/install/turtlebot3_msgs/include/turtlebot3_msgs/turtlebot3_msgs/msg/detail/sound__builder.hpp
[1.829s] -- Up-to-date symlink: /home/rokey-jw/rokeypj_ws/install/turtlebot3_msgs/include/turtlebot3_msgs/turtlebot3_msgs/msg/detail/sound__struct.hpp
[1.830s] -- Up-to-date symlink: /home/rokey-jw/rokeypj_ws/install/turtlebot3_msgs/include/turtlebot3_msgs/turtlebot3_msgs/msg/detail/sound__traits.hpp
[1.830s] -- Up-to-date symlink: /home/rokey-jw/rokeypj_ws/install/turtlebot3_msgs/include/turtlebot3_msgs/turtlebot3_msgs/msg/detail/sound__type_support.hpp
[1.830s] -- Up-to-date symlink: /home/rokey-jw/rokeypj_ws/install/turtlebot3_msgs/include/turtlebot3_msgs/turtlebot3_msgs/msg/detail/version_info__builder.hpp
[1.831s] -- Up-to-date symlink: /home/rokey-jw/rokeypj_ws/install/turtlebot3_msgs/include/turtlebot3_msgs/turtlebot3_msgs/msg/detail/version_info__struct.hpp
[1.831s] -- Up-to-date symlink: /home/rokey-jw/rokeypj_ws/install/turtlebot3_msgs/include/turtlebot3_msgs/turtlebot3_msgs/msg/detail/version_info__traits.hpp
[1.831s] -- Up-to-date symlink: /home/rokey-jw/rokeypj_ws/install/turtlebot3_msgs/include/turtlebot3_msgs/turtlebot3_msgs/msg/detail/version_info__type_support.hpp
[1.831s] -- Up-to-date symlink: /home/rokey-jw/rokeypj_ws/install/turtlebot3_msgs/include/turtlebot3_msgs/turtlebot3_msgs/msg/rosidl_generator_cpp__visibility_control.hpp
[1.832s] -- Up-to-date symlink: /home/rokey-jw/rokeypj_ws/install/turtlebot3_msgs/include/turtlebot3_msgs/turtlebot3_msgs/msg/sensor_state.hpp
[1.832s] -- Up-to-date symlink: /home/rokey-jw/rokeypj_ws/install/turtlebot3_msgs/include/turtlebot3_msgs/turtlebot3_msgs/msg/sound.hpp
[1.832s] -- Up-to-date symlink: /home/rokey-jw/rokeypj_ws/install/turtlebot3_msgs/include/turtlebot3_msgs/turtlebot3_msgs/msg/version_info.hpp
[1.832s] -- Up-to-date symlink: /home/rokey-jw/rokeypj_ws/install/turtlebot3_msgs/include/turtlebot3_msgs/turtlebot3_msgs/srv/detail/dqn__builder.hpp
[1.832s] -- Up-to-date symlink: /home/rokey-jw/rokeypj_ws/install/turtlebot3_msgs/include/turtlebot3_msgs/turtlebot3_msgs/srv/detail/dqn__struct.hpp
[1.832s] -- Up-to-date symlink: /home/rokey-jw/rokeypj_ws/install/turtlebot3_msgs/include/turtlebot3_msgs/turtlebot3_msgs/srv/detail/dqn__traits.hpp
[1.832s] -- Up-to-date symlink: /home/rokey-jw/rokeypj_ws/install/turtlebot3_msgs/include/turtlebot3_msgs/turtlebot3_msgs/srv/detail/dqn__type_support.hpp
[1.833s] -- Up-to-date symlink: /home/rokey-jw/rokeypj_ws/install/turtlebot3_msgs/include/turtlebot3_msgs/turtlebot3_msgs/srv/detail/sound__builder.hpp
[1.833s] -- Up-to-date symlink: /home/rokey-jw/rokeypj_ws/install/turtlebot3_msgs/include/turtlebot3_msgs/turtlebot3_msgs/srv/detail/sound__struct.hpp
[1.833s] -- Up-to-date symlink: /home/rokey-jw/rokeypj_ws/install/turtlebot3_msgs/include/turtlebot3_msgs/turtlebot3_msgs/srv/detail/sound__traits.hpp
[1.839s] -- Up-to-date symlink: /home/rokey-jw/rokeypj_ws/install/turtlebot3_msgs/include/turtlebot3_msgs/turtlebot3_msgs/srv/detail/sound__type_support.hpp
[1.841s] -- Up-to-date symlink: /home/rokey-jw/rokeypj_ws/install/turtlebot3_msgs/include/turtlebot3_msgs/turtlebot3_msgs/srv/dqn.hpp
[1.841s] -- Up-to-date symlink: /home/rokey-jw/rokeypj_ws/install/turtlebot3_msgs/include/turtlebot3_msgs/turtlebot3_msgs/srv/sound.hpp
[1.841s] -- Up-to-date symlink: /home/rokey-jw/rokeypj_ws/install/turtlebot3_msgs/include/turtlebot3_msgs/turtlebot3_msgs/action/detail/patrol__rosidl_typesupport_fastrtps_cpp.hpp
[1.842s] -- Up-to-date symlink: /home/rokey-jw/rokeypj_ws/install/turtlebot3_msgs/include/turtlebot3_msgs/turtlebot3_msgs/msg/detail/sensor_state__rosidl_typesupport_fastrtps_cpp.hpp
[1.842s] -- Up-to-date symlink: /home/rokey-jw/rokeypj_ws/install/turtlebot3_msgs/include/turtlebot3_msgs/turtlebot3_msgs/msg/detail/sound__rosidl_typesupport_fastrtps_cpp.hpp
[1.842s] -- Up-to-date symlink: /home/rokey-jw/rokeypj_ws/install/turtlebot3_msgs/include/turtlebot3_msgs/turtlebot3_msgs/msg/detail/version_info__rosidl_typesupport_fastrtps_cpp.hpp
[1.843s] -- Up-to-date symlink: /home/rokey-jw/rokeypj_ws/install/turtlebot3_msgs/include/turtlebot3_msgs/turtlebot3_msgs/msg/rosidl_typesupport_fastrtps_cpp__visibility_control.h
[1.843s] -- Up-to-date symlink: /home/rokey-jw/rokeypj_ws/install/turtlebot3_msgs/include/turtlebot3_msgs/turtlebot3_msgs/srv/detail/dqn__rosidl_typesupport_fastrtps_cpp.hpp
[1.843s] -- Up-to-date symlink: /home/rokey-jw/rokeypj_ws/install/turtlebot3_msgs/include/turtlebot3_msgs/turtlebot3_msgs/srv/detail/sound__rosidl_typesupport_fastrtps_cpp.hpp
[1.843s] -- Up-to-date symlink: /home/rokey-jw/rokeypj_ws/install/turtlebot3_msgs/include/turtlebot3_msgs/turtlebot3_msgs/action/detail/patrol__rosidl_typesupport_introspection_c.h
[1.844s] -- Up-to-date symlink: /home/rokey-jw/rokeypj_ws/install/turtlebot3_msgs/include/turtlebot3_msgs/turtlebot3_msgs/msg/detail/sensor_state__rosidl_typesupport_introspection_c.h
[1.844s] -- Up-to-date symlink: /home/rokey-jw/rokeypj_ws/install/turtlebot3_msgs/include/turtlebot3_msgs/turtlebot3_msgs/msg/detail/sound__rosidl_typesupport_introspection_c.h
[1.844s] -- Up-to-date symlink: /home/rokey-jw/rokeypj_ws/install/turtlebot3_msgs/include/turtlebot3_msgs/turtlebot3_msgs/msg/detail/version_info__rosidl_typesupport_introspection_c.h
[1.844s] -- Up-to-date symlink: /home/rokey-jw/rokeypj_ws/install/turtlebot3_msgs/include/turtlebot3_msgs/turtlebot3_msgs/msg/rosidl_typesupport_introspection_c__visibility_control.h
[1.844s] -- Up-to-date symlink: /home/rokey-jw/rokeypj_ws/install/turtlebot3_msgs/include/turtlebot3_msgs/turtlebot3_msgs/srv/detail/dqn__rosidl_typesupport_introspection_c.h
[1.845s] -- Up-to-date symlink: /home/rokey-jw/rokeypj_ws/install/turtlebot3_msgs/include/turtlebot3_msgs/turtlebot3_msgs/srv/detail/sound__rosidl_typesupport_introspection_c.h
[1.845s] -- Up-to-date symlink: /home/rokey-jw/rokeypj_ws/install/turtlebot3_msgs/include/turtlebot3_msgs/turtlebot3_msgs/action/detail/patrol__rosidl_typesupport_introspection_cpp.hpp
[1.845s] -- Up-to-date symlink: /home/rokey-jw/rokeypj_ws/install/turtlebot3_msgs/include/turtlebot3_msgs/turtlebot3_msgs/msg/detail/sensor_state__rosidl_typesupport_introspection_cpp.hpp
[1.845s] -- Up-to-date symlink: /home/rokey-jw/rokeypj_ws/install/turtlebot3_msgs/include/turtlebot3_msgs/turtlebot3_msgs/msg/detail/sound__rosidl_typesupport_introspection_cpp.hpp
[1.845s] -- Up-to-date symlink: /home/rokey-jw/rokeypj_ws/install/turtlebot3_msgs/include/turtlebot3_msgs/turtlebot3_msgs/msg/detail/version_info__rosidl_typesupport_introspection_cpp.hpp
[1.846s] -- Up-to-date symlink: /home/rokey-jw/rokeypj_ws/install/turtlebot3_msgs/include/turtlebot3_msgs/turtlebot3_msgs/srv/detail/dqn__rosidl_typesupport_introspection_cpp.hpp
[1.846s] -- Up-to-date symlink: /home/rokey-jw/rokeypj_ws/install/turtlebot3_msgs/include/turtlebot3_msgs/turtlebot3_msgs/srv/detail/sound__rosidl_typesupport_introspection_cpp.hpp
[1.846s] -- Up-to-date symlink: /home/rokey-jw/rokeypj_ws/install/turtlebot3_msgs/share/turtlebot3_msgs/environment/pythonpath.sh
[1.846s] -- Up-to-date symlink: /home/rokey-jw/rokeypj_ws/install/turtlebot3_msgs/share/turtlebot3_msgs/environment/pythonpath.dsv
[1.851s] -- Up-to-date symlink: /home/rokey-jw/rokeypj_ws/install/turtlebot3_msgs/local/lib/python3.10/dist-packages/turtlebot3_msgs-2.3.0-py3.10.egg-info/PKG-INFO
[1.851s] -- Up-to-date symlink: /home/rokey-jw/rokeypj_ws/install/turtlebot3_msgs/local/lib/python3.10/dist-packages/turtlebot3_msgs-2.3.0-py3.10.egg-info/SOURCES.txt
[1.852s] -- Up-to-date symlink: /home/rokey-jw/rokeypj_ws/install/turtlebot3_msgs/local/lib/python3.10/dist-packages/turtlebot3_msgs-2.3.0-py3.10.egg-info/dependency_links.txt
[1.853s] -- Up-to-date symlink: /home/rokey-jw/rokeypj_ws/install/turtlebot3_msgs/local/lib/python3.10/dist-packages/turtlebot3_msgs-2.3.0-py3.10.egg-info/top_level.txt
[1.853s] -- Up-to-date symlink: /home/rokey-jw/rokeypj_ws/install/turtlebot3_msgs/local/lib/python3.10/dist-packages/turtlebot3_msgs/__init__.py
[1.853s] -- Up-to-date symlink: /home/rokey-jw/rokeypj_ws/install/turtlebot3_msgs/local/lib/python3.10/dist-packages/turtlebot3_msgs/_turtlebot3_msgs_s.ep.rosidl_typesupport_c.c
[1.853s] -- Up-to-date symlink: /home/rokey-jw/rokeypj_ws/install/turtlebot3_msgs/local/lib/python3.10/dist-packages/turtlebot3_msgs/_turtlebot3_msgs_s.ep.rosidl_typesupport_fastrtps_c.c
[1.854s] -- Up-to-date symlink: /home/rokey-jw/rokeypj_ws/install/turtlebot3_msgs/local/lib/python3.10/dist-packages/turtlebot3_msgs/_turtlebot3_msgs_s.ep.rosidl_typesupport_introspection_c.c
[1.854s] -- Up-to-date symlink: /home/rokey-jw/rokeypj_ws/install/turtlebot3_msgs/local/lib/python3.10/dist-packages/turtlebot3_msgs/action/__init__.py
[1.855s] -- Up-to-date symlink: /home/rokey-jw/rokeypj_ws/install/turtlebot3_msgs/local/lib/python3.10/dist-packages/turtlebot3_msgs/action/_patrol.py
[1.856s] -- Up-to-date symlink: /home/rokey-jw/rokeypj_ws/install/turtlebot3_msgs/local/lib/python3.10/dist-packages/turtlebot3_msgs/action/_patrol_s.c
[1.856s] -- Up-to-date symlink: /home/rokey-jw/rokeypj_ws/install/turtlebot3_msgs/local/lib/python3.10/dist-packages/turtlebot3_msgs/libturtlebot3_msgs__rosidl_generator_py.so
[1.857s] -- Up-to-date symlink: /home/rokey-jw/rokeypj_ws/install/turtlebot3_msgs/local/lib/python3.10/dist-packages/turtlebot3_msgs/msg/__init__.py
[1.857s] -- Up-to-date symlink: /home/rokey-jw/rokeypj_ws/install/turtlebot3_msgs/local/lib/python3.10/dist-packages/turtlebot3_msgs/msg/_sensor_state.py
[1.857s] -- Up-to-date symlink: /home/rokey-jw/rokeypj_ws/install/turtlebot3_msgs/local/lib/python3.10/dist-packages/turtlebot3_msgs/msg/_sensor_state_s.c
[1.858s] -- Up-to-date symlink: /home/rokey-jw/rokeypj_ws/install/turtlebot3_msgs/local/lib/python3.10/dist-packages/turtlebot3_msgs/msg/_sound.py
[1.858s] -- Up-to-date symlink: /home/rokey-jw/rokeypj_ws/install/turtlebot3_msgs/local/lib/python3.10/dist-packages/turtlebot3_msgs/msg/_sound_s.c
[1.859s] -- Up-to-date symlink: /home/rokey-jw/rokeypj_ws/install/turtlebot3_msgs/local/lib/python3.10/dist-packages/turtlebot3_msgs/msg/_version_info.py
[1.859s] -- Up-to-date symlink: /home/rokey-jw/rokeypj_ws/install/turtlebot3_msgs/local/lib/python3.10/dist-packages/turtlebot3_msgs/msg/_version_info_s.c
[1.859s] -- Up-to-date symlink: /home/rokey-jw/rokeypj_ws/install/turtlebot3_msgs/local/lib/python3.10/dist-packages/turtlebot3_msgs/srv/__init__.py
[1.860s] -- Up-to-date symlink: /home/rokey-jw/rokeypj_ws/install/turtlebot3_msgs/local/lib/python3.10/dist-packages/turtlebot3_msgs/srv/_dqn.py
[1.860s] -- Up-to-date symlink: /home/rokey-jw/rokeypj_ws/install/turtlebot3_msgs/local/lib/python3.10/dist-packages/turtlebot3_msgs/srv/_dqn_s.c
[1.860s] -- Up-to-date symlink: /home/rokey-jw/rokeypj_ws/install/turtlebot3_msgs/local/lib/python3.10/dist-packages/turtlebot3_msgs/srv/_sound.py
[1.860s] -- Up-to-date symlink: /home/rokey-jw/rokeypj_ws/install/turtlebot3_msgs/local/lib/python3.10/dist-packages/turtlebot3_msgs/srv/_sound_s.c
[1.861s] -- Up-to-date symlink: /home/rokey-jw/rokeypj_ws/install/turtlebot3_msgs/local/lib/python3.10/dist-packages/turtlebot3_msgs/turtlebot3_msgs_s__rosidl_typesupport_c.cpython-310-aarch64-linux-gnu.so
[1.861s] -- Up-to-date symlink: /home/rokey-jw/rokeypj_ws/install/turtlebot3_msgs/local/lib/python3.10/dist-packages/turtlebot3_msgs/turtlebot3_msgs_s__rosidl_typesupport_fastrtps_c.cpython-310-aarch64-linux-gnu.so
[1.861s] -- Up-to-date symlink: /home/rokey-jw/rokeypj_ws/install/turtlebot3_msgs/local/lib/python3.10/dist-packages/turtlebot3_msgs/turtlebot3_msgs_s__rosidl_typesupport_introspection_c.cpython-310-aarch64-linux-gnu.so
[1.862s] -- Up-to-date symlink: /home/rokey-jw/rokeypj_ws/install/turtlebot3_msgs/local/lib/python3.10/dist-packages/turtlebot3_msgs/turtlebot3_msgs_s__rosidl_typesupport_fastrtps_c.cpython-310-aarch64-linux-gnu.so
[1.864s] -- Up-to-date symlink: /home/rokey-jw/rokeypj_ws/install/turtlebot3_msgs/local/lib/python3.10/dist-packages/turtlebot3_msgs/turtlebot3_msgs_s__rosidl_typesupport_introspection_c.cpython-310-aarch64-linux-gnu.so
[1.865s] -- Up-to-date symlink: /home/rokey-jw/rokeypj_ws/install/turtlebot3_msgs/local/lib/python3.10/dist-packages/turtlebot3_msgs/turtlebot3_msgs_s__rosidl_typesupport_c.cpython-310-aarch64-linux-gnu.so
[1.865s] -- Up-to-date symlink: /home/rokey-jw/rokeypj_ws/install/turtlebot3_msgs/share/turtlebot3_msgs/msg/SensorState.idl
[1.865s] -- Up-to-date symlink: /home/rokey-jw/rokeypj_ws/install/turtlebot3_msgs/share/turtlebot3_msgs/msg/Sound.idl
[1.866s] -- Up-to-date symlink: /home/rokey-jw/rokeypj_ws/install/turtlebot3_msgs/share/turtlebot3_msgs/msg/VersionInfo.idl
[1.866s] -- Up-to-date symlink: /home/rokey-jw/rokeypj_ws/install/turtlebot3_msgs/share/turtlebot3_msgs/srv/Sound.idl
[1.866s] -- Up-to-date symlink: /home/rokey-jw/rokeypj_ws/install/turtlebot3_msgs/share/turtlebot3_msgs/srv/Dqn.idl
[1.866s] -- Up-to-date symlink: /home/rokey-jw/rokeypj_ws/install/turtlebot3_msgs/share/turtlebot3_msgs/action/Patrol.idl
[1.867s] -- Up-to-date symlink: /home/rokey-jw/rokeypj_ws/install/turtlebot3_msgs/share/turtlebot3_msgs/msg/SensorState.msg
[1.867s] -- Up-to-date symlink: /home/rokey-jw/rokeypj_ws/install/turtlebot3_msgs/share/turtlebot3_msgs/msg/Sound.msg
[1.867s] -- Up-to-date symlink: /home/rokey-jw/rokeypj_ws/install/turtlebot3_msgs/share/turtlebot3_msgs/msg/VersionInfo.msg
[1.868s] -- Up-to-date symlink: /home/rokey-jw/rokeypj_ws/install/turtlebot3_msgs/share/turtlebot3_msgs/srv/Sound.srv
[1.868s] -- Up-to-date symlink: /home/rokey-jw/rokeypj_ws/install/turtlebot3_msgs/share/turtlebot3_msgs/srv/Sound_Request.msg
[1.868s] -- Up-to-date symlink: /home/rokey-jw/rokeypj_ws/install/turtlebot3_msgs/share/turtlebot3_msgs/srv/Sound_Response.msg
[1.868s] -- Up-to-date symlink: /home/rokey-jw/rokeypj_ws/install/turtlebot3_msgs/share/turtlebot3_msgs/srv/Dqn.srv
[1.869s] -- Up-to-date symlink: /home/rokey-jw/rokeypj_ws/install/turtlebot3_msgs/share/turtlebot3_msgs/srv/Dqn_Request.msg
[1.869s] -- Up-to-date symlink: /home/rokey-jw/rokeypj_ws/install/turtlebot3_msgs/share/turtlebot3_msgs/srv/Dqn_Response.msg
[1.869s] -- Up-to-date symlink: /home/rokey-jw/rokeypj_ws/install/turtlebot3_msgs/share/turtlebot3_msgs/action/Patrol.action
[1.869s] -- Up-to-date symlink: /home/rokey-jw/rokeypj_ws/install/turtlebot3_msgs/share/ament_index/resource_index/package_run_dependencies/turtlebot3_msgs
[1.870s] -- Up-to-date symlink: /home/rokey-jw/rokeypj_ws/install/turtlebot3_msgs/share/ament_index/resource_index/parent_prefix_path/turtlebot3_msgs
[1.870s] -- Up-to-date symlink: /home/rokey-jw/rokeypj_ws/install/turtlebot3_msgs/share/turtlebot3_msgs/environment/ament_prefix_path.sh
[1.870s] -- Up-to-date symlink: /home/rokey-jw/rokeypj_ws/install/turtlebot3_msgs/share/turtlebot3_msgs/environment/ament_prefix_path.dsv
[1.870s] -- Up-to-date symlink: /home/rokey-jw/rokeypj_ws/install/turtlebot3_msgs/share/turtlebot3_msgs/environment/path.sh
[1.871s] -- Up-to-date symlink: /home/rokey-jw/rokeypj_ws/install/turtlebot3_msgs/share/turtlebot3_msgs/environment/path.dsv
[1.871s] -- Up-to-date symlink: /home/rokey-jw/rokeypj_ws/install/turtlebot3_msgs/share/turtlebot3_msgs/local_setup.bash
[1.871s] -- Up-to-date symlink: /home/rokey-jw/rokeypj_ws/install/turtlebot3_msgs/share/turtlebot3_msgs/local_setup.sh
[1.873s] -- Up-to-date symlink: /home/rokey-jw/rokeypj_ws/install/turtlebot3_msgs/share/turtlebot3_msgs/local_setup.zsh
[1.877s] -- Up-to-date symlink: /home/rokey-jw/rokeypj_ws/install/turtlebot3_msgs/share/turtlebot3_msgs/local_setup.dsv
[1.878s] -- Symlinking: /home/rokey-jw/rokeypj_ws/install/turtlebot3_msgs/share/turtlebot3_msgs/package.dsv
[1.883s] -- Up-to-date symlink: /home/rokey-jw/rokeypj_ws/install/turtlebot3_msgs/share/ament_index/resource_index/packages/turtlebot3_msgs
[1.884s] -- Up-to-date symlink: /home/rokey-jw/rokeypj_ws/install/turtlebot3_msgs/share/turtlebot3_msgs/cmake/rosidl_cmake-extras.cmake
[1.884s] -- Up-to-date symlink: /home/rokey-jw/rokeypj_ws/install/turtlebot3_msgs/share/turtlebot3_msgs/cmake/ament_cmake_export_dependencies-extras.cmake
[1.885s] -- Up-to-date symlink: /home/rokey-jw/rokeypj_ws/install/turtlebot3_msgs/share/turtlebot3_msgs/cmake/ament_cmake_export_include_directories-extras.cmake
[1.886s] -- Up-to-date symlink: /home/rokey-jw/rokeypj_ws/install/turtlebot3_msgs/share/turtlebot3_msgs/cmake/ament_cmake_export_libraries-extras.cmake
[1.886s] -- Up-to-date symlink: /home/rokey-jw/rokeypj_ws/install/turtlebot3_msgs/share/turtlebot3_msgs/cmake/ament_cmake_export_targets-extras.cmake
[1.888s] -- Up-to-date symlink: /home/rokey-jw/rokeypj_ws/install/turtlebot3_msgs/share/turtlebot3_msgs/cmake/rosidl_cmake_export_typesupport_targets-extras.cmake
[1.888s] -- Up-to-date symlink: /home/rokey-jw/rokeypj_ws/install/turtlebot3_msgs/share/turtlebot3_msgs/cmake/rosidl_cmake_export_typesupport_libraries-extras.cmake
[1.889s] -- Up-to-date symlink: /home/rokey-jw/rokeypj_ws/install/turtlebot3_msgs/share/turtlebot3_msgs/cmake/turtlebot3_msgsConfig.cmake
[1.889s] -- Up-to-date symlink: /home/rokey-jw/rokeypj_ws/install/turtlebot3_msgs/share/turtlebot3_msgs/cmake/turtlebot3_msgsConfig-version.cmake
[1.890s] -- Up-to-date symlink: /home/rokey-jw/rokeypj_ws/install/turtlebot3_msgs/share/turtlebot3_msgs/package.xml
[1.890s] -- Up-to-date: /home/rokey-jw/rokeypj_ws/install/turtlebot3_msgs/lib/libturtlebot3_msgs__rosidl_generator_c.so
[1.890s] -- Up-to-date: /home/rokey-jw/rokeypj_ws/install/turtlebot3_msgs/lib/libturtlebot3_msgs__rosidl_typesupport_fastrtps_c.so
[1.891s] -- Up-to-date: /home/rokey-jw/rokeypj_ws/install/turtlebot3_msgs/lib/libturtlebot3_msgs__rosidl_typesupport_fastrtps_cpp.so
[1.891s] -- Up-to-date: /home/rokey-jw/rokeypj_ws/install/turtlebot3_msgs/lib/libturtlebot3_msgs__rosidl_typesupport_introspection_c.so
[1.892s] -- Up-to-date: /home/rokey-jw/rokeypj_ws/install/turtlebot3_msgs/lib/libturtlebot3_msgs__rosidl_typesupport_c.so
[1.892s] -- Up-to-date: /home/rokey-jw/rokeypj_ws/install/turtlebot3_msgs/lib/libturtlebot3_msgs__rosidl_typesupport_introspection_cpp.so
[1.892s] -- Up-to-date: /home/rokey-jw/rokeypj_ws/install/turtlebot3_msgs/lib/libturtlebot3_msgs__rosidl_typesupport_cpp.so
[1.999s] Listing '/home/rokey-jw/rokeypj_ws/install/turtlebot3_msgs/local/lib/python3.10/dist-packages/turtlebot3_msgs'...
[1.999s] Listing '/home/rokey-jw/rokeypj_ws/install/turtlebot3_msgs/local/lib/python3.10/dist-packages/turtlebot3_msgs/action'...
[1.999s] Listing '/home/rokey-jw/rokeypj_ws/install/turtlebot3_msgs/local/lib/python3.10/dist-packages/turtlebot3_msgs/msg'...
[2.000s] Listing '/home/rokey-jw/rokeypj_ws/install/turtlebot3_msgs/local/lib/python3.10/dist-packages/turtlebot3_msgs/srv'...
[2.016s] -- Up-to-date: /home/rokey-jw/rokeypj_ws/install/turtlebot3_msgs/lib/libturtlebot3_msgs__rosidl_generator_py.so
[2.016s] -- Up-to-date: /home/rokey-jw/rokeypj_ws/install/turtlebot3_msgs/share/turtlebot3_msgs/cmake/export_turtlebot3_msgs__rosidl_generator_cExport.cmake
[2.016s] -- Up-to-date: /home/rokey-jw/rokeypj_ws/install/turtlebot3_msgs/share/turtlebot3_msgs/cmake/export_turtlebot3_msgs__rosidl_generator_cExport-noconfig.cmake
[2.017s] -- Up-to-date: /home/rokey-jw/rokeypj_ws/install/turtlebot3_msgs/share/turtlebot3_msgs/cmake/export_turtlebot3_msgs__rosidl_typesupport_fastrtps_cExport.cmake
[2.017s] -- Up-to-date: /home/rokey-jw/rokeypj_ws/install/turtlebot3_msgs/share/turtlebot3_msgs/cmake/export_turtlebot3_msgs__rosidl_typesupport_fastrtps_cExport-noconfig.cmake
[2.017s] -- Up-to-date: /home/rokey-jw/rokeypj_ws/install/turtlebot3_msgs/share/turtlebot3_msgs/cmake/export_turtlebot3_msgs__rosidl_generator_cppExport.cmake
[2.017s] -- Up-to-date: /home/rokey-jw/rokeypj_ws/install/turtlebot3_msgs/share/turtlebot3_msgs/cmake/export_turtlebot3_msgs__rosidl_typesupport_fastrtps_cppExport.cmake
[2.018s] -- Up-to-date: /home/rokey-jw/rokeypj_ws/install/turtlebot3_msgs/share/turtlebot3_msgs/cmake/export_turtlebot3_msgs__rosidl_typesupport_fastrtps_cppExport-noconfig.cmake
[2.018s] -- Up-to-date: /home/rokey-jw/rokeypj_ws/install/turtlebot3_msgs/share/turtlebot3_msgs/cmake/turtlebot3_msgs__rosidl_typesupport_introspection_cExport.cmake
[2.018s] -- Up-to-date: /home/rokey-jw/rokeypj_ws/install/turtlebot3_msgs/share/turtlebot3_msgs/cmake/turtlebot3_msgs__rosidl_typesupport_introspection_cExport-noconfig.cmake
[2.018s] -- Up-to-date: /home/rokey-jw/rokeypj_ws/install/turtlebot3_msgs/share/turtlebot3_msgs/cmake/turtlebot3_msgs__rosidl_typesupport_cExport.cmake
[2.018s] -- Up-to-date: /home/rokey-jw/rokeypj_ws/install/turtlebot3_msgs/share/turtlebot3_msgs/cmake/turtlebot3_msgs__rosidl_typesupport_cExport-noconfig.cmake
[2.018s] -- Up-to-date: /home/rokey-jw/rokeypj_ws/install/turtlebot3_msgs/share/turtlebot3_msgs/cmake/turtlebot3_msgs__rosidl_typesupport_introspection_cppExport.cmake
[2.018s] -- Up-to-date: /home/rokey-jw/rokeypj_ws/install/turtlebot3_msgs/share/turtlebot3_msgs/cmake/turtlebot3_msgs__rosidl_typesupport_introspection_cppExport-noconfig.cmake
[2.019s] -- Up-to-date: /home/rokey-jw/rokeypj_ws/install/turtlebot3_msgs/share/turtlebot3_msgs/cmake/turtlebot3_msgs__rosidl_typesupport_cppExport.cmake
[2.019s] -- Up-to-date: /home/rokey-jw/rokeypj_ws/install/turtlebot3_msgs/share/turtlebot3_msgs/cmake/turtlebot3_msgs__rosidl_typesupport_cppExport-noconfig.cmake
[2.019s] -- Up-to-date: /home/rokey-jw/rokeypj_ws/install/turtlebot3_msgs/share/turtlebot3_msgs/cmake/export_turtlebot3_msgs__rosidl_generator_pyExport.cmake
[2.019s] -- Up-to-date: /home/rokey-jw/rokeypj_ws/install/turtlebot3_msgs/share/turtlebot3_msgs/cmake/export_turtlebot3_msgs__rosidl_generator_pyExport-noconfig.cmake
[2.027s] Invoked command in '/home/rokey-jw/rokeypj_ws/build/turtlebot3_msgs' returned '0': CMAKE_PREFIX_PATH=${CMAKE_PREFIX_PATH}:/home/rokey-jw/rokeypj_ws/install/sample_pkg:/home/rokey-jw/rokeypj_ws/install/my_v4l2_camera_launch:/home/rokey-jw/rokeypj_ws/install/lane_follower_pkg:/home/rokey-jw/rokeypj_ws/install/lane_detector:/home/rokey-jw/rokeypj_ws/install/aruco_yolo:/home/rokey-jw/turtlebot3_ws/install/turtlebot3_teleop:/home/rokey-jw/turtlebot3_ws/install/turtlebot3_example:/home/rokey-jw/turtlebot3_ws/install/turtlebot3_autorace_mission:/home/rokey-jw/turtlebot3_ws/install/turtlebot3_autorace_detect:/home/rokey-jw/turtlebot3_ws/install/turtlebot3_autorace_camera:/opt/ros/humble /usr/bin/cmake --install /home/rokey-jw/rokeypj_ws/build/turtlebot3_msgs
