[0.141s] Invoking command in '/home/rokey-jw/rokeypj_ws/build/ld08_driver': CMAKE_PREFIX_PATH=${CMAKE_PREFIX_PATH}:/home/rokey-jw/rokeypj_ws/install/sample_pkg:/home/rokey-jw/rokeypj_ws/install/my_v4l2_camera_launch:/home/rokey-jw/rokeypj_ws/install/lane_follower_pkg:/home/rokey-jw/rokeypj_ws/install/lane_detector:/home/rokey-jw/rokeypj_ws/install/aruco_yolo:/home/rokey-jw/turtlebot3_ws/install/turtlebot3_teleop:/home/rokey-jw/turtlebot3_ws/install/turtlebot3_example:/home/rokey-jw/turtlebot3_ws/install/turtlebot3_autorace_mission:/home/rokey-jw/turtlebot3_ws/install/turtlebot3_autorace_detect:/home/rokey-jw/turtlebot3_ws/install/turtlebot3_autorace_camera:/opt/ros/humble /usr/bin/cmake /home/rokey-jw/rokeypj_ws/src/ld08_driver -DAMENT_CMAKE_SYMLINK_INSTALL=1 -DCMAKE_INSTALL_PREFIX=/home/rokey-jw/rokeypj_ws/install/ld08_driver
[0.327s] -- The C compiler identification is GNU 11.4.0
[0.454s] -- The CXX compiler identification is GNU 11.4.0
[0.469s] -- Detecting C compiler ABI info
[0.659s] -- Detecting C compiler ABI info - done
[0.672s] -- Check for working C compiler: /usr/bin/cc - skipped
[0.673s] -- Detecting C compile features
[0.676s] -- Detecting C compile features - done
[0.699s] -- Detecting CXX compiler ABI info
[0.899s] -- Detecting CXX compiler ABI info - done
[0.903s] -- Check for working CXX compiler: /usr/bin/c++ - skipped
[0.904s] -- Detecting CXX compile features
[0.905s] -- Detecting CXX compile features - done
[0.918s] -- Found ament_cmake: 1.3.11 (/opt/ros/humble/share/ament_cmake/cmake)
[1.487s] -- Found Python3: /usr/bin/python3 (found version "3.10.12") found components: Interpreter 
[1.891s] -- Override CMake install command with custom implementation using symlinks instead of copying resources
[2.145s] -- Found rclcpp: 16.0.12 (/opt/ros/humble/share/rclcpp/cmake)
[2.370s] -- Found rosidl_generator_c: 3.1.6 (/opt/ros/humble/share/rosidl_generator_c/cmake)
[2.444s] -- Found rosidl_adapter: 3.1.6 (/opt/ros/humble/share/rosidl_adapter/cmake)
[2.536s] -- Found rosidl_generator_cpp: 3.1.6 (/opt/ros/humble/share/rosidl_generator_cpp/cmake)
[2.604s] -- Using all available rosidl_typesupport_c: rosidl_typesupport_fastrtps_c;rosidl_typesupport_introspection_c
[2.680s] -- Using all available rosidl_typesupport_cpp: rosidl_typesupport_fastrtps_cpp;rosidl_typesupport_introspection_cpp
[2.978s] -- Found rmw_implementation_cmake: 6.1.2 (/opt/ros/humble/share/rmw_implementation_cmake/cmake)
[3.020s] -- Found rmw_cyclonedds_cpp: 1.3.4 (/opt/ros/humble/share/rmw_cyclonedds_cpp/cmake)
[3.160s] -- Using RMW implementation 'rmw_cyclonedds_cpp' as default
[3.216s] -- Looking for pthread.h
[3.723s] -- Looking for pthread.h - found
[3.724s] -- Performing Test CMAKE_HAVE_LIBC_PTHREAD
[4.185s] -- Performing Test CMAKE_HAVE_LIBC_PTHREAD - Success
[4.187s] -- Found Threads: TRUE  
[4.493s] -- Found sensor_msgs: 4.8.0 (/opt/ros/humble/share/sensor_msgs/cmake)
[4.689s] -- Found Boost: /usr/lib/aarch64-linux-gnu/cmake/Boost-1.74.0/BoostConfig.cmake (found version "1.74.0") found components: system 
[4.705s] -- Found ament_lint_auto: 0.12.12 (/opt/ros/humble/share/ament_lint_auto/cmake)
[4.941s] -- Configuring done
[4.988s] -- Generating done
[4.995s] -- Build files have been written to: /home/rokey-jw/rokeypj_ws/build/ld08_driver
[5.078s] Invoked command in '/home/rokey-jw/rokeypj_ws/build/ld08_driver' returned '0': CMAKE_PREFIX_PATH=${CMAKE_PREFIX_PATH}:/home/rokey-jw/rokeypj_ws/install/sample_pkg:/home/rokey-jw/rokeypj_ws/install/my_v4l2_camera_launch:/home/rokey-jw/rokeypj_ws/install/lane_follower_pkg:/home/rokey-jw/rokeypj_ws/install/lane_detector:/home/rokey-jw/rokeypj_ws/install/aruco_yolo:/home/rokey-jw/turtlebot3_ws/install/turtlebot3_teleop:/home/rokey-jw/turtlebot3_ws/install/turtlebot3_example:/home/rokey-jw/turtlebot3_ws/install/turtlebot3_autorace_mission:/home/rokey-jw/turtlebot3_ws/install/turtlebot3_autorace_detect:/home/rokey-jw/turtlebot3_ws/install/turtlebot3_autorace_camera:/opt/ros/humble /usr/bin/cmake /home/rokey-jw/rokeypj_ws/src/ld08_driver -DAMENT_CMAKE_SYMLINK_INSTALL=1 -DCMAKE_INSTALL_PREFIX=/home/rokey-jw/rokeypj_ws/install/ld08_driver
[5.080s] Invoking command in '/home/rokey-jw/rokeypj_ws/build/ld08_driver': CMAKE_PREFIX_PATH=${CMAKE_PREFIX_PATH}:/home/rokey-jw/rokeypj_ws/install/sample_pkg:/home/rokey-jw/rokeypj_ws/install/my_v4l2_camera_launch:/home/rokey-jw/rokeypj_ws/install/lane_follower_pkg:/home/rokey-jw/rokeypj_ws/install/lane_detector:/home/rokey-jw/rokeypj_ws/install/aruco_yolo:/home/rokey-jw/turtlebot3_ws/install/turtlebot3_teleop:/home/rokey-jw/turtlebot3_ws/install/turtlebot3_example:/home/rokey-jw/turtlebot3_ws/install/turtlebot3_autorace_mission:/home/rokey-jw/turtlebot3_ws/install/turtlebot3_autorace_detect:/home/rokey-jw/turtlebot3_ws/install/turtlebot3_autorace_camera:/opt/ros/humble /usr/bin/cmake --build /home/rokey-jw/rokeypj_ws/build/ld08_driver -- -j6 -l6
[5.236s] [ 16%] [32mBuilding CXX object CMakeFiles/ld08_driver.dir/src/transform.cpp.o[0m
[5.250s] [ 33%] [32mBuilding CXX object CMakeFiles/ld08_driver.dir/src/slbf.cpp.o[0m
[5.255s] [ 66%] [32mBuilding CXX object CMakeFiles/ld08_driver.dir/src/cmd_interface_linux.cpp.o[0m
[5.255s] [ 50%] [32mBuilding CXX object CMakeFiles/ld08_driver.dir/src/lipkg.cpp.o[0m
[5.262s] [ 83%] [32mBuilding CXX object CMakeFiles/ld08_driver.dir/src/main.cpp.o[0m
[13.719s] [01m[K/home/rokey-jw/rokeypj_ws/src/ld08_driver/src/transform.cpp:[m[K In constructor ‘[01m[KSlTransform::SlTransform(LDVersion, bool)[m[K’:
[13.721s] [01m[K/home/rokey-jw/rokeypj_ws/src/ld08_driver/src/transform.cpp:30:50:[m[K [01;35m[Kwarning: [m[Kunused parameter ‘[01m[Kto_right_hand[m[K’ [[01;35m[K]8;;https://gcc.gnu.org/onlinedocs/gcc/Warning-Options.html#index-Wunused-parameter-Wunused-parameter]8;;[m[K]
[13.721s]    30 | SlTransform::SlTransform(LDVersion version, [01;35m[Kbool to_right_hand[m[K)
[13.722s]       |                                             [01;35m[K~~~~~^~~~~~~~~~~~~[m[K
[20.638s] [100%] [32m[1mLinking CXX executable ld08_driver[0m
[21.787s] [100%] Built target ld08_driver
[21.842s] Invoked command in '/home/rokey-jw/rokeypj_ws/build/ld08_driver' returned '0': CMAKE_PREFIX_PATH=${CMAKE_PREFIX_PATH}:/home/rokey-jw/rokeypj_ws/install/sample_pkg:/home/rokey-jw/rokeypj_ws/install/my_v4l2_camera_launch:/home/rokey-jw/rokeypj_ws/install/lane_follower_pkg:/home/rokey-jw/rokeypj_ws/install/lane_detector:/home/rokey-jw/rokeypj_ws/install/aruco_yolo:/home/rokey-jw/turtlebot3_ws/install/turtlebot3_teleop:/home/rokey-jw/turtlebot3_ws/install/turtlebot3_example:/home/rokey-jw/turtlebot3_ws/install/turtlebot3_autorace_mission:/home/rokey-jw/turtlebot3_ws/install/turtlebot3_autorace_detect:/home/rokey-jw/turtlebot3_ws/install/turtlebot3_autorace_camera:/opt/ros/humble /usr/bin/cmake --build /home/rokey-jw/rokeypj_ws/build/ld08_driver -- -j6 -l6
[21.843s] Invoking command in '/home/rokey-jw/rokeypj_ws/build/ld08_driver': CMAKE_PREFIX_PATH=${CMAKE_PREFIX_PATH}:/home/rokey-jw/rokeypj_ws/install/sample_pkg:/home/rokey-jw/rokeypj_ws/install/my_v4l2_camera_launch:/home/rokey-jw/rokeypj_ws/install/lane_follower_pkg:/home/rokey-jw/rokeypj_ws/install/lane_detector:/home/rokey-jw/rokeypj_ws/install/aruco_yolo:/home/rokey-jw/turtlebot3_ws/install/turtlebot3_teleop:/home/rokey-jw/turtlebot3_ws/install/turtlebot3_example:/home/rokey-jw/turtlebot3_ws/install/turtlebot3_autorace_mission:/home/rokey-jw/turtlebot3_ws/install/turtlebot3_autorace_detect:/home/rokey-jw/turtlebot3_ws/install/turtlebot3_autorace_camera:/opt/ros/humble /usr/bin/cmake --install /home/rokey-jw/rokeypj_ws/build/ld08_driver
[21.881s] -- Install configuration: ""
[21.882s] -- Execute custom install script
[21.893s] -- Symlinking: /home/rokey-jw/rokeypj_ws/install/ld08_driver/share/ld08_driver/launch/ld08.launch.py
[21.961s] -- Symlinking: /home/rokey-jw/rokeypj_ws/install/ld08_driver/lib/ld08_driver/ld08_driver
[22.036s] -- Symlinking: /home/rokey-jw/rokeypj_ws/install/ld08_driver/share/ament_index/resource_index/package_run_dependencies/ld08_driver
[22.069s] -- Symlinking: /home/rokey-jw/rokeypj_ws/install/ld08_driver/share/ament_index/resource_index/parent_prefix_path/ld08_driver
[22.118s] -- Symlinking: /home/rokey-jw/rokeypj_ws/install/ld08_driver/share/ld08_driver/environment/ament_prefix_path.sh
[22.165s] -- Symlinking: /home/rokey-jw/rokeypj_ws/install/ld08_driver/share/ld08_driver/environment/ament_prefix_path.dsv
[22.217s] -- Symlinking: /home/rokey-jw/rokeypj_ws/install/ld08_driver/share/ld08_driver/environment/path.sh
[22.270s] -- Symlinking: /home/rokey-jw/rokeypj_ws/install/ld08_driver/share/ld08_driver/environment/path.dsv
[22.340s] -- Symlinking: /home/rokey-jw/rokeypj_ws/install/ld08_driver/share/ld08_driver/local_setup.bash
[22.392s] -- Symlinking: /home/rokey-jw/rokeypj_ws/install/ld08_driver/share/ld08_driver/local_setup.sh
[22.443s] -- Symlinking: /home/rokey-jw/rokeypj_ws/install/ld08_driver/share/ld08_driver/local_setup.zsh
[22.481s] -- Symlinking: /home/rokey-jw/rokeypj_ws/install/ld08_driver/share/ld08_driver/local_setup.dsv
[22.526s] -- Symlinking: /home/rokey-jw/rokeypj_ws/install/ld08_driver/share/ld08_driver/package.dsv
[22.568s] -- Symlinking: /home/rokey-jw/rokeypj_ws/install/ld08_driver/share/ament_index/resource_index/packages/ld08_driver
[22.617s] -- Symlinking: /home/rokey-jw/rokeypj_ws/install/ld08_driver/share/ld08_driver/cmake/ament_cmake_export_dependencies-extras.cmake
[22.666s] -- Symlinking: /home/rokey-jw/rokeypj_ws/install/ld08_driver/share/ld08_driver/cmake/ament_cmake_export_include_directories-extras.cmake
[22.717s] -- Symlinking: /home/rokey-jw/rokeypj_ws/install/ld08_driver/share/ld08_driver/cmake/ld08_driverConfig.cmake
[22.764s] -- Symlinking: /home/rokey-jw/rokeypj_ws/install/ld08_driver/share/ld08_driver/cmake/ld08_driverConfig-version.cmake
[22.807s] -- Symlinking: /home/rokey-jw/rokeypj_ws/install/ld08_driver/share/ld08_driver/package.xml
[22.868s] Invoked command in '/home/rokey-jw/rokeypj_ws/build/ld08_driver' returned '0': CMAKE_PREFIX_PATH=${CMAKE_PREFIX_PATH}:/home/rokey-jw/rokeypj_ws/install/sample_pkg:/home/rokey-jw/rokeypj_ws/install/my_v4l2_camera_launch:/home/rokey-jw/rokeypj_ws/install/lane_follower_pkg:/home/rokey-jw/rokeypj_ws/install/lane_detector:/home/rokey-jw/rokeypj_ws/install/aruco_yolo:/home/rokey-jw/turtlebot3_ws/install/turtlebot3_teleop:/home/rokey-jw/turtlebot3_ws/install/turtlebot3_example:/home/rokey-jw/turtlebot3_ws/install/turtlebot3_autorace_mission:/home/rokey-jw/turtlebot3_ws/install/turtlebot3_autorace_detect:/home/rokey-jw/turtlebot3_ws/install/turtlebot3_autorace_camera:/opt/ros/humble /usr/bin/cmake --install /home/rokey-jw/rokeypj_ws/build/ld08_driver
