[0.110s] Invoking command in '/home/rokey-jw/rokeypj_ws/build/turtlebot3_msgs': CMAKE_PREFIX_PATH=${CMAKE_PREFIX_PATH}:/home/rokey-jw/rokeypj_ws/install/sample_pkg:/home/rokey-jw/rokeypj_ws/install/my_v4l2_camera_launch:/home/rokey-jw/rokeypj_ws/install/lane_follower_pkg:/home/rokey-jw/rokeypj_ws/install/lane_detector:/home/rokey-jw/rokeypj_ws/install/aruco_yolo:/home/rokey-jw/turtlebot3_ws/install/turtlebot3_teleop:/home/rokey-jw/turtlebot3_ws/install/turtlebot3_example:/home/rokey-jw/turtlebot3_ws/install/turtlebot3_autorace_mission:/home/rokey-jw/turtlebot3_ws/install/turtlebot3_autorace_detect:/home/rokey-jw/turtlebot3_ws/install/turtlebot3_autorace_camera:/opt/ros/humble /usr/bin/cmake --build /home/rokey-jw/rokeypj_ws/build/turtlebot3_msgs -- -j6 -l6
[0.514s] [  1%] Built target turtlebot3_msgs__cpp
[0.551s] [ 12%] Built target turtlebot3_msgs__rosidl_generator_c
[0.680s] [ 12%] Built target ament_cmake_python_symlink_turtlebot3_msgs
[0.696s] [ 23%] Built target turtlebot3_msgs__rosidl_typesupport_cpp
[0.752s] [ 35%] Built target turtlebot3_msgs__rosidl_typesupport_fastrtps_cpp
[0.757s] [ 46%] Built target turtlebot3_msgs__rosidl_typesupport_introspection_cpp
[0.758s] [ 57%] Built target turtlebot3_msgs__rosidl_typesupport_introspection_c
[0.770s] [ 69%] Built target turtlebot3_msgs__rosidl_typesupport_fastrtps_c
[0.889s] [ 80%] Built target turtlebot3_msgs__rosidl_typesupport_c
[0.994s] [ 80%] Built target turtlebot3_msgs
[1.136s] [ 81%] Built target turtlebot3_msgs__py
[1.252s] [ 91%] Built target turtlebot3_msgs__rosidl_generator_py
[1.348s] [ 94%] Built target turtlebot3_msgs__rosidl_typesupport_introspection_c__pyext
[1.371s] [ 97%] Built target turtlebot3_msgs__rosidl_typesupport_c__pyext
[1.403s] [100%] Built target turtlebot3_msgs__rosidl_typesupport_fastrtps_c__pyext
[1.801s] running egg_info
[1.805s] writing turtlebot3_msgs.egg-info/PKG-INFO
[1.806s] writing dependency_links to turtlebot3_msgs.egg-info/dependency_links.txt
[1.807s] writing top-level names to turtlebot3_msgs.egg-info/top_level.txt
[1.815s] reading manifest file 'turtlebot3_msgs.egg-info/SOURCES.txt'
[1.817s] writing manifest file 'turtlebot3_msgs.egg-info/SOURCES.txt'
[1.924s] [100%] Built target ament_cmake_python_build_turtlebot3_msgs_egg
[1.962s] Invoked command in '/home/rokey-jw/rokeypj_ws/build/turtlebot3_msgs' returned '0': CMAKE_PREFIX_PATH=${CMAKE_PREFIX_PATH}:/home/rokey-jw/rokeypj_ws/install/sample_pkg:/home/rokey-jw/rokeypj_ws/install/my_v4l2_camera_launch:/home/rokey-jw/rokeypj_ws/install/lane_follower_pkg:/home/rokey-jw/rokeypj_ws/install/lane_detector:/home/rokey-jw/rokeypj_ws/install/aruco_yolo:/home/rokey-jw/turtlebot3_ws/install/turtlebot3_teleop:/home/rokey-jw/turtlebot3_ws/install/turtlebot3_example:/home/rokey-jw/turtlebot3_ws/install/turtlebot3_autorace_mission:/home/rokey-jw/turtlebot3_ws/install/turtlebot3_autorace_detect:/home/rokey-jw/turtlebot3_ws/install/turtlebot3_autorace_camera:/opt/ros/humble /usr/bin/cmake --build /home/rokey-jw/rokeypj_ws/build/turtlebot3_msgs -- -j6 -l6
[1.966s] Invoking command in '/home/rokey-jw/rokeypj_ws/build/turtlebot3_msgs': CMAKE_PREFIX_PATH=${CMAKE_PREFIX_PATH}:/home/rokey-jw/rokeypj_ws/install/sample_pkg:/home/rokey-jw/rokeypj_ws/install/my_v4l2_camera_launch:/home/rokey-jw/rokeypj_ws/install/lane_follower_pkg:/home/rokey-jw/rokeypj_ws/install/lane_detector:/home/rokey-jw/rokeypj_ws/install/aruco_yolo:/home/rokey-jw/turtlebot3_ws/install/turtlebot3_teleop:/home/rokey-jw/turtlebot3_ws/install/turtlebot3_example:/home/rokey-jw/turtlebot3_ws/install/turtlebot3_autorace_mission:/home/rokey-jw/turtlebot3_ws/install/turtlebot3_autorace_detect:/home/rokey-jw/turtlebot3_ws/install/turtlebot3_autorace_camera:/opt/ros/humble /usr/bin/cmake --install /home/rokey-jw/rokeypj_ws/build/turtlebot3_msgs
[1.990s] -- Install configuration: ""
[1.991s] -- Execute custom install script
[1.992s] -- Up-to-date symlink: /home/rokey-jw/rokeypj_ws/install/turtlebot3_msgs/share/ament_index/resource_index/rosidl_interfaces/turtlebot3_msgs
[1.994s] -- Up-to-date symlink: /home/rokey-jw/rokeypj_ws/install/turtlebot3_msgs/include/turtlebot3_msgs/turtlebot3_msgs/action/detail/patrol__functions.h
[1.994s] -- Up-to-date symlink: /home/rokey-jw/rokeypj_ws/install/turtlebot3_msgs/include/turtlebot3_msgs/turtlebot3_msgs/action/detail/patrol__struct.h
[1.995s] -- Up-to-date symlink: /home/rokey-jw/rokeypj_ws/install/turtlebot3_msgs/include/turtlebot3_msgs/turtlebot3_msgs/action/detail/patrol__type_support.h
[1.995s] -- Up-to-date symlink: /home/rokey-jw/rokeypj_ws/install/turtlebot3_msgs/include/turtlebot3_msgs/turtlebot3_msgs/action/patrol.h
[1.996s] -- Up-to-date symlink: /home/rokey-jw/rokeypj_ws/install/turtlebot3_msgs/include/turtlebot3_msgs/turtlebot3_msgs/msg/detail/sensor_state__functions.h
[1.997s] -- Up-to-date symlink: /home/rokey-jw/rokeypj_ws/install/turtlebot3_msgs/include/turtlebot3_msgs/turtlebot3_msgs/msg/detail/sensor_state__struct.h
[1.998s] -- Up-to-date symlink: /home/rokey-jw/rokeypj_ws/install/turtlebot3_msgs/include/turtlebot3_msgs/turtlebot3_msgs/msg/detail/sensor_state__type_support.h
[1.998s] -- Up-to-date symlink: /home/rokey-jw/rokeypj_ws/install/turtlebot3_msgs/include/turtlebot3_msgs/turtlebot3_msgs/msg/detail/sound__functions.h
[2.001s] -- Up-to-date symlink: /home/rokey-jw/rokeypj_ws/install/turtlebot3_msgs/include/turtlebot3_msgs/turtlebot3_msgs/msg/detail/sound__struct.h
[2.002s] -- Up-to-date symlink: /home/rokey-jw/rokeypj_ws/install/turtlebot3_msgs/include/turtlebot3_msgs/turtlebot3_msgs/msg/detail/sound__type_support.h
[2.003s] -- Up-to-date symlink: /home/rokey-jw/rokeypj_ws/install/turtlebot3_msgs/include/turtlebot3_msgs/turtlebot3_msgs/msg/detail/version_info__functions.h
[2.003s] -- Up-to-date symlink: /home/rokey-jw/rokeypj_ws/install/turtlebot3_msgs/include/turtlebot3_msgs/turtlebot3_msgs/msg/detail/version_info__struct.h
[2.003s] -- Up-to-date symlink: /home/rokey-jw/rokeypj_ws/install/turtlebot3_msgs/include/turtlebot3_msgs/turtlebot3_msgs/msg/detail/version_info__type_support.h
[2.004s] -- Up-to-date symlink: /home/rokey-jw/rokeypj_ws/install/turtlebot3_msgs/include/turtlebot3_msgs/turtlebot3_msgs/msg/rosidl_generator_c__visibility_control.h
[2.004s] -- Up-to-date symlink: /home/rokey-jw/rokeypj_ws/install/turtlebot3_msgs/include/turtlebot3_msgs/turtlebot3_msgs/msg/sensor_state.h
[2.005s] -- Up-to-date symlink: /home/rokey-jw/rokeypj_ws/install/turtlebot3_msgs/include/turtlebot3_msgs/turtlebot3_msgs/msg/sound.h
[2.006s] -- Up-to-date symlink: /home/rokey-jw/rokeypj_ws/install/turtlebot3_msgs/include/turtlebot3_msgs/turtlebot3_msgs/msg/version_info.h
[2.006s] -- Up-to-date symlink: /home/rokey-jw/rokeypj_ws/install/turtlebot3_msgs/include/turtlebot3_msgs/turtlebot3_msgs/srv/detail/dqn__functions.h
[2.007s] -- Up-to-date symlink: /home/rokey-jw/rokeypj_ws/install/turtlebot3_msgs/include/turtlebot3_msgs/turtlebot3_msgs/srv/detail/dqn__struct.h
[2.008s] -- Up-to-date symlink: /home/rokey-jw/rokeypj_ws/install/turtlebot3_msgs/include/turtlebot3_msgs/turtlebot3_msgs/srv/detail/dqn__type_support.h
[2.008s] -- Up-to-date symlink: /home/rokey-jw/rokeypj_ws/install/turtlebot3_msgs/include/turtlebot3_msgs/turtlebot3_msgs/srv/detail/sound__functions.h
[2.009s] -- Up-to-date symlink: /home/rokey-jw/rokeypj_ws/install/turtlebot3_msgs/include/turtlebot3_msgs/turtlebot3_msgs/srv/detail/sound__struct.h
[2.010s] -- Up-to-date symlink: /home/rokey-jw/rokeypj_ws/install/turtlebot3_msgs/include/turtlebot3_msgs/turtlebot3_msgs/srv/detail/sound__type_support.h
[2.010s] -- Up-to-date symlink: /home/rokey-jw/rokeypj_ws/install/turtlebot3_msgs/include/turtlebot3_msgs/turtlebot3_msgs/srv/dqn.h
[2.012s] -- Up-to-date symlink: /home/rokey-jw/rokeypj_ws/install/turtlebot3_msgs/include/turtlebot3_msgs/turtlebot3_msgs/srv/sound.h
[2.012s] -- Up-to-date symlink: /home/rokey-jw/rokeypj_ws/install/turtlebot3_msgs/share/turtlebot3_msgs/environment/library_path.sh
[2.015s] -- Up-to-date symlink: /home/rokey-jw/rokeypj_ws/install/turtlebot3_msgs/share/turtlebot3_msgs/environment/library_path.dsv
[2.016s] -- Up-to-date symlink: /home/rokey-jw/rokeypj_ws/install/turtlebot3_msgs/include/turtlebot3_msgs/turtlebot3_msgs/action/detail/patrol__rosidl_typesupport_fastrtps_c.h
[2.017s] -- Up-to-date symlink: /home/rokey-jw/rokeypj_ws/install/turtlebot3_msgs/include/turtlebot3_msgs/turtlebot3_msgs/msg/detail/sensor_state__rosidl_typesupport_fastrtps_c.h
[2.018s] -- Up-to-date symlink: /home/rokey-jw/rokeypj_ws/install/turtlebot3_msgs/include/turtlebot3_msgs/turtlebot3_msgs/msg/detail/sound__rosidl_typesupport_fastrtps_c.h
[2.019s] -- Up-to-date symlink: /home/rokey-jw/rokeypj_ws/install/turtlebot3_msgs/include/turtlebot3_msgs/turtlebot3_msgs/msg/detail/version_info__rosidl_typesupport_fastrtps_c.h
[2.019s] -- Up-to-date symlink: /home/rokey-jw/rokeypj_ws/install/turtlebot3_msgs/include/turtlebot3_msgs/turtlebot3_msgs/msg/rosidl_typesupport_fastrtps_c__visibility_control.h
[2.020s] -- Up-to-date symlink: /home/rokey-jw/rokeypj_ws/install/turtlebot3_msgs/include/turtlebot3_msgs/turtlebot3_msgs/srv/detail/dqn__rosidl_typesupport_fastrtps_c.h
[2.020s] -- Up-to-date symlink: /home/rokey-jw/rokeypj_ws/install/turtlebot3_msgs/include/turtlebot3_msgs/turtlebot3_msgs/srv/detail/sound__rosidl_typesupport_fastrtps_c.h
[2.022s] -- Up-to-date symlink: /home/rokey-jw/rokeypj_ws/install/turtlebot3_msgs/include/turtlebot3_msgs/turtlebot3_msgs/action/detail/patrol__builder.hpp
[2.023s] -- Up-to-date symlink: /home/rokey-jw/rokeypj_ws/install/turtlebot3_msgs/include/turtlebot3_msgs/turtlebot3_msgs/action/detail/patrol__struct.hpp
[2.023s] -- Up-to-date symlink: /home/rokey-jw/rokeypj_ws/install/turtlebot3_msgs/include/turtlebot3_msgs/turtlebot3_msgs/action/detail/patrol__traits.hpp
[2.024s] -- Up-to-date symlink: /home/rokey-jw/rokeypj_ws/install/turtlebot3_msgs/include/turtlebot3_msgs/turtlebot3_msgs/action/detail/patrol__type_support.hpp
[2.025s] -- Up-to-date symlink: /home/rokey-jw/rokeypj_ws/install/turtlebot3_msgs/include/turtlebot3_msgs/turtlebot3_msgs/action/patrol.hpp
[2.026s] -- Up-to-date symlink: /home/rokey-jw/rokeypj_ws/install/turtlebot3_msgs/include/turtlebot3_msgs/turtlebot3_msgs/msg/detail/sensor_state__builder.hpp
[2.026s] -- Up-to-date symlink: /home/rokey-jw/rokeypj_ws/install/turtlebot3_msgs/include/turtlebot3_msgs/turtlebot3_msgs/msg/detail/sensor_state__struct.hpp
[2.027s] -- Up-to-date symlink: /home/rokey-jw/rokeypj_ws/install/turtlebot3_msgs/include/turtlebot3_msgs/turtlebot3_msgs/msg/detail/sensor_state__traits.hpp
[2.027s] -- Up-to-date symlink: /home/rokey-jw/rokeypj_ws/install/turtlebot3_msgs/include/turtlebot3_msgs/turtlebot3_msgs/msg/detail/sensor_state__type_support.hpp
[2.028s] -- Up-to-date symlink: /home/rokey-jw/rokeypj_ws/install/turtlebot3_msgs/include/turtlebot3_msgs/turtlebot3_msgs/msg/detail/sound__builder.hpp
[2.028s] -- Up-to-date symlink: /home/rokey-jw/rokeypj_ws/install/turtlebot3_msgs/include/turtlebot3_msgs/turtlebot3_msgs/msg/detail/sound__struct.hpp
[2.029s] -- Up-to-date symlink: /home/rokey-jw/rokeypj_ws/install/turtlebot3_msgs/include/turtlebot3_msgs/turtlebot3_msgs/msg/detail/sound__traits.hpp
[2.030s] -- Up-to-date symlink: /home/rokey-jw/rokeypj_ws/install/turtlebot3_msgs/include/turtlebot3_msgs/turtlebot3_msgs/msg/detail/sound__type_support.hpp
[2.030s] -- Up-to-date symlink: /home/rokey-jw/rokeypj_ws/install/turtlebot3_msgs/include/turtlebot3_msgs/turtlebot3_msgs/msg/detail/version_info__builder.hpp
[2.031s] -- Up-to-date symlink: /home/rokey-jw/rokeypj_ws/install/turtlebot3_msgs/include/turtlebot3_msgs/turtlebot3_msgs/msg/detail/version_info__struct.hpp
[2.031s] -- Up-to-date symlink: /home/rokey-jw/rokeypj_ws/install/turtlebot3_msgs/include/turtlebot3_msgs/turtlebot3_msgs/msg/detail/version_info__traits.hpp
[2.032s] -- Up-to-date symlink: /home/rokey-jw/rokeypj_ws/install/turtlebot3_msgs/include/turtlebot3_msgs/turtlebot3_msgs/msg/detail/version_info__type_support.hpp
[2.032s] -- Up-to-date symlink: /home/rokey-jw/rokeypj_ws/install/turtlebot3_msgs/include/turtlebot3_msgs/turtlebot3_msgs/msg/rosidl_generator_cpp__visibility_control.hpp
[2.033s] -- Up-to-date symlink: /home/rokey-jw/rokeypj_ws/install/turtlebot3_msgs/include/turtlebot3_msgs/turtlebot3_msgs/msg/sensor_state.hpp
[2.033s] -- Up-to-date symlink: /home/rokey-jw/rokeypj_ws/install/turtlebot3_msgs/include/turtlebot3_msgs/turtlebot3_msgs/msg/sound.hpp
[2.034s] -- Up-to-date symlink: /home/rokey-jw/rokeypj_ws/install/turtlebot3_msgs/include/turtlebot3_msgs/turtlebot3_msgs/msg/version_info.hpp
[2.035s] -- Up-to-date symlink: /home/rokey-jw/rokeypj_ws/install/turtlebot3_msgs/include/turtlebot3_msgs/turtlebot3_msgs/srv/detail/dqn__builder.hpp
[2.035s] -- Up-to-date symlink: /home/rokey-jw/rokeypj_ws/install/turtlebot3_msgs/include/turtlebot3_msgs/turtlebot3_msgs/srv/detail/dqn__struct.hpp
[2.036s] -- Up-to-date symlink: /home/rokey-jw/rokeypj_ws/install/turtlebot3_msgs/include/turtlebot3_msgs/turtlebot3_msgs/srv/detail/dqn__traits.hpp
[2.036s] -- Up-to-date symlink: /home/rokey-jw/rokeypj_ws/install/turtlebot3_msgs/include/turtlebot3_msgs/turtlebot3_msgs/srv/detail/dqn__type_support.hpp
[2.037s] -- Up-to-date symlink: /home/rokey-jw/rokeypj_ws/install/turtlebot3_msgs/include/turtlebot3_msgs/turtlebot3_msgs/srv/detail/sound__builder.hpp
[2.037s] -- Up-to-date symlink: /home/rokey-jw/rokeypj_ws/install/turtlebot3_msgs/include/turtlebot3_msgs/turtlebot3_msgs/srv/detail/sound__struct.hpp
[2.038s] -- Up-to-date symlink: /home/rokey-jw/rokeypj_ws/install/turtlebot3_msgs/include/turtlebot3_msgs/turtlebot3_msgs/srv/detail/sound__traits.hpp
[2.038s] -- Up-to-date symlink: /home/rokey-jw/rokeypj_ws/install/turtlebot3_msgs/include/turtlebot3_msgs/turtlebot3_msgs/srv/detail/sound__type_support.hpp
[2.040s] -- Up-to-date symlink: /home/rokey-jw/rokeypj_ws/install/turtlebot3_msgs/include/turtlebot3_msgs/turtlebot3_msgs/srv/dqn.hpp
[2.040s] -- Up-to-date symlink: /home/rokey-jw/rokeypj_ws/install/turtlebot3_msgs/include/turtlebot3_msgs/turtlebot3_msgs/srv/sound.hpp
[2.042s] -- Up-to-date symlink: /home/rokey-jw/rokeypj_ws/install/turtlebot3_msgs/include/turtlebot3_msgs/turtlebot3_msgs/action/detail/patrol__rosidl_typesupport_fastrtps_cpp.hpp
[2.043s] -- Up-to-date symlink: /home/rokey-jw/rokeypj_ws/install/turtlebot3_msgs/include/turtlebot3_msgs/turtlebot3_msgs/msg/detail/sensor_state__rosidl_typesupport_fastrtps_cpp.hpp
[2.043s] -- Up-to-date symlink: /home/rokey-jw/rokeypj_ws/install/turtlebot3_msgs/include/turtlebot3_msgs/turtlebot3_msgs/msg/detail/sound__rosidl_typesupport_fastrtps_cpp.hpp
[2.044s] -- Up-to-date symlink: /home/rokey-jw/rokeypj_ws/install/turtlebot3_msgs/include/turtlebot3_msgs/turtlebot3_msgs/msg/detail/version_info__rosidl_typesupport_fastrtps_cpp.hpp
[2.044s] -- Up-to-date symlink: /home/rokey-jw/rokeypj_ws/install/turtlebot3_msgs/include/turtlebot3_msgs/turtlebot3_msgs/msg/rosidl_typesupport_fastrtps_cpp__visibility_control.h
[2.045s] -- Up-to-date symlink: /home/rokey-jw/rokeypj_ws/install/turtlebot3_msgs/include/turtlebot3_msgs/turtlebot3_msgs/srv/detail/dqn__rosidl_typesupport_fastrtps_cpp.hpp
[2.045s] -- Up-to-date symlink: /home/rokey-jw/rokeypj_ws/install/turtlebot3_msgs/include/turtlebot3_msgs/turtlebot3_msgs/srv/detail/sound__rosidl_typesupport_fastrtps_cpp.hpp
[2.047s] -- Up-to-date symlink: /home/rokey-jw/rokeypj_ws/install/turtlebot3_msgs/include/turtlebot3_msgs/turtlebot3_msgs/action/detail/patrol__rosidl_typesupport_introspection_c.h
[2.048s] -- Up-to-date symlink: /home/rokey-jw/rokeypj_ws/install/turtlebot3_msgs/include/turtlebot3_msgs/turtlebot3_msgs/msg/detail/sensor_state__rosidl_typesupport_introspection_c.h
[2.048s] -- Up-to-date symlink: /home/rokey-jw/rokeypj_ws/install/turtlebot3_msgs/include/turtlebot3_msgs/turtlebot3_msgs/msg/detail/sound__rosidl_typesupport_introspection_c.h
[2.049s] -- Up-to-date symlink: /home/rokey-jw/rokeypj_ws/install/turtlebot3_msgs/include/turtlebot3_msgs/turtlebot3_msgs/msg/detail/version_info__rosidl_typesupport_introspection_c.h
[2.050s] -- Up-to-date symlink: /home/rokey-jw/rokeypj_ws/install/turtlebot3_msgs/include/turtlebot3_msgs/turtlebot3_msgs/msg/rosidl_typesupport_introspection_c__visibility_control.h
[2.050s] -- Up-to-date symlink: /home/rokey-jw/rokeypj_ws/install/turtlebot3_msgs/include/turtlebot3_msgs/turtlebot3_msgs/srv/detail/dqn__rosidl_typesupport_introspection_c.h
[2.051s] -- Up-to-date symlink: /home/rokey-jw/rokeypj_ws/install/turtlebot3_msgs/include/turtlebot3_msgs/turtlebot3_msgs/srv/detail/sound__rosidl_typesupport_introspection_c.h
[2.052s] -- Up-to-date symlink: /home/rokey-jw/rokeypj_ws/install/turtlebot3_msgs/include/turtlebot3_msgs/turtlebot3_msgs/action/detail/patrol__rosidl_typesupport_introspection_cpp.hpp
[2.053s] -- Up-to-date symlink: /home/rokey-jw/rokeypj_ws/install/turtlebot3_msgs/include/turtlebot3_msgs/turtlebot3_msgs/msg/detail/sensor_state__rosidl_typesupport_introspection_cpp.hpp
[2.053s] -- Up-to-date symlink: /home/rokey-jw/rokeypj_ws/install/turtlebot3_msgs/include/turtlebot3_msgs/turtlebot3_msgs/msg/detail/sound__rosidl_typesupport_introspection_cpp.hpp
[2.054s] -- Up-to-date symlink: /home/rokey-jw/rokeypj_ws/install/turtlebot3_msgs/include/turtlebot3_msgs/turtlebot3_msgs/msg/detail/version_info__rosidl_typesupport_introspection_cpp.hpp
[2.055s] -- Up-to-date symlink: /home/rokey-jw/rokeypj_ws/install/turtlebot3_msgs/include/turtlebot3_msgs/turtlebot3_msgs/srv/detail/dqn__rosidl_typesupport_introspection_cpp.hpp
[2.056s] -- Up-to-date symlink: /home/rokey-jw/rokeypj_ws/install/turtlebot3_msgs/include/turtlebot3_msgs/turtlebot3_msgs/srv/detail/sound__rosidl_typesupport_introspection_cpp.hpp
[2.056s] -- Up-to-date symlink: /home/rokey-jw/rokeypj_ws/install/turtlebot3_msgs/share/turtlebot3_msgs/environment/pythonpath.sh
[2.057s] -- Up-to-date symlink: /home/rokey-jw/rokeypj_ws/install/turtlebot3_msgs/share/turtlebot3_msgs/environment/pythonpath.dsv
[2.058s] -- Up-to-date symlink: /home/rokey-jw/rokeypj_ws/install/turtlebot3_msgs/local/lib/python3.10/dist-packages/turtlebot3_msgs-2.3.0-py3.10.egg-info/PKG-INFO
[2.059s] -- Up-to-date symlink: /home/rokey-jw/rokeypj_ws/install/turtlebot3_msgs/local/lib/python3.10/dist-packages/turtlebot3_msgs-2.3.0-py3.10.egg-info/SOURCES.txt
[2.059s] -- Up-to-date symlink: /home/rokey-jw/rokeypj_ws/install/turtlebot3_msgs/local/lib/python3.10/dist-packages/turtlebot3_msgs-2.3.0-py3.10.egg-info/dependency_links.txt
[2.060s] -- Up-to-date symlink: /home/rokey-jw/rokeypj_ws/install/turtlebot3_msgs/local/lib/python3.10/dist-packages/turtlebot3_msgs-2.3.0-py3.10.egg-info/top_level.txt
[2.062s] -- Up-to-date symlink: /home/rokey-jw/rokeypj_ws/install/turtlebot3_msgs/local/lib/python3.10/dist-packages/turtlebot3_msgs/__init__.py
[2.063s] -- Up-to-date symlink: /home/rokey-jw/rokeypj_ws/install/turtlebot3_msgs/local/lib/python3.10/dist-packages/turtlebot3_msgs/_turtlebot3_msgs_s.ep.rosidl_typesupport_c.c
[2.063s] -- Up-to-date symlink: /home/rokey-jw/rokeypj_ws/install/turtlebot3_msgs/local/lib/python3.10/dist-packages/turtlebot3_msgs/_turtlebot3_msgs_s.ep.rosidl_typesupport_fastrtps_c.c
[2.064s] -- Up-to-date symlink: /home/rokey-jw/rokeypj_ws/install/turtlebot3_msgs/local/lib/python3.10/dist-packages/turtlebot3_msgs/_turtlebot3_msgs_s.ep.rosidl_typesupport_introspection_c.c
[2.064s] -- Up-to-date symlink: /home/rokey-jw/rokeypj_ws/install/turtlebot3_msgs/local/lib/python3.10/dist-packages/turtlebot3_msgs/action/__init__.py
[2.065s] -- Up-to-date symlink: /home/rokey-jw/rokeypj_ws/install/turtlebot3_msgs/local/lib/python3.10/dist-packages/turtlebot3_msgs/action/_patrol.py
[2.066s] -- Up-to-date symlink: /home/rokey-jw/rokeypj_ws/install/turtlebot3_msgs/local/lib/python3.10/dist-packages/turtlebot3_msgs/action/_patrol_s.c
[2.067s] -- Up-to-date symlink: /home/rokey-jw/rokeypj_ws/install/turtlebot3_msgs/local/lib/python3.10/dist-packages/turtlebot3_msgs/libturtlebot3_msgs__rosidl_generator_py.so
[2.068s] -- Up-to-date symlink: /home/rokey-jw/rokeypj_ws/install/turtlebot3_msgs/local/lib/python3.10/dist-packages/turtlebot3_msgs/msg/__init__.py
[2.068s] -- Up-to-date symlink: /home/rokey-jw/rokeypj_ws/install/turtlebot3_msgs/local/lib/python3.10/dist-packages/turtlebot3_msgs/msg/_sensor_state.py
[2.069s] -- Up-to-date symlink: /home/rokey-jw/rokeypj_ws/install/turtlebot3_msgs/local/lib/python3.10/dist-packages/turtlebot3_msgs/msg/_sensor_state_s.c
[2.070s] -- Up-to-date symlink: /home/rokey-jw/rokeypj_ws/install/turtlebot3_msgs/local/lib/python3.10/dist-packages/turtlebot3_msgs/msg/_sound.py
[2.070s] -- Up-to-date symlink: /home/rokey-jw/rokeypj_ws/install/turtlebot3_msgs/local/lib/python3.10/dist-packages/turtlebot3_msgs/msg/_sound_s.c
[2.071s] -- Up-to-date symlink: /home/rokey-jw/rokeypj_ws/install/turtlebot3_msgs/local/lib/python3.10/dist-packages/turtlebot3_msgs/msg/_version_info.py
[2.071s] -- Up-to-date symlink: /home/rokey-jw/rokeypj_ws/install/turtlebot3_msgs/local/lib/python3.10/dist-packages/turtlebot3_msgs/msg/_version_info_s.c
[2.072s] -- Up-to-date symlink: /home/rokey-jw/rokeypj_ws/install/turtlebot3_msgs/local/lib/python3.10/dist-packages/turtlebot3_msgs/srv/__init__.py
[2.072s] -- Up-to-date symlink: /home/rokey-jw/rokeypj_ws/install/turtlebot3_msgs/local/lib/python3.10/dist-packages/turtlebot3_msgs/srv/_dqn.py
[2.073s] -- Up-to-date symlink: /home/rokey-jw/rokeypj_ws/install/turtlebot3_msgs/local/lib/python3.10/dist-packages/turtlebot3_msgs/srv/_dqn_s.c
[2.074s] -- Up-to-date symlink: /home/rokey-jw/rokeypj_ws/install/turtlebot3_msgs/local/lib/python3.10/dist-packages/turtlebot3_msgs/srv/_sound.py
[2.074s] -- Up-to-date symlink: /home/rokey-jw/rokeypj_ws/install/turtlebot3_msgs/local/lib/python3.10/dist-packages/turtlebot3_msgs/srv/_sound_s.c
[2.075s] -- Up-to-date symlink: /home/rokey-jw/rokeypj_ws/install/turtlebot3_msgs/local/lib/python3.10/dist-packages/turtlebot3_msgs/turtlebot3_msgs_s__rosidl_typesupport_c.cpython-310-aarch64-linux-gnu.so
[2.075s] -- Up-to-date symlink: /home/rokey-jw/rokeypj_ws/install/turtlebot3_msgs/local/lib/python3.10/dist-packages/turtlebot3_msgs/turtlebot3_msgs_s__rosidl_typesupport_fastrtps_c.cpython-310-aarch64-linux-gnu.so
[2.076s] -- Up-to-date symlink: /home/rokey-jw/rokeypj_ws/install/turtlebot3_msgs/local/lib/python3.10/dist-packages/turtlebot3_msgs/turtlebot3_msgs_s__rosidl_typesupport_introspection_c.cpython-310-aarch64-linux-gnu.so
[2.077s] -- Up-to-date symlink: /home/rokey-jw/rokeypj_ws/install/turtlebot3_msgs/local/lib/python3.10/dist-packages/turtlebot3_msgs/turtlebot3_msgs_s__rosidl_typesupport_fastrtps_c.cpython-310-aarch64-linux-gnu.so
[2.077s] -- Up-to-date symlink: /home/rokey-jw/rokeypj_ws/install/turtlebot3_msgs/local/lib/python3.10/dist-packages/turtlebot3_msgs/turtlebot3_msgs_s__rosidl_typesupport_introspection_c.cpython-310-aarch64-linux-gnu.so
[2.078s] -- Up-to-date symlink: /home/rokey-jw/rokeypj_ws/install/turtlebot3_msgs/local/lib/python3.10/dist-packages/turtlebot3_msgs/turtlebot3_msgs_s__rosidl_typesupport_c.cpython-310-aarch64-linux-gnu.so
[2.079s] -- Up-to-date symlink: /home/rokey-jw/rokeypj_ws/install/turtlebot3_msgs/share/turtlebot3_msgs/msg/SensorState.idl
[2.080s] -- Up-to-date symlink: /home/rokey-jw/rokeypj_ws/install/turtlebot3_msgs/share/turtlebot3_msgs/msg/Sound.idl
[2.081s] -- Up-to-date symlink: /home/rokey-jw/rokeypj_ws/install/turtlebot3_msgs/share/turtlebot3_msgs/msg/VersionInfo.idl
[2.082s] -- Up-to-date symlink: /home/rokey-jw/rokeypj_ws/install/turtlebot3_msgs/share/turtlebot3_msgs/srv/Sound.idl
[2.084s] -- Up-to-date symlink: /home/rokey-jw/rokeypj_ws/install/turtlebot3_msgs/share/turtlebot3_msgs/srv/Dqn.idl
[2.085s] -- Up-to-date symlink: /home/rokey-jw/rokeypj_ws/install/turtlebot3_msgs/share/turtlebot3_msgs/action/Patrol.idl
[2.085s] -- Up-to-date symlink: /home/rokey-jw/rokeypj_ws/install/turtlebot3_msgs/share/turtlebot3_msgs/msg/SensorState.msg
[2.086s] -- Up-to-date symlink: /home/rokey-jw/rokeypj_ws/install/turtlebot3_msgs/share/turtlebot3_msgs/msg/Sound.msg
[2.087s] -- Up-to-date symlink: /home/rokey-jw/rokeypj_ws/install/turtlebot3_msgs/share/turtlebot3_msgs/msg/VersionInfo.msg
[2.088s] -- Up-to-date symlink: /home/rokey-jw/rokeypj_ws/install/turtlebot3_msgs/share/turtlebot3_msgs/srv/Sound.srv
[2.088s] -- Up-to-date symlink: /home/rokey-jw/rokeypj_ws/install/turtlebot3_msgs/share/turtlebot3_msgs/srv/Sound_Request.msg
[2.089s] -- Up-to-date symlink: /home/rokey-jw/rokeypj_ws/install/turtlebot3_msgs/share/turtlebot3_msgs/srv/Sound_Response.msg
[2.090s] -- Up-to-date symlink: /home/rokey-jw/rokeypj_ws/install/turtlebot3_msgs/share/turtlebot3_msgs/srv/Dqn.srv
[2.090s] -- Up-to-date symlink: /home/rokey-jw/rokeypj_ws/install/turtlebot3_msgs/share/turtlebot3_msgs/srv/Dqn_Request.msg
[2.092s] -- Up-to-date symlink: /home/rokey-jw/rokeypj_ws/install/turtlebot3_msgs/share/turtlebot3_msgs/srv/Dqn_Response.msg
[2.093s] -- Up-to-date symlink: /home/rokey-jw/rokeypj_ws/install/turtlebot3_msgs/share/turtlebot3_msgs/action/Patrol.action
[2.094s] -- Up-to-date symlink: /home/rokey-jw/rokeypj_ws/install/turtlebot3_msgs/share/ament_index/resource_index/package_run_dependencies/turtlebot3_msgs
[2.094s] -- Up-to-date symlink: /home/rokey-jw/rokeypj_ws/install/turtlebot3_msgs/share/ament_index/resource_index/parent_prefix_path/turtlebot3_msgs
[2.095s] -- Up-to-date symlink: /home/rokey-jw/rokeypj_ws/install/turtlebot3_msgs/share/turtlebot3_msgs/environment/ament_prefix_path.sh
[2.096s] -- Up-to-date symlink: /home/rokey-jw/rokeypj_ws/install/turtlebot3_msgs/share/turtlebot3_msgs/environment/ament_prefix_path.dsv
[2.097s] -- Up-to-date symlink: /home/rokey-jw/rokeypj_ws/install/turtlebot3_msgs/share/turtlebot3_msgs/environment/path.sh
[2.097s] -- Up-to-date symlink: /home/rokey-jw/rokeypj_ws/install/turtlebot3_msgs/share/turtlebot3_msgs/environment/path.dsv
[2.098s] -- Up-to-date symlink: /home/rokey-jw/rokeypj_ws/install/turtlebot3_msgs/share/turtlebot3_msgs/local_setup.bash
[2.099s] -- Up-to-date symlink: /home/rokey-jw/rokeypj_ws/install/turtlebot3_msgs/share/turtlebot3_msgs/local_setup.sh
[2.099s] -- Up-to-date symlink: /home/rokey-jw/rokeypj_ws/install/turtlebot3_msgs/share/turtlebot3_msgs/local_setup.zsh
[2.100s] -- Up-to-date symlink: /home/rokey-jw/rokeypj_ws/install/turtlebot3_msgs/share/turtlebot3_msgs/local_setup.dsv
[2.100s] -- Symlinking: /home/rokey-jw/rokeypj_ws/install/turtlebot3_msgs/share/turtlebot3_msgs/package.dsv
[2.129s] -- Up-to-date symlink: /home/rokey-jw/rokeypj_ws/install/turtlebot3_msgs/share/ament_index/resource_index/packages/turtlebot3_msgs
[2.129s] -- Up-to-date symlink: /home/rokey-jw/rokeypj_ws/install/turtlebot3_msgs/share/turtlebot3_msgs/cmake/rosidl_cmake-extras.cmake
[2.129s] -- Up-to-date symlink: /home/rokey-jw/rokeypj_ws/install/turtlebot3_msgs/share/turtlebot3_msgs/cmake/ament_cmake_export_dependencies-extras.cmake
[2.130s] -- Up-to-date symlink: /home/rokey-jw/rokeypj_ws/install/turtlebot3_msgs/share/turtlebot3_msgs/cmake/ament_cmake_export_include_directories-extras.cmake
[2.130s] -- Up-to-date symlink: /home/rokey-jw/rokeypj_ws/install/turtlebot3_msgs/share/turtlebot3_msgs/cmake/ament_cmake_export_libraries-extras.cmake
[2.130s] -- Up-to-date symlink: /home/rokey-jw/rokeypj_ws/install/turtlebot3_msgs/share/turtlebot3_msgs/cmake/ament_cmake_export_targets-extras.cmake
[2.130s] -- Up-to-date symlink: /home/rokey-jw/rokeypj_ws/install/turtlebot3_msgs/share/turtlebot3_msgs/cmake/rosidl_cmake_export_typesupport_targets-extras.cmake
[2.130s] -- Up-to-date symlink: /home/rokey-jw/rokeypj_ws/install/turtlebot3_msgs/share/turtlebot3_msgs/cmake/rosidl_cmake_export_typesupport_libraries-extras.cmake
[2.130s] -- Up-to-date symlink: /home/rokey-jw/rokeypj_ws/install/turtlebot3_msgs/share/turtlebot3_msgs/cmake/turtlebot3_msgsConfig.cmake
[2.134s] -- Up-to-date symlink: /home/rokey-jw/rokeypj_ws/install/turtlebot3_msgs/share/turtlebot3_msgs/cmake/turtlebot3_msgsConfig-version.cmake
[2.135s] -- Up-to-date symlink: /home/rokey-jw/rokeypj_ws/install/turtlebot3_msgs/share/turtlebot3_msgs/package.xml
[2.135s] -- Up-to-date: /home/rokey-jw/rokeypj_ws/install/turtlebot3_msgs/lib/libturtlebot3_msgs__rosidl_generator_c.so
[2.135s] -- Up-to-date: /home/rokey-jw/rokeypj_ws/install/turtlebot3_msgs/lib/libturtlebot3_msgs__rosidl_typesupport_fastrtps_c.so
[2.135s] -- Up-to-date: /home/rokey-jw/rokeypj_ws/install/turtlebot3_msgs/lib/libturtlebot3_msgs__rosidl_typesupport_fastrtps_cpp.so
[2.135s] -- Up-to-date: /home/rokey-jw/rokeypj_ws/install/turtlebot3_msgs/lib/libturtlebot3_msgs__rosidl_typesupport_introspection_c.so
[2.135s] -- Up-to-date: /home/rokey-jw/rokeypj_ws/install/turtlebot3_msgs/lib/libturtlebot3_msgs__rosidl_typesupport_c.so
[2.135s] -- Up-to-date: /home/rokey-jw/rokeypj_ws/install/turtlebot3_msgs/lib/libturtlebot3_msgs__rosidl_typesupport_introspection_cpp.so
[2.136s] -- Up-to-date: /home/rokey-jw/rokeypj_ws/install/turtlebot3_msgs/lib/libturtlebot3_msgs__rosidl_typesupport_cpp.so
[2.252s] Listing '/home/rokey-jw/rokeypj_ws/install/turtlebot3_msgs/local/lib/python3.10/dist-packages/turtlebot3_msgs'...
[2.253s] Listing '/home/rokey-jw/rokeypj_ws/install/turtlebot3_msgs/local/lib/python3.10/dist-packages/turtlebot3_msgs/action'...
[2.253s] Listing '/home/rokey-jw/rokeypj_ws/install/turtlebot3_msgs/local/lib/python3.10/dist-packages/turtlebot3_msgs/msg'...
[2.253s] Listing '/home/rokey-jw/rokeypj_ws/install/turtlebot3_msgs/local/lib/python3.10/dist-packages/turtlebot3_msgs/srv'...
[2.267s] -- Up-to-date: /home/rokey-jw/rokeypj_ws/install/turtlebot3_msgs/lib/libturtlebot3_msgs__rosidl_generator_py.so
[2.268s] -- Up-to-date: /home/rokey-jw/rokeypj_ws/install/turtlebot3_msgs/share/turtlebot3_msgs/cmake/export_turtlebot3_msgs__rosidl_generator_cExport.cmake
[2.268s] -- Up-to-date: /home/rokey-jw/rokeypj_ws/install/turtlebot3_msgs/share/turtlebot3_msgs/cmake/export_turtlebot3_msgs__rosidl_generator_cExport-noconfig.cmake
[2.268s] -- Up-to-date: /home/rokey-jw/rokeypj_ws/install/turtlebot3_msgs/share/turtlebot3_msgs/cmake/export_turtlebot3_msgs__rosidl_typesupport_fastrtps_cExport.cmake
[2.268s] -- Up-to-date: /home/rokey-jw/rokeypj_ws/install/turtlebot3_msgs/share/turtlebot3_msgs/cmake/export_turtlebot3_msgs__rosidl_typesupport_fastrtps_cExport-noconfig.cmake
[2.268s] -- Up-to-date: /home/rokey-jw/rokeypj_ws/install/turtlebot3_msgs/share/turtlebot3_msgs/cmake/export_turtlebot3_msgs__rosidl_generator_cppExport.cmake
[2.268s] -- Up-to-date: /home/rokey-jw/rokeypj_ws/install/turtlebot3_msgs/share/turtlebot3_msgs/cmake/export_turtlebot3_msgs__rosidl_typesupport_fastrtps_cppExport.cmake
[2.269s] -- Up-to-date: /home/rokey-jw/rokeypj_ws/install/turtlebot3_msgs/share/turtlebot3_msgs/cmake/export_turtlebot3_msgs__rosidl_typesupport_fastrtps_cppExport-noconfig.cmake
[2.269s] -- Up-to-date: /home/rokey-jw/rokeypj_ws/install/turtlebot3_msgs/share/turtlebot3_msgs/cmake/turtlebot3_msgs__rosidl_typesupport_introspection_cExport.cmake
[2.271s] -- Up-to-date: /home/rokey-jw/rokeypj_ws/install/turtlebot3_msgs/share/turtlebot3_msgs/cmake/turtlebot3_msgs__rosidl_typesupport_introspection_cExport-noconfig.cmake
[2.271s] -- Up-to-date: /home/rokey-jw/rokeypj_ws/install/turtlebot3_msgs/share/turtlebot3_msgs/cmake/turtlebot3_msgs__rosidl_typesupport_cExport.cmake
[2.271s] -- Up-to-date: /home/rokey-jw/rokeypj_ws/install/turtlebot3_msgs/share/turtlebot3_msgs/cmake/turtlebot3_msgs__rosidl_typesupport_cExport-noconfig.cmake
[2.271s] -- Up-to-date: /home/rokey-jw/rokeypj_ws/install/turtlebot3_msgs/share/turtlebot3_msgs/cmake/turtlebot3_msgs__rosidl_typesupport_introspection_cppExport.cmake
[2.272s] -- Up-to-date: /home/rokey-jw/rokeypj_ws/install/turtlebot3_msgs/share/turtlebot3_msgs/cmake/turtlebot3_msgs__rosidl_typesupport_introspection_cppExport-noconfig.cmake
[2.272s] -- Up-to-date: /home/rokey-jw/rokeypj_ws/install/turtlebot3_msgs/share/turtlebot3_msgs/cmake/turtlebot3_msgs__rosidl_typesupport_cppExport.cmake
[2.272s] -- Up-to-date: /home/rokey-jw/rokeypj_ws/install/turtlebot3_msgs/share/turtlebot3_msgs/cmake/turtlebot3_msgs__rosidl_typesupport_cppExport-noconfig.cmake
[2.272s] -- Up-to-date: /home/rokey-jw/rokeypj_ws/install/turtlebot3_msgs/share/turtlebot3_msgs/cmake/export_turtlebot3_msgs__rosidl_generator_pyExport.cmake
[2.272s] -- Up-to-date: /home/rokey-jw/rokeypj_ws/install/turtlebot3_msgs/share/turtlebot3_msgs/cmake/export_turtlebot3_msgs__rosidl_generator_pyExport-noconfig.cmake
[2.279s] Invoked command in '/home/rokey-jw/rokeypj_ws/build/turtlebot3_msgs' returned '0': CMAKE_PREFIX_PATH=${CMAKE_PREFIX_PATH}:/home/rokey-jw/rokeypj_ws/install/sample_pkg:/home/rokey-jw/rokeypj_ws/install/my_v4l2_camera_launch:/home/rokey-jw/rokeypj_ws/install/lane_follower_pkg:/home/rokey-jw/rokeypj_ws/install/lane_detector:/home/rokey-jw/rokeypj_ws/install/aruco_yolo:/home/rokey-jw/turtlebot3_ws/install/turtlebot3_teleop:/home/rokey-jw/turtlebot3_ws/install/turtlebot3_example:/home/rokey-jw/turtlebot3_ws/install/turtlebot3_autorace_mission:/home/rokey-jw/turtlebot3_ws/install/turtlebot3_autorace_detect:/home/rokey-jw/turtlebot3_ws/install/turtlebot3_autorace_camera:/opt/ros/humble /usr/bin/cmake --install /home/rokey-jw/rokeypj_ws/build/turtlebot3_msgs
