[0.049s] Invoking command in '/home/rokey-jw/rokeypj_ws/build/turtlebot3_msgs': CMAKE_PREFIX_PATH=${CMAKE_PREFIX_PATH}:/home/rokey-jw/rokeypj_ws/install/sample_pkg:/home/rokey-jw/rokeypj_ws/install/my_v4l2_camera_launch:/home/rokey-jw/rokeypj_ws/install/lane_follower_pkg:/home/rokey-jw/rokeypj_ws/install/lane_detector:/home/rokey-jw/rokeypj_ws/install/aruco_yolo:/home/rokey-jw/turtlebot3_ws/install/turtlebot3_teleop:/home/rokey-jw/turtlebot3_ws/install/turtlebot3_example:/home/rokey-jw/turtlebot3_ws/install/turtlebot3_autorace_mission:/home/rokey-jw/turtlebot3_ws/install/turtlebot3_autorace_detect:/home/rokey-jw/turtlebot3_ws/install/turtlebot3_autorace_camera:/opt/ros/humble /usr/bin/cmake /home/rokey-jw/rokeypj_ws/src/turtlebot3_msgs -DAMENT_CMAKE_SYMLINK_INSTALL=1 -DCMAKE_INSTALL_PREFIX=/home/rokey-jw/rokeypj_ws/install/turtlebot3_msgs
[0.241s] -- The C compiler identification is GNU 11.4.0
[0.524s] -- The CXX compiler identification is GNU 11.4.0
[0.553s] -- Detecting C compiler ABI info
[0.959s] -- Detecting C compiler ABI info - done
[0.975s] -- Check for working C compiler: /usr/bin/cc - skipped
[0.980s] -- Detecting C compile features
[0.992s] -- Detecting C compile features - done
[0.999s] -- Detecting CXX compiler ABI info
[1.472s] -- Detecting CXX compiler ABI info - done
[1.498s] -- Check for working CXX compiler: /usr/bin/c++ - skipped
[1.499s] -- Detecting CXX compile features
[1.500s] -- Detecting CXX compile features - done
[1.524s] -- Found action_msgs: 1.2.1 (/opt/ros/humble/share/action_msgs/cmake)
[2.586s] -- Found Python3: /usr/bin/python3 (found version "3.10.12") found components: Interpreter 
[2.922s] -- Override CMake install command with custom implementation using symlinks instead of copying resources
[3.399s] -- Found rosidl_generator_c: 3.1.6 (/opt/ros/humble/share/rosidl_generator_c/cmake)
[3.429s] -- Found rosidl_adapter: 3.1.6 (/opt/ros/humble/share/rosidl_adapter/cmake)
[3.462s] -- Found rosidl_generator_cpp: 3.1.6 (/opt/ros/humble/share/rosidl_generator_cpp/cmake)
[3.528s] -- Using all available rosidl_typesupport_c: rosidl_typesupport_fastrtps_c;rosidl_typesupport_introspection_c
[3.612s] -- Using all available rosidl_typesupport_cpp: rosidl_typesupport_fastrtps_cpp;rosidl_typesupport_introspection_cpp
[3.738s] -- Found rosidl_default_generators: 1.2.0 (/opt/ros/humble/share/rosidl_default_generators/cmake)
[3.811s] -- Found std_msgs: 4.8.0 (/opt/ros/humble/share/std_msgs/cmake)
[3.849s] -- Found geometry_msgs: 4.8.0 (/opt/ros/humble/share/geometry_msgs/cmake)
[5.455s] -- Found ament_cmake_cppcheck: 0.12.12 (/opt/ros/humble/share/ament_cmake_cppcheck/cmake)
[5.481s] -- Found ament_cmake_cpplint: 0.12.12 (/opt/ros/humble/share/ament_cmake_cpplint/cmake)
[5.513s] -- Found ament_cmake_uncrustify: 0.12.12 (/opt/ros/humble/share/ament_cmake_uncrustify/cmake)
[5.541s] -- Found ament_cmake_ros: 0.10.0 (/opt/ros/humble/share/ament_cmake_ros/cmake)
[6.992s] -- Using all available rosidl_typesupport_c: rosidl_typesupport_fastrtps_c;rosidl_typesupport_introspection_c
[7.579s] -- Using all available rosidl_typesupport_cpp: rosidl_typesupport_fastrtps_cpp;rosidl_typesupport_introspection_cpp
[7.652s] -- Found PythonInterp: /usr/bin/python3 (found suitable version "3.10.12", minimum required is "3.6") 
[7.665s] -- Found python_cmake_module: 0.10.0 (/opt/ros/humble/share/python_cmake_module/cmake)
[7.775s] -- Found PythonLibs: /usr/lib/aarch64-linux-gnu/libpython3.10.so (found suitable version "3.10.12", minimum required is "3.5") 
[7.784s] -- Using PYTHON_EXECUTABLE: /usr/bin/python3
[7.785s] -- Using PYTHON_INCLUDE_DIRS: /usr/include/python3.10
[7.785s] -- Using PYTHON_LIBRARIES: /usr/lib/aarch64-linux-gnu/libpython3.10.so
[7.854s] -- Found PythonExtra: .so  
[8.212s] -- Found ament_cmake_flake8: 0.12.12 (/opt/ros/humble/share/ament_cmake_flake8/cmake)
[8.241s] -- Found ament_cmake_pep257: 0.12.12 (/opt/ros/humble/share/ament_cmake_pep257/cmake)
[8.296s] -- Configuring done
[8.487s] -- Generating done
[8.516s] -- Build files have been written to: /home/rokey-jw/rokeypj_ws/build/turtlebot3_msgs
[8.572s] Invoked command in '/home/rokey-jw/rokeypj_ws/build/turtlebot3_msgs' returned '0': CMAKE_PREFIX_PATH=${CMAKE_PREFIX_PATH}:/home/rokey-jw/rokeypj_ws/install/sample_pkg:/home/rokey-jw/rokeypj_ws/install/my_v4l2_camera_launch:/home/rokey-jw/rokeypj_ws/install/lane_follower_pkg:/home/rokey-jw/rokeypj_ws/install/lane_detector:/home/rokey-jw/rokeypj_ws/install/aruco_yolo:/home/rokey-jw/turtlebot3_ws/install/turtlebot3_teleop:/home/rokey-jw/turtlebot3_ws/install/turtlebot3_example:/home/rokey-jw/turtlebot3_ws/install/turtlebot3_autorace_mission:/home/rokey-jw/turtlebot3_ws/install/turtlebot3_autorace_detect:/home/rokey-jw/turtlebot3_ws/install/turtlebot3_autorace_camera:/opt/ros/humble /usr/bin/cmake /home/rokey-jw/rokeypj_ws/src/turtlebot3_msgs -DAMENT_CMAKE_SYMLINK_INSTALL=1 -DCMAKE_INSTALL_PREFIX=/home/rokey-jw/rokeypj_ws/install/turtlebot3_msgs
[8.574s] Invoking command in '/home/rokey-jw/rokeypj_ws/build/turtlebot3_msgs': CMAKE_PREFIX_PATH=${CMAKE_PREFIX_PATH}:/home/rokey-jw/rokeypj_ws/install/sample_pkg:/home/rokey-jw/rokeypj_ws/install/my_v4l2_camera_launch:/home/rokey-jw/rokeypj_ws/install/lane_follower_pkg:/home/rokey-jw/rokeypj_ws/install/lane_detector:/home/rokey-jw/rokeypj_ws/install/aruco_yolo:/home/rokey-jw/turtlebot3_ws/install/turtlebot3_teleop:/home/rokey-jw/turtlebot3_ws/install/turtlebot3_example:/home/rokey-jw/turtlebot3_ws/install/turtlebot3_autorace_mission:/home/rokey-jw/turtlebot3_ws/install/turtlebot3_autorace_detect:/home/rokey-jw/turtlebot3_ws/install/turtlebot3_autorace_camera:/opt/ros/humble /usr/bin/cmake --build /home/rokey-jw/rokeypj_ws/build/turtlebot3_msgs -- -j6 -l6
[8.798s] [  1%] [34m[1mGenerating C code for ROS interfaces[0m
[8.930s] [  2%] [34m[1mGenerating C++ code for ROS interfaces[0m
[8.963s] [  2%] Built target ament_cmake_python_symlink_turtlebot3_msgs
[10.138s] running egg_info
[10.140s] creating turtlebot3_msgs.egg-info
[10.141s] writing turtlebot3_msgs.egg-info/PKG-INFO
[10.143s] writing dependency_links to turtlebot3_msgs.egg-info/dependency_links.txt
[10.143s] writing top-level names to turtlebot3_msgs.egg-info/top_level.txt
[10.144s] writing manifest file 'turtlebot3_msgs.egg-info/SOURCES.txt'
[10.151s] reading manifest file 'turtlebot3_msgs.egg-info/SOURCES.txt'
[10.153s] writing manifest file 'turtlebot3_msgs.egg-info/SOURCES.txt'
[10.287s] [  2%] Built target ament_cmake_python_build_turtlebot3_msgs_egg
[11.780s] [  4%] [32mBuilding C object CMakeFiles/turtlebot3_msgs__rosidl_generator_c.dir/rosidl_generator_c/turtlebot3_msgs/msg/detail/sound__functions.c.o[0m
[11.780s] [  5%] [32mBuilding C object CMakeFiles/turtlebot3_msgs__rosidl_generator_c.dir/rosidl_generator_c/turtlebot3_msgs/msg/detail/sensor_state__functions.c.o[0m
[11.799s] [  8%] [32mBuilding C object CMakeFiles/turtlebot3_msgs__rosidl_generator_c.dir/rosidl_generator_c/turtlebot3_msgs/srv/detail/sound__functions.c.o[0m
[11.799s] [  8%] [32mBuilding C object CMakeFiles/turtlebot3_msgs__rosidl_generator_c.dir/rosidl_generator_c/turtlebot3_msgs/msg/detail/version_info__functions.c.o[0m
[11.822s] [  9%] [32mBuilding C object CMakeFiles/turtlebot3_msgs__rosidl_generator_c.dir/rosidl_generator_c/turtlebot3_msgs/srv/detail/dqn__functions.c.o[0m
[11.994s] [ 11%] [32mBuilding C object CMakeFiles/turtlebot3_msgs__rosidl_generator_c.dir/rosidl_generator_c/turtlebot3_msgs/action/detail/patrol__functions.c.o[0m
[12.292s] [ 11%] Built target turtlebot3_msgs__cpp
[12.318s] [ 12%] [34m[1mGenerating C++ type support dispatch for ROS interfaces[0m
[12.345s] [ 14%] [34m[1mGenerating C++ introspection for ROS interfaces[0m
[12.354s] [ 15%] [34m[1mGenerating C++ type support for eProsima Fast-RTPS[0m
[12.427s] [ 16%] [32m[1mLinking C shared library libturtlebot3_msgs__rosidl_generator_c.so[0m
[12.629s] [ 16%] Built target turtlebot3_msgs__rosidl_generator_c
[12.691s] [ 18%] [34m[1mGenerating C type support for eProsima Fast-RTPS[0m
[12.707s] [ 19%] [34m[1mGenerating C introspection for ROS interfaces[0m
[12.719s] [ 21%] [34m[1mGenerating C type support dispatch for ROS interfaces[0m
[14.934s] [ 22%] [32mBuilding CXX object CMakeFiles/turtlebot3_msgs__rosidl_typesupport_cpp.dir/rosidl_typesupport_cpp/turtlebot3_msgs/msg/sensor_state__type_support.cpp.o[0m
[15.075s] [ 23%] [32mBuilding CXX object CMakeFiles/turtlebot3_msgs__rosidl_typesupport_introspection_cpp.dir/rosidl_typesupport_introspection_cpp/turtlebot3_msgs/msg/detail/sensor_state__type_support.cpp.o[0m
[15.199s] [ 25%] [32mBuilding CXX object CMakeFiles/turtlebot3_msgs__rosidl_typesupport_c.dir/rosidl_typesupport_c/turtlebot3_msgs/msg/sensor_state__type_support.cpp.o[0m
[15.364s] [ 26%] [32mBuilding CXX object CMakeFiles/turtlebot3_msgs__rosidl_typesupport_c.dir/rosidl_typesupport_c/turtlebot3_msgs/msg/sound__type_support.cpp.o[0m
[15.493s] [ 28%] [32mBuilding CXX object CMakeFiles/turtlebot3_msgs__rosidl_typesupport_c.dir/rosidl_typesupport_c/turtlebot3_msgs/msg/version_info__type_support.cpp.o[0m
[15.611s] [ 29%] [32mBuilding CXX object CMakeFiles/turtlebot3_msgs__rosidl_typesupport_c.dir/rosidl_typesupport_c/turtlebot3_msgs/srv/sound__type_support.cpp.o[0m
[15.723s] [ 30%] [32mBuilding C object CMakeFiles/turtlebot3_msgs__rosidl_typesupport_introspection_c.dir/rosidl_typesupport_introspection_c/turtlebot3_msgs/msg/detail/sensor_state__type_support.c.o[0m
[15.742s] [ 32%] [32mBuilding CXX object CMakeFiles/turtlebot3_msgs__rosidl_typesupport_fastrtps_c.dir/rosidl_typesupport_fastrtps_c/turtlebot3_msgs/msg/detail/sensor_state__type_support_c.cpp.o[0m
[15.790s] [ 33%] [32mBuilding CXX object CMakeFiles/turtlebot3_msgs__rosidl_typesupport_c.dir/rosidl_typesupport_c/turtlebot3_msgs/srv/dqn__type_support.cpp.o[0m
[15.911s] [ 35%] [32mBuilding C object CMakeFiles/turtlebot3_msgs__rosidl_typesupport_introspection_c.dir/rosidl_typesupport_introspection_c/turtlebot3_msgs/msg/detail/sound__type_support.c.o[0m
[15.987s] [ 36%] [32mBuilding CXX object CMakeFiles/turtlebot3_msgs__rosidl_typesupport_fastrtps_cpp.dir/rosidl_typesupport_fastrtps_cpp/turtlebot3_msgs/msg/detail/dds_fastrtps/sensor_state__type_support.cpp.o[0m
[16.055s] [ 38%] [32mBuilding CXX object CMakeFiles/turtlebot3_msgs__rosidl_typesupport_c.dir/rosidl_typesupport_c/turtlebot3_msgs/action/patrol__type_support.cpp.o[0m
[16.136s] [ 39%] [32mBuilding C object CMakeFiles/turtlebot3_msgs__rosidl_typesupport_introspection_c.dir/rosidl_typesupport_introspection_c/turtlebot3_msgs/msg/detail/version_info__type_support.c.o[0m
[16.208s] [ 40%] [32mBuilding CXX object CMakeFiles/turtlebot3_msgs__rosidl_typesupport_cpp.dir/rosidl_typesupport_cpp/turtlebot3_msgs/msg/sound__type_support.cpp.o[0m
[16.395s] [ 42%] [32m[1mLinking CXX shared library libturtlebot3_msgs__rosidl_typesupport_c.so[0m
[16.424s] [ 43%] [32mBuilding C object CMakeFiles/turtlebot3_msgs__rosidl_typesupport_introspection_c.dir/rosidl_typesupport_introspection_c/turtlebot3_msgs/srv/detail/sound__type_support.c.o[0m
[16.583s] [ 45%] [32mBuilding CXX object CMakeFiles/turtlebot3_msgs__rosidl_typesupport_introspection_cpp.dir/rosidl_typesupport_introspection_cpp/turtlebot3_msgs/msg/detail/sound__type_support.cpp.o[0m
[16.636s] [ 45%] Built target turtlebot3_msgs__rosidl_typesupport_c
[16.647s] [ 46%] [32mBuilding C object CMakeFiles/turtlebot3_msgs__rosidl_typesupport_introspection_c.dir/rosidl_typesupport_introspection_c/turtlebot3_msgs/srv/detail/dqn__type_support.c.o[0m
[16.703s] [ 47%] [32mBuilding C object CMakeFiles/turtlebot3_msgs__rosidl_typesupport_introspection_c.dir/rosidl_typesupport_introspection_c/turtlebot3_msgs/action/detail/patrol__type_support.c.o[0m
[16.914s] [ 49%] [32mBuilding CXX object CMakeFiles/turtlebot3_msgs__rosidl_typesupport_introspection_cpp.dir/rosidl_typesupport_introspection_cpp/turtlebot3_msgs/msg/detail/version_info__type_support.cpp.o[0m
[17.046s] [ 50%] [32m[1mLinking C shared library libturtlebot3_msgs__rosidl_typesupport_introspection_c.so[0m
[17.265s] [ 50%] Built target turtlebot3_msgs__rosidl_typesupport_introspection_c
[17.310s] [ 52%] [32mBuilding CXX object CMakeFiles/turtlebot3_msgs__rosidl_typesupport_fastrtps_c.dir/rosidl_typesupport_fastrtps_c/turtlebot3_msgs/msg/detail/sound__type_support_c.cpp.o[0m
[17.324s] [ 53%] [32mBuilding CXX object CMakeFiles/turtlebot3_msgs__rosidl_typesupport_fastrtps_c.dir/rosidl_typesupport_fastrtps_c/turtlebot3_msgs/msg/detail/version_info__type_support_c.cpp.o[0m
[17.595s] [ 54%] [32mBuilding CXX object CMakeFiles/turtlebot3_msgs__rosidl_typesupport_cpp.dir/rosidl_typesupport_cpp/turtlebot3_msgs/msg/version_info__type_support.cpp.o[0m
[18.063s] [ 56%] [32mBuilding CXX object CMakeFiles/turtlebot3_msgs__rosidl_typesupport_fastrtps_cpp.dir/rosidl_typesupport_fastrtps_cpp/turtlebot3_msgs/msg/detail/dds_fastrtps/sound__type_support.cpp.o[0m
[18.568s] [ 57%] [32mBuilding CXX object CMakeFiles/turtlebot3_msgs__rosidl_typesupport_fastrtps_cpp.dir/rosidl_typesupport_fastrtps_cpp/turtlebot3_msgs/msg/detail/dds_fastrtps/version_info__type_support.cpp.o[0m
[18.746s] [ 59%] [32mBuilding CXX object CMakeFiles/turtlebot3_msgs__rosidl_typesupport_introspection_cpp.dir/rosidl_typesupport_introspection_cpp/turtlebot3_msgs/srv/detail/sound__type_support.cpp.o[0m
[18.801s] [ 60%] [32mBuilding CXX object CMakeFiles/turtlebot3_msgs__rosidl_typesupport_cpp.dir/rosidl_typesupport_cpp/turtlebot3_msgs/srv/sound__type_support.cpp.o[0m
[18.920s] [ 61%] [32mBuilding CXX object CMakeFiles/turtlebot3_msgs__rosidl_typesupport_fastrtps_c.dir/rosidl_typesupport_fastrtps_c/turtlebot3_msgs/srv/detail/sound__type_support_c.cpp.o[0m
[19.016s] [ 63%] [32mBuilding CXX object CMakeFiles/turtlebot3_msgs__rosidl_typesupport_fastrtps_c.dir/rosidl_typesupport_fastrtps_c/turtlebot3_msgs/srv/detail/dqn__type_support_c.cpp.o[0m
[19.914s] [ 64%] [32mBuilding CXX object CMakeFiles/turtlebot3_msgs__rosidl_typesupport_fastrtps_cpp.dir/rosidl_typesupport_fastrtps_cpp/turtlebot3_msgs/srv/detail/dds_fastrtps/sound__type_support.cpp.o[0m
[20.049s] [ 66%] [32mBuilding CXX object CMakeFiles/turtlebot3_msgs__rosidl_typesupport_cpp.dir/rosidl_typesupport_cpp/turtlebot3_msgs/srv/dqn__type_support.cpp.o[0m
[20.228s] [ 67%] [32mBuilding CXX object CMakeFiles/turtlebot3_msgs__rosidl_typesupport_fastrtps_cpp.dir/rosidl_typesupport_fastrtps_cpp/turtlebot3_msgs/srv/detail/dds_fastrtps/dqn__type_support.cpp.o[0m
[20.348s] [ 69%] [32mBuilding CXX object CMakeFiles/turtlebot3_msgs__rosidl_typesupport_fastrtps_c.dir/rosidl_typesupport_fastrtps_c/turtlebot3_msgs/action/detail/patrol__type_support_c.cpp.o[0m
[20.472s] [ 70%] [32mBuilding CXX object CMakeFiles/turtlebot3_msgs__rosidl_typesupport_introspection_cpp.dir/rosidl_typesupport_introspection_cpp/turtlebot3_msgs/srv/detail/dqn__type_support.cpp.o[0m
[20.690s] [ 71%] [32mBuilding CXX object CMakeFiles/turtlebot3_msgs__rosidl_typesupport_introspection_cpp.dir/rosidl_typesupport_introspection_cpp/turtlebot3_msgs/action/detail/patrol__type_support.cpp.o[0m
[21.232s] [ 73%] [32mBuilding CXX object CMakeFiles/turtlebot3_msgs__rosidl_typesupport_cpp.dir/rosidl_typesupport_cpp/turtlebot3_msgs/action/patrol__type_support.cpp.o[0m
[21.832s] [ 74%] [32mBuilding CXX object CMakeFiles/turtlebot3_msgs__rosidl_typesupport_fastrtps_cpp.dir/rosidl_typesupport_fastrtps_cpp/turtlebot3_msgs/action/detail/dds_fastrtps/patrol__type_support.cpp.o[0m
[22.311s] [ 76%] [32m[1mLinking CXX shared library libturtlebot3_msgs__rosidl_typesupport_fastrtps_c.so[0m
[22.590s] [ 76%] Built target turtlebot3_msgs__rosidl_typesupport_fastrtps_c
[23.041s] [ 77%] [32m[1mLinking CXX shared library libturtlebot3_msgs__rosidl_typesupport_cpp.so[0m
[23.062s] [ 78%] [32m[1mLinking CXX shared library libturtlebot3_msgs__rosidl_typesupport_introspection_cpp.so[0m
[23.259s] [ 78%] Built target turtlebot3_msgs__rosidl_typesupport_cpp
[23.285s] [ 78%] Built target turtlebot3_msgs__rosidl_typesupport_introspection_cpp
[23.662s] [ 80%] [32m[1mLinking CXX shared library libturtlebot3_msgs__rosidl_typesupport_fastrtps_cpp.so[0m
[23.837s] [ 80%] Built target turtlebot3_msgs__rosidl_typesupport_fastrtps_cpp
[23.887s] [ 80%] Built target turtlebot3_msgs
[23.936s] [ 81%] [34m[1mGenerating Python code for ROS interfaces[0m
[27.849s] [ 81%] Built target turtlebot3_msgs__py
[27.916s] [ 83%] [32mBuilding C object CMakeFiles/turtlebot3_msgs__rosidl_generator_py.dir/rosidl_generator_py/turtlebot3_msgs/msg/_sound_s.c.o[0m
[27.930s] [ 84%] [32mBuilding C object CMakeFiles/turtlebot3_msgs__rosidl_generator_py.dir/rosidl_generator_py/turtlebot3_msgs/msg/_sensor_state_s.c.o[0m
[27.949s] [ 85%] [32mBuilding C object CMakeFiles/turtlebot3_msgs__rosidl_generator_py.dir/rosidl_generator_py/turtlebot3_msgs/msg/_version_info_s.c.o[0m
[27.954s] [ 87%] [32mBuilding C object CMakeFiles/turtlebot3_msgs__rosidl_generator_py.dir/rosidl_generator_py/turtlebot3_msgs/srv/_dqn_s.c.o[0m
[27.958s] [ 90%] [32mBuilding C object CMakeFiles/turtlebot3_msgs__rosidl_generator_py.dir/rosidl_generator_py/turtlebot3_msgs/action/_patrol_s.c.o[0m
[27.960s] [ 90%] [32mBuilding C object CMakeFiles/turtlebot3_msgs__rosidl_generator_py.dir/rosidl_generator_py/turtlebot3_msgs/srv/_sound_s.c.o[0m
[28.509s] [ 91%] [32m[1mLinking C shared library rosidl_generator_py/turtlebot3_msgs/libturtlebot3_msgs__rosidl_generator_py.so[0m
[28.638s] [ 91%] Built target turtlebot3_msgs__rosidl_generator_py
[28.703s] [ 92%] [32mBuilding C object CMakeFiles/turtlebot3_msgs__rosidl_typesupport_c__pyext.dir/rosidl_generator_py/turtlebot3_msgs/_turtlebot3_msgs_s.ep.rosidl_typesupport_c.c.o[0m
[28.708s] [ 94%] [32mBuilding C object CMakeFiles/turtlebot3_msgs__rosidl_typesupport_introspection_c__pyext.dir/rosidl_generator_py/turtlebot3_msgs/_turtlebot3_msgs_s.ep.rosidl_typesupport_introspection_c.c.o[0m
[28.715s] [ 95%] [32mBuilding C object CMakeFiles/turtlebot3_msgs__rosidl_typesupport_fastrtps_c__pyext.dir/rosidl_generator_py/turtlebot3_msgs/_turtlebot3_msgs_s.ep.rosidl_typesupport_fastrtps_c.c.o[0m
[29.109s] [ 97%] [32m[1mLinking C shared library rosidl_generator_py/turtlebot3_msgs/turtlebot3_msgs_s__rosidl_typesupport_c.cpython-310-aarch64-linux-gnu.so[0m
[29.151s] [ 98%] [32m[1mLinking C shared library rosidl_generator_py/turtlebot3_msgs/turtlebot3_msgs_s__rosidl_typesupport_fastrtps_c.cpython-310-aarch64-linux-gnu.so[0m
[29.168s] [100%] [32m[1mLinking C shared library rosidl_generator_py/turtlebot3_msgs/turtlebot3_msgs_s__rosidl_typesupport_introspection_c.cpython-310-aarch64-linux-gnu.so[0m
[29.307s] [100%] Built target turtlebot3_msgs__rosidl_typesupport_c__pyext
[29.310s] [100%] Built target turtlebot3_msgs__rosidl_typesupport_fastrtps_c__pyext
[29.342s] [100%] Built target turtlebot3_msgs__rosidl_typesupport_introspection_c__pyext
[29.372s] Invoked command in '/home/rokey-jw/rokeypj_ws/build/turtlebot3_msgs' returned '0': CMAKE_PREFIX_PATH=${CMAKE_PREFIX_PATH}:/home/rokey-jw/rokeypj_ws/install/sample_pkg:/home/rokey-jw/rokeypj_ws/install/my_v4l2_camera_launch:/home/rokey-jw/rokeypj_ws/install/lane_follower_pkg:/home/rokey-jw/rokeypj_ws/install/lane_detector:/home/rokey-jw/rokeypj_ws/install/aruco_yolo:/home/rokey-jw/turtlebot3_ws/install/turtlebot3_teleop:/home/rokey-jw/turtlebot3_ws/install/turtlebot3_example:/home/rokey-jw/turtlebot3_ws/install/turtlebot3_autorace_mission:/home/rokey-jw/turtlebot3_ws/install/turtlebot3_autorace_detect:/home/rokey-jw/turtlebot3_ws/install/turtlebot3_autorace_camera:/opt/ros/humble /usr/bin/cmake --build /home/rokey-jw/rokeypj_ws/build/turtlebot3_msgs -- -j6 -l6
[29.376s] Invoking command in '/home/rokey-jw/rokeypj_ws/build/turtlebot3_msgs': CMAKE_PREFIX_PATH=${CMAKE_PREFIX_PATH}:/home/rokey-jw/rokeypj_ws/install/sample_pkg:/home/rokey-jw/rokeypj_ws/install/my_v4l2_camera_launch:/home/rokey-jw/rokeypj_ws/install/lane_follower_pkg:/home/rokey-jw/rokeypj_ws/install/lane_detector:/home/rokey-jw/rokeypj_ws/install/aruco_yolo:/home/rokey-jw/turtlebot3_ws/install/turtlebot3_teleop:/home/rokey-jw/turtlebot3_ws/install/turtlebot3_example:/home/rokey-jw/turtlebot3_ws/install/turtlebot3_autorace_mission:/home/rokey-jw/turtlebot3_ws/install/turtlebot3_autorace_detect:/home/rokey-jw/turtlebot3_ws/install/turtlebot3_autorace_camera:/opt/ros/humble /usr/bin/cmake --install /home/rokey-jw/rokeypj_ws/build/turtlebot3_msgs
[29.394s] -- Install configuration: ""
[29.395s] -- Execute custom install script
[29.396s] -- Symlinking: /home/rokey-jw/rokeypj_ws/install/turtlebot3_msgs/share/ament_index/resource_index/rosidl_interfaces/turtlebot3_msgs
[29.419s] -- Symlinking: /home/rokey-jw/rokeypj_ws/install/turtlebot3_msgs/include/turtlebot3_msgs/turtlebot3_msgs/action/detail/patrol__functions.h
[29.447s] -- Symlinking: /home/rokey-jw/rokeypj_ws/install/turtlebot3_msgs/include/turtlebot3_msgs/turtlebot3_msgs/action/detail/patrol__struct.h
[29.467s] -- Symlinking: /home/rokey-jw/rokeypj_ws/install/turtlebot3_msgs/include/turtlebot3_msgs/turtlebot3_msgs/action/detail/patrol__type_support.h
[29.488s] -- Symlinking: /home/rokey-jw/rokeypj_ws/install/turtlebot3_msgs/include/turtlebot3_msgs/turtlebot3_msgs/action/patrol.h
[29.508s] -- Symlinking: /home/rokey-jw/rokeypj_ws/install/turtlebot3_msgs/include/turtlebot3_msgs/turtlebot3_msgs/msg/detail/sensor_state__functions.h
[29.528s] -- Symlinking: /home/rokey-jw/rokeypj_ws/install/turtlebot3_msgs/include/turtlebot3_msgs/turtlebot3_msgs/msg/detail/sensor_state__struct.h
[29.552s] -- Symlinking: /home/rokey-jw/rokeypj_ws/install/turtlebot3_msgs/include/turtlebot3_msgs/turtlebot3_msgs/msg/detail/sensor_state__type_support.h
[29.572s] -- Symlinking: /home/rokey-jw/rokeypj_ws/install/turtlebot3_msgs/include/turtlebot3_msgs/turtlebot3_msgs/msg/detail/sound__functions.h
[29.591s] -- Symlinking: /home/rokey-jw/rokeypj_ws/install/turtlebot3_msgs/include/turtlebot3_msgs/turtlebot3_msgs/msg/detail/sound__struct.h
[29.612s] -- Symlinking: /home/rokey-jw/rokeypj_ws/install/turtlebot3_msgs/include/turtlebot3_msgs/turtlebot3_msgs/msg/detail/sound__type_support.h
[29.636s] -- Symlinking: /home/rokey-jw/rokeypj_ws/install/turtlebot3_msgs/include/turtlebot3_msgs/turtlebot3_msgs/msg/detail/version_info__functions.h
[29.656s] -- Symlinking: /home/rokey-jw/rokeypj_ws/install/turtlebot3_msgs/include/turtlebot3_msgs/turtlebot3_msgs/msg/detail/version_info__struct.h
[29.676s] -- Symlinking: /home/rokey-jw/rokeypj_ws/install/turtlebot3_msgs/include/turtlebot3_msgs/turtlebot3_msgs/msg/detail/version_info__type_support.h
[29.697s] -- Symlinking: /home/rokey-jw/rokeypj_ws/install/turtlebot3_msgs/include/turtlebot3_msgs/turtlebot3_msgs/msg/rosidl_generator_c__visibility_control.h
[29.717s] -- Symlinking: /home/rokey-jw/rokeypj_ws/install/turtlebot3_msgs/include/turtlebot3_msgs/turtlebot3_msgs/msg/sensor_state.h
[29.738s] -- Symlinking: /home/rokey-jw/rokeypj_ws/install/turtlebot3_msgs/include/turtlebot3_msgs/turtlebot3_msgs/msg/sound.h
[29.758s] -- Symlinking: /home/rokey-jw/rokeypj_ws/install/turtlebot3_msgs/include/turtlebot3_msgs/turtlebot3_msgs/msg/version_info.h
[29.779s] -- Symlinking: /home/rokey-jw/rokeypj_ws/install/turtlebot3_msgs/include/turtlebot3_msgs/turtlebot3_msgs/srv/detail/dqn__functions.h
[29.800s] -- Symlinking: /home/rokey-jw/rokeypj_ws/install/turtlebot3_msgs/include/turtlebot3_msgs/turtlebot3_msgs/srv/detail/dqn__struct.h
[29.819s] -- Symlinking: /home/rokey-jw/rokeypj_ws/install/turtlebot3_msgs/include/turtlebot3_msgs/turtlebot3_msgs/srv/detail/dqn__type_support.h
[29.840s] -- Symlinking: /home/rokey-jw/rokeypj_ws/install/turtlebot3_msgs/include/turtlebot3_msgs/turtlebot3_msgs/srv/detail/sound__functions.h
[29.859s] -- Symlinking: /home/rokey-jw/rokeypj_ws/install/turtlebot3_msgs/include/turtlebot3_msgs/turtlebot3_msgs/srv/detail/sound__struct.h
[29.879s] -- Symlinking: /home/rokey-jw/rokeypj_ws/install/turtlebot3_msgs/include/turtlebot3_msgs/turtlebot3_msgs/srv/detail/sound__type_support.h
[29.901s] -- Symlinking: /home/rokey-jw/rokeypj_ws/install/turtlebot3_msgs/include/turtlebot3_msgs/turtlebot3_msgs/srv/dqn.h
[29.922s] -- Symlinking: /home/rokey-jw/rokeypj_ws/install/turtlebot3_msgs/include/turtlebot3_msgs/turtlebot3_msgs/srv/sound.h
[29.949s] -- Symlinking: /home/rokey-jw/rokeypj_ws/install/turtlebot3_msgs/share/turtlebot3_msgs/environment/library_path.sh
[29.968s] -- Symlinking: /home/rokey-jw/rokeypj_ws/install/turtlebot3_msgs/share/turtlebot3_msgs/environment/library_path.dsv
[29.990s] -- Symlinking: /home/rokey-jw/rokeypj_ws/install/turtlebot3_msgs/include/turtlebot3_msgs/turtlebot3_msgs/action/detail/patrol__rosidl_typesupport_fastrtps_c.h
[30.011s] -- Symlinking: /home/rokey-jw/rokeypj_ws/install/turtlebot3_msgs/include/turtlebot3_msgs/turtlebot3_msgs/msg/detail/sensor_state__rosidl_typesupport_fastrtps_c.h
[30.029s] -- Symlinking: /home/rokey-jw/rokeypj_ws/install/turtlebot3_msgs/include/turtlebot3_msgs/turtlebot3_msgs/msg/detail/sound__rosidl_typesupport_fastrtps_c.h
[30.050s] -- Symlinking: /home/rokey-jw/rokeypj_ws/install/turtlebot3_msgs/include/turtlebot3_msgs/turtlebot3_msgs/msg/detail/version_info__rosidl_typesupport_fastrtps_c.h
[30.071s] -- Symlinking: /home/rokey-jw/rokeypj_ws/install/turtlebot3_msgs/include/turtlebot3_msgs/turtlebot3_msgs/msg/rosidl_typesupport_fastrtps_c__visibility_control.h
[30.093s] -- Symlinking: /home/rokey-jw/rokeypj_ws/install/turtlebot3_msgs/include/turtlebot3_msgs/turtlebot3_msgs/srv/detail/dqn__rosidl_typesupport_fastrtps_c.h
[30.116s] -- Symlinking: /home/rokey-jw/rokeypj_ws/install/turtlebot3_msgs/include/turtlebot3_msgs/turtlebot3_msgs/srv/detail/sound__rosidl_typesupport_fastrtps_c.h
[30.140s] -- Symlinking: /home/rokey-jw/rokeypj_ws/install/turtlebot3_msgs/include/turtlebot3_msgs/turtlebot3_msgs/action/detail/patrol__builder.hpp
[30.160s] -- Symlinking: /home/rokey-jw/rokeypj_ws/install/turtlebot3_msgs/include/turtlebot3_msgs/turtlebot3_msgs/action/detail/patrol__struct.hpp
[30.180s] -- Symlinking: /home/rokey-jw/rokeypj_ws/install/turtlebot3_msgs/include/turtlebot3_msgs/turtlebot3_msgs/action/detail/patrol__traits.hpp
[30.200s] -- Symlinking: /home/rokey-jw/rokeypj_ws/install/turtlebot3_msgs/include/turtlebot3_msgs/turtlebot3_msgs/action/detail/patrol__type_support.hpp
[30.224s] -- Symlinking: /home/rokey-jw/rokeypj_ws/install/turtlebot3_msgs/include/turtlebot3_msgs/turtlebot3_msgs/action/patrol.hpp
[30.245s] -- Symlinking: /home/rokey-jw/rokeypj_ws/install/turtlebot3_msgs/include/turtlebot3_msgs/turtlebot3_msgs/msg/detail/sensor_state__builder.hpp
[30.266s] -- Symlinking: /home/rokey-jw/rokeypj_ws/install/turtlebot3_msgs/include/turtlebot3_msgs/turtlebot3_msgs/msg/detail/sensor_state__struct.hpp
[30.296s] -- Symlinking: /home/rokey-jw/rokeypj_ws/install/turtlebot3_msgs/include/turtlebot3_msgs/turtlebot3_msgs/msg/detail/sensor_state__traits.hpp
[30.314s] -- Symlinking: /home/rokey-jw/rokeypj_ws/install/turtlebot3_msgs/include/turtlebot3_msgs/turtlebot3_msgs/msg/detail/sensor_state__type_support.hpp
[30.335s] -- Symlinking: /home/rokey-jw/rokeypj_ws/install/turtlebot3_msgs/include/turtlebot3_msgs/turtlebot3_msgs/msg/detail/sound__builder.hpp
[30.355s] -- Symlinking: /home/rokey-jw/rokeypj_ws/install/turtlebot3_msgs/include/turtlebot3_msgs/turtlebot3_msgs/msg/detail/sound__struct.hpp
[30.375s] -- Symlinking: /home/rokey-jw/rokeypj_ws/install/turtlebot3_msgs/include/turtlebot3_msgs/turtlebot3_msgs/msg/detail/sound__traits.hpp
[30.397s] -- Symlinking: /home/rokey-jw/rokeypj_ws/install/turtlebot3_msgs/include/turtlebot3_msgs/turtlebot3_msgs/msg/detail/sound__type_support.hpp
[30.419s] -- Symlinking: /home/rokey-jw/rokeypj_ws/install/turtlebot3_msgs/include/turtlebot3_msgs/turtlebot3_msgs/msg/detail/version_info__builder.hpp
[30.441s] -- Symlinking: /home/rokey-jw/rokeypj_ws/install/turtlebot3_msgs/include/turtlebot3_msgs/turtlebot3_msgs/msg/detail/version_info__struct.hpp
[30.467s] -- Symlinking: /home/rokey-jw/rokeypj_ws/install/turtlebot3_msgs/include/turtlebot3_msgs/turtlebot3_msgs/msg/detail/version_info__traits.hpp
[30.488s] -- Symlinking: /home/rokey-jw/rokeypj_ws/install/turtlebot3_msgs/include/turtlebot3_msgs/turtlebot3_msgs/msg/detail/version_info__type_support.hpp
[30.510s] -- Symlinking: /home/rokey-jw/rokeypj_ws/install/turtlebot3_msgs/include/turtlebot3_msgs/turtlebot3_msgs/msg/rosidl_generator_cpp__visibility_control.hpp
[30.538s] -- Symlinking: /home/rokey-jw/rokeypj_ws/install/turtlebot3_msgs/include/turtlebot3_msgs/turtlebot3_msgs/msg/sensor_state.hpp
[30.558s] -- Symlinking: /home/rokey-jw/rokeypj_ws/install/turtlebot3_msgs/include/turtlebot3_msgs/turtlebot3_msgs/msg/sound.hpp
[30.577s] -- Symlinking: /home/rokey-jw/rokeypj_ws/install/turtlebot3_msgs/include/turtlebot3_msgs/turtlebot3_msgs/msg/version_info.hpp
[30.599s] -- Symlinking: /home/rokey-jw/rokeypj_ws/install/turtlebot3_msgs/include/turtlebot3_msgs/turtlebot3_msgs/srv/detail/dqn__builder.hpp
[30.620s] -- Symlinking: /home/rokey-jw/rokeypj_ws/install/turtlebot3_msgs/include/turtlebot3_msgs/turtlebot3_msgs/srv/detail/dqn__struct.hpp
[30.640s] -- Symlinking: /home/rokey-jw/rokeypj_ws/install/turtlebot3_msgs/include/turtlebot3_msgs/turtlebot3_msgs/srv/detail/dqn__traits.hpp
[30.663s] -- Symlinking: /home/rokey-jw/rokeypj_ws/install/turtlebot3_msgs/include/turtlebot3_msgs/turtlebot3_msgs/srv/detail/dqn__type_support.hpp
[30.684s] -- Symlinking: /home/rokey-jw/rokeypj_ws/install/turtlebot3_msgs/include/turtlebot3_msgs/turtlebot3_msgs/srv/detail/sound__builder.hpp
[30.706s] -- Symlinking: /home/rokey-jw/rokeypj_ws/install/turtlebot3_msgs/include/turtlebot3_msgs/turtlebot3_msgs/srv/detail/sound__struct.hpp
[30.732s] -- Symlinking: /home/rokey-jw/rokeypj_ws/install/turtlebot3_msgs/include/turtlebot3_msgs/turtlebot3_msgs/srv/detail/sound__traits.hpp
[30.754s] -- Symlinking: /home/rokey-jw/rokeypj_ws/install/turtlebot3_msgs/include/turtlebot3_msgs/turtlebot3_msgs/srv/detail/sound__type_support.hpp
[30.777s] -- Symlinking: /home/rokey-jw/rokeypj_ws/install/turtlebot3_msgs/include/turtlebot3_msgs/turtlebot3_msgs/srv/dqn.hpp
[30.794s] -- Symlinking: /home/rokey-jw/rokeypj_ws/install/turtlebot3_msgs/include/turtlebot3_msgs/turtlebot3_msgs/srv/sound.hpp
[30.816s] -- Symlinking: /home/rokey-jw/rokeypj_ws/install/turtlebot3_msgs/include/turtlebot3_msgs/turtlebot3_msgs/action/detail/patrol__rosidl_typesupport_fastrtps_cpp.hpp
[30.839s] -- Symlinking: /home/rokey-jw/rokeypj_ws/install/turtlebot3_msgs/include/turtlebot3_msgs/turtlebot3_msgs/msg/detail/sensor_state__rosidl_typesupport_fastrtps_cpp.hpp
[30.859s] -- Symlinking: /home/rokey-jw/rokeypj_ws/install/turtlebot3_msgs/include/turtlebot3_msgs/turtlebot3_msgs/msg/detail/sound__rosidl_typesupport_fastrtps_cpp.hpp
[30.880s] -- Symlinking: /home/rokey-jw/rokeypj_ws/install/turtlebot3_msgs/include/turtlebot3_msgs/turtlebot3_msgs/msg/detail/version_info__rosidl_typesupport_fastrtps_cpp.hpp
[30.901s] -- Symlinking: /home/rokey-jw/rokeypj_ws/install/turtlebot3_msgs/include/turtlebot3_msgs/turtlebot3_msgs/msg/rosidl_typesupport_fastrtps_cpp__visibility_control.h
[30.919s] -- Symlinking: /home/rokey-jw/rokeypj_ws/install/turtlebot3_msgs/include/turtlebot3_msgs/turtlebot3_msgs/srv/detail/dqn__rosidl_typesupport_fastrtps_cpp.hpp
[30.944s] -- Symlinking: /home/rokey-jw/rokeypj_ws/install/turtlebot3_msgs/include/turtlebot3_msgs/turtlebot3_msgs/srv/detail/sound__rosidl_typesupport_fastrtps_cpp.hpp
[30.964s] -- Symlinking: /home/rokey-jw/rokeypj_ws/install/turtlebot3_msgs/include/turtlebot3_msgs/turtlebot3_msgs/action/detail/patrol__rosidl_typesupport_introspection_c.h
[30.986s] -- Symlinking: /home/rokey-jw/rokeypj_ws/install/turtlebot3_msgs/include/turtlebot3_msgs/turtlebot3_msgs/msg/detail/sensor_state__rosidl_typesupport_introspection_c.h
[31.008s] -- Symlinking: /home/rokey-jw/rokeypj_ws/install/turtlebot3_msgs/include/turtlebot3_msgs/turtlebot3_msgs/msg/detail/sound__rosidl_typesupport_introspection_c.h
[31.036s] -- Symlinking: /home/rokey-jw/rokeypj_ws/install/turtlebot3_msgs/include/turtlebot3_msgs/turtlebot3_msgs/msg/detail/version_info__rosidl_typesupport_introspection_c.h
[31.057s] -- Symlinking: /home/rokey-jw/rokeypj_ws/install/turtlebot3_msgs/include/turtlebot3_msgs/turtlebot3_msgs/msg/rosidl_typesupport_introspection_c__visibility_control.h
[31.079s] -- Symlinking: /home/rokey-jw/rokeypj_ws/install/turtlebot3_msgs/include/turtlebot3_msgs/turtlebot3_msgs/srv/detail/dqn__rosidl_typesupport_introspection_c.h
[31.099s] -- Symlinking: /home/rokey-jw/rokeypj_ws/install/turtlebot3_msgs/include/turtlebot3_msgs/turtlebot3_msgs/srv/detail/sound__rosidl_typesupport_introspection_c.h
[31.138s] -- Symlinking: /home/rokey-jw/rokeypj_ws/install/turtlebot3_msgs/include/turtlebot3_msgs/turtlebot3_msgs/action/detail/patrol__rosidl_typesupport_introspection_cpp.hpp
[31.159s] -- Symlinking: /home/rokey-jw/rokeypj_ws/install/turtlebot3_msgs/include/turtlebot3_msgs/turtlebot3_msgs/msg/detail/sensor_state__rosidl_typesupport_introspection_cpp.hpp
[31.178s] -- Symlinking: /home/rokey-jw/rokeypj_ws/install/turtlebot3_msgs/include/turtlebot3_msgs/turtlebot3_msgs/msg/detail/sound__rosidl_typesupport_introspection_cpp.hpp
[31.199s] -- Symlinking: /home/rokey-jw/rokeypj_ws/install/turtlebot3_msgs/include/turtlebot3_msgs/turtlebot3_msgs/msg/detail/version_info__rosidl_typesupport_introspection_cpp.hpp
[31.220s] -- Symlinking: /home/rokey-jw/rokeypj_ws/install/turtlebot3_msgs/include/turtlebot3_msgs/turtlebot3_msgs/srv/detail/dqn__rosidl_typesupport_introspection_cpp.hpp
[31.239s] -- Symlinking: /home/rokey-jw/rokeypj_ws/install/turtlebot3_msgs/include/turtlebot3_msgs/turtlebot3_msgs/srv/detail/sound__rosidl_typesupport_introspection_cpp.hpp
[31.259s] -- Symlinking: /home/rokey-jw/rokeypj_ws/install/turtlebot3_msgs/share/turtlebot3_msgs/environment/pythonpath.sh
[31.279s] -- Symlinking: /home/rokey-jw/rokeypj_ws/install/turtlebot3_msgs/share/turtlebot3_msgs/environment/pythonpath.dsv
[31.299s] -- Symlinking: /home/rokey-jw/rokeypj_ws/install/turtlebot3_msgs/local/lib/python3.10/dist-packages/turtlebot3_msgs-2.3.0-py3.10.egg-info/PKG-INFO
[31.320s] -- Symlinking: /home/rokey-jw/rokeypj_ws/install/turtlebot3_msgs/local/lib/python3.10/dist-packages/turtlebot3_msgs-2.3.0-py3.10.egg-info/SOURCES.txt
[31.342s] -- Symlinking: /home/rokey-jw/rokeypj_ws/install/turtlebot3_msgs/local/lib/python3.10/dist-packages/turtlebot3_msgs-2.3.0-py3.10.egg-info/dependency_links.txt
[31.361s] -- Symlinking: /home/rokey-jw/rokeypj_ws/install/turtlebot3_msgs/local/lib/python3.10/dist-packages/turtlebot3_msgs-2.3.0-py3.10.egg-info/top_level.txt
[31.385s] -- Symlinking: /home/rokey-jw/rokeypj_ws/install/turtlebot3_msgs/local/lib/python3.10/dist-packages/turtlebot3_msgs/__init__.py
[31.405s] -- Symlinking: /home/rokey-jw/rokeypj_ws/install/turtlebot3_msgs/local/lib/python3.10/dist-packages/turtlebot3_msgs/_turtlebot3_msgs_s.ep.rosidl_typesupport_c.c
[31.446s] -- Symlinking: /home/rokey-jw/rokeypj_ws/install/turtlebot3_msgs/local/lib/python3.10/dist-packages/turtlebot3_msgs/_turtlebot3_msgs_s.ep.rosidl_typesupport_fastrtps_c.c
[31.467s] -- Symlinking: /home/rokey-jw/rokeypj_ws/install/turtlebot3_msgs/local/lib/python3.10/dist-packages/turtlebot3_msgs/_turtlebot3_msgs_s.ep.rosidl_typesupport_introspection_c.c
[31.488s] -- Symlinking: /home/rokey-jw/rokeypj_ws/install/turtlebot3_msgs/local/lib/python3.10/dist-packages/turtlebot3_msgs/action/__init__.py
[31.512s] -- Symlinking: /home/rokey-jw/rokeypj_ws/install/turtlebot3_msgs/local/lib/python3.10/dist-packages/turtlebot3_msgs/action/_patrol.py
[31.531s] -- Symlinking: /home/rokey-jw/rokeypj_ws/install/turtlebot3_msgs/local/lib/python3.10/dist-packages/turtlebot3_msgs/action/_patrol_s.c
[31.554s] -- Symlinking: /home/rokey-jw/rokeypj_ws/install/turtlebot3_msgs/local/lib/python3.10/dist-packages/turtlebot3_msgs/libturtlebot3_msgs__rosidl_generator_py.so
[31.574s] -- Symlinking: /home/rokey-jw/rokeypj_ws/install/turtlebot3_msgs/local/lib/python3.10/dist-packages/turtlebot3_msgs/msg/__init__.py
[31.595s] -- Symlinking: /home/rokey-jw/rokeypj_ws/install/turtlebot3_msgs/local/lib/python3.10/dist-packages/turtlebot3_msgs/msg/_sensor_state.py
[31.615s] -- Symlinking: /home/rokey-jw/rokeypj_ws/install/turtlebot3_msgs/local/lib/python3.10/dist-packages/turtlebot3_msgs/msg/_sensor_state_s.c
[31.639s] -- Symlinking: /home/rokey-jw/rokeypj_ws/install/turtlebot3_msgs/local/lib/python3.10/dist-packages/turtlebot3_msgs/msg/_sound.py
[31.685s] -- Symlinking: /home/rokey-jw/rokeypj_ws/install/turtlebot3_msgs/local/lib/python3.10/dist-packages/turtlebot3_msgs/msg/_sound_s.c
[31.705s] -- Symlinking: /home/rokey-jw/rokeypj_ws/install/turtlebot3_msgs/local/lib/python3.10/dist-packages/turtlebot3_msgs/msg/_version_info.py
[31.724s] -- Symlinking: /home/rokey-jw/rokeypj_ws/install/turtlebot3_msgs/local/lib/python3.10/dist-packages/turtlebot3_msgs/msg/_version_info_s.c
[31.754s] -- Symlinking: /home/rokey-jw/rokeypj_ws/install/turtlebot3_msgs/local/lib/python3.10/dist-packages/turtlebot3_msgs/srv/__init__.py
[31.774s] -- Symlinking: /home/rokey-jw/rokeypj_ws/install/turtlebot3_msgs/local/lib/python3.10/dist-packages/turtlebot3_msgs/srv/_dqn.py
[31.793s] -- Symlinking: /home/rokey-jw/rokeypj_ws/install/turtlebot3_msgs/local/lib/python3.10/dist-packages/turtlebot3_msgs/srv/_dqn_s.c
[31.814s] -- Symlinking: /home/rokey-jw/rokeypj_ws/install/turtlebot3_msgs/local/lib/python3.10/dist-packages/turtlebot3_msgs/srv/_sound.py
[31.836s] -- Symlinking: /home/rokey-jw/rokeypj_ws/install/turtlebot3_msgs/local/lib/python3.10/dist-packages/turtlebot3_msgs/srv/_sound_s.c
[31.856s] -- Symlinking: /home/rokey-jw/rokeypj_ws/install/turtlebot3_msgs/local/lib/python3.10/dist-packages/turtlebot3_msgs/turtlebot3_msgs_s__rosidl_typesupport_c.cpython-310-aarch64-linux-gnu.so
[31.877s] -- Symlinking: /home/rokey-jw/rokeypj_ws/install/turtlebot3_msgs/local/lib/python3.10/dist-packages/turtlebot3_msgs/turtlebot3_msgs_s__rosidl_typesupport_fastrtps_c.cpython-310-aarch64-linux-gnu.so
[31.898s] -- Symlinking: /home/rokey-jw/rokeypj_ws/install/turtlebot3_msgs/local/lib/python3.10/dist-packages/turtlebot3_msgs/turtlebot3_msgs_s__rosidl_typesupport_introspection_c.cpython-310-aarch64-linux-gnu.so
[31.918s] -- Up-to-date symlink: /home/rokey-jw/rokeypj_ws/install/turtlebot3_msgs/local/lib/python3.10/dist-packages/turtlebot3_msgs/turtlebot3_msgs_s__rosidl_typesupport_fastrtps_c.cpython-310-aarch64-linux-gnu.so
[31.918s] -- Up-to-date symlink: /home/rokey-jw/rokeypj_ws/install/turtlebot3_msgs/local/lib/python3.10/dist-packages/turtlebot3_msgs/turtlebot3_msgs_s__rosidl_typesupport_introspection_c.cpython-310-aarch64-linux-gnu.so
[31.919s] -- Up-to-date symlink: /home/rokey-jw/rokeypj_ws/install/turtlebot3_msgs/local/lib/python3.10/dist-packages/turtlebot3_msgs/turtlebot3_msgs_s__rosidl_typesupport_c.cpython-310-aarch64-linux-gnu.so
[31.919s] -- Symlinking: /home/rokey-jw/rokeypj_ws/install/turtlebot3_msgs/share/turtlebot3_msgs/msg/SensorState.idl
[31.943s] -- Symlinking: /home/rokey-jw/rokeypj_ws/install/turtlebot3_msgs/share/turtlebot3_msgs/msg/Sound.idl
[31.967s] -- Symlinking: /home/rokey-jw/rokeypj_ws/install/turtlebot3_msgs/share/turtlebot3_msgs/msg/VersionInfo.idl
[31.984s] -- Symlinking: /home/rokey-jw/rokeypj_ws/install/turtlebot3_msgs/share/turtlebot3_msgs/srv/Sound.idl
[32.003s] -- Symlinking: /home/rokey-jw/rokeypj_ws/install/turtlebot3_msgs/share/turtlebot3_msgs/srv/Dqn.idl
[32.031s] -- Symlinking: /home/rokey-jw/rokeypj_ws/install/turtlebot3_msgs/share/turtlebot3_msgs/action/Patrol.idl
[32.050s] -- Symlinking: /home/rokey-jw/rokeypj_ws/install/turtlebot3_msgs/share/turtlebot3_msgs/msg/SensorState.msg
[32.072s] -- Symlinking: /home/rokey-jw/rokeypj_ws/install/turtlebot3_msgs/share/turtlebot3_msgs/msg/Sound.msg
[32.092s] -- Symlinking: /home/rokey-jw/rokeypj_ws/install/turtlebot3_msgs/share/turtlebot3_msgs/msg/VersionInfo.msg
[32.111s] -- Symlinking: /home/rokey-jw/rokeypj_ws/install/turtlebot3_msgs/share/turtlebot3_msgs/srv/Sound.srv
[32.131s] -- Symlinking: /home/rokey-jw/rokeypj_ws/install/turtlebot3_msgs/share/turtlebot3_msgs/srv/Sound_Request.msg
[32.151s] -- Symlinking: /home/rokey-jw/rokeypj_ws/install/turtlebot3_msgs/share/turtlebot3_msgs/srv/Sound_Response.msg
[32.171s] -- Symlinking: /home/rokey-jw/rokeypj_ws/install/turtlebot3_msgs/share/turtlebot3_msgs/srv/Dqn.srv
[32.194s] -- Symlinking: /home/rokey-jw/rokeypj_ws/install/turtlebot3_msgs/share/turtlebot3_msgs/srv/Dqn_Request.msg
[32.214s] -- Symlinking: /home/rokey-jw/rokeypj_ws/install/turtlebot3_msgs/share/turtlebot3_msgs/srv/Dqn_Response.msg
[32.234s] -- Symlinking: /home/rokey-jw/rokeypj_ws/install/turtlebot3_msgs/share/turtlebot3_msgs/action/Patrol.action
[32.255s] -- Symlinking: /home/rokey-jw/rokeypj_ws/install/turtlebot3_msgs/share/ament_index/resource_index/package_run_dependencies/turtlebot3_msgs
[32.277s] -- Symlinking: /home/rokey-jw/rokeypj_ws/install/turtlebot3_msgs/share/ament_index/resource_index/parent_prefix_path/turtlebot3_msgs
[32.300s] -- Symlinking: /home/rokey-jw/rokeypj_ws/install/turtlebot3_msgs/share/turtlebot3_msgs/environment/ament_prefix_path.sh
[32.322s] -- Symlinking: /home/rokey-jw/rokeypj_ws/install/turtlebot3_msgs/share/turtlebot3_msgs/environment/ament_prefix_path.dsv
[32.346s] -- Symlinking: /home/rokey-jw/rokeypj_ws/install/turtlebot3_msgs/share/turtlebot3_msgs/environment/path.sh
[32.370s] -- Symlinking: /home/rokey-jw/rokeypj_ws/install/turtlebot3_msgs/share/turtlebot3_msgs/environment/path.dsv
[32.396s] -- Symlinking: /home/rokey-jw/rokeypj_ws/install/turtlebot3_msgs/share/turtlebot3_msgs/local_setup.bash
[32.415s] -- Symlinking: /home/rokey-jw/rokeypj_ws/install/turtlebot3_msgs/share/turtlebot3_msgs/local_setup.sh
[32.439s] -- Symlinking: /home/rokey-jw/rokeypj_ws/install/turtlebot3_msgs/share/turtlebot3_msgs/local_setup.zsh
[32.460s] -- Symlinking: /home/rokey-jw/rokeypj_ws/install/turtlebot3_msgs/share/turtlebot3_msgs/local_setup.dsv
[32.481s] -- Symlinking: /home/rokey-jw/rokeypj_ws/install/turtlebot3_msgs/share/turtlebot3_msgs/package.dsv
[32.505s] -- Symlinking: /home/rokey-jw/rokeypj_ws/install/turtlebot3_msgs/share/ament_index/resource_index/packages/turtlebot3_msgs
[32.526s] -- Symlinking: /home/rokey-jw/rokeypj_ws/install/turtlebot3_msgs/share/turtlebot3_msgs/cmake/rosidl_cmake-extras.cmake
[32.547s] -- Symlinking: /home/rokey-jw/rokeypj_ws/install/turtlebot3_msgs/share/turtlebot3_msgs/cmake/ament_cmake_export_dependencies-extras.cmake
[32.573s] -- Symlinking: /home/rokey-jw/rokeypj_ws/install/turtlebot3_msgs/share/turtlebot3_msgs/cmake/ament_cmake_export_include_directories-extras.cmake
[32.593s] -- Symlinking: /home/rokey-jw/rokeypj_ws/install/turtlebot3_msgs/share/turtlebot3_msgs/cmake/ament_cmake_export_libraries-extras.cmake
[32.614s] -- Symlinking: /home/rokey-jw/rokeypj_ws/install/turtlebot3_msgs/share/turtlebot3_msgs/cmake/ament_cmake_export_targets-extras.cmake
[32.638s] -- Symlinking: /home/rokey-jw/rokeypj_ws/install/turtlebot3_msgs/share/turtlebot3_msgs/cmake/rosidl_cmake_export_typesupport_targets-extras.cmake
[32.663s] -- Symlinking: /home/rokey-jw/rokeypj_ws/install/turtlebot3_msgs/share/turtlebot3_msgs/cmake/rosidl_cmake_export_typesupport_libraries-extras.cmake
[32.688s] -- Symlinking: /home/rokey-jw/rokeypj_ws/install/turtlebot3_msgs/share/turtlebot3_msgs/cmake/turtlebot3_msgsConfig.cmake
[32.708s] -- Symlinking: /home/rokey-jw/rokeypj_ws/install/turtlebot3_msgs/share/turtlebot3_msgs/cmake/turtlebot3_msgsConfig-version.cmake
[32.729s] -- Symlinking: /home/rokey-jw/rokeypj_ws/install/turtlebot3_msgs/share/turtlebot3_msgs/package.xml
[32.758s] -- Installing: /home/rokey-jw/rokeypj_ws/install/turtlebot3_msgs/lib/libturtlebot3_msgs__rosidl_generator_c.so
[32.762s] -- Set runtime path of "/home/rokey-jw/rokeypj_ws/install/turtlebot3_msgs/lib/libturtlebot3_msgs__rosidl_generator_c.so" to ""
[32.762s] -- Installing: /home/rokey-jw/rokeypj_ws/install/turtlebot3_msgs/lib/libturtlebot3_msgs__rosidl_typesupport_fastrtps_c.so
[32.762s] -- Set runtime path of "/home/rokey-jw/rokeypj_ws/install/turtlebot3_msgs/lib/libturtlebot3_msgs__rosidl_typesupport_fastrtps_c.so" to ""
[32.763s] -- Installing: /home/rokey-jw/rokeypj_ws/install/turtlebot3_msgs/lib/libturtlebot3_msgs__rosidl_typesupport_fastrtps_cpp.so
[32.763s] -- Set runtime path of "/home/rokey-jw/rokeypj_ws/install/turtlebot3_msgs/lib/libturtlebot3_msgs__rosidl_typesupport_fastrtps_cpp.so" to ""
[32.763s] -- Installing: /home/rokey-jw/rokeypj_ws/install/turtlebot3_msgs/lib/libturtlebot3_msgs__rosidl_typesupport_introspection_c.so
[32.763s] -- Set runtime path of "/home/rokey-jw/rokeypj_ws/install/turtlebot3_msgs/lib/libturtlebot3_msgs__rosidl_typesupport_introspection_c.so" to ""
[32.763s] -- Installing: /home/rokey-jw/rokeypj_ws/install/turtlebot3_msgs/lib/libturtlebot3_msgs__rosidl_typesupport_c.so
[32.763s] -- Set runtime path of "/home/rokey-jw/rokeypj_ws/install/turtlebot3_msgs/lib/libturtlebot3_msgs__rosidl_typesupport_c.so" to ""
[32.763s] -- Installing: /home/rokey-jw/rokeypj_ws/install/turtlebot3_msgs/lib/libturtlebot3_msgs__rosidl_typesupport_introspection_cpp.so
[32.764s] -- Set runtime path of "/home/rokey-jw/rokeypj_ws/install/turtlebot3_msgs/lib/libturtlebot3_msgs__rosidl_typesupport_introspection_cpp.so" to ""
[32.764s] -- Installing: /home/rokey-jw/rokeypj_ws/install/turtlebot3_msgs/lib/libturtlebot3_msgs__rosidl_typesupport_cpp.so
[32.764s] -- Set runtime path of "/home/rokey-jw/rokeypj_ws/install/turtlebot3_msgs/lib/libturtlebot3_msgs__rosidl_typesupport_cpp.so" to ""
[32.909s] Listing '/home/rokey-jw/rokeypj_ws/install/turtlebot3_msgs/local/lib/python3.10/dist-packages/turtlebot3_msgs'...
[32.910s] Compiling '/home/rokey-jw/rokeypj_ws/install/turtlebot3_msgs/local/lib/python3.10/dist-packages/turtlebot3_msgs/__init__.py'...
[32.910s] Listing '/home/rokey-jw/rokeypj_ws/install/turtlebot3_msgs/local/lib/python3.10/dist-packages/turtlebot3_msgs/action'...
[32.910s] Compiling '/home/rokey-jw/rokeypj_ws/install/turtlebot3_msgs/local/lib/python3.10/dist-packages/turtlebot3_msgs/action/__init__.py'...
[32.910s] Compiling '/home/rokey-jw/rokeypj_ws/install/turtlebot3_msgs/local/lib/python3.10/dist-packages/turtlebot3_msgs/action/_patrol.py'...
[32.910s] Listing '/home/rokey-jw/rokeypj_ws/install/turtlebot3_msgs/local/lib/python3.10/dist-packages/turtlebot3_msgs/msg'...
[32.911s] Compiling '/home/rokey-jw/rokeypj_ws/install/turtlebot3_msgs/local/lib/python3.10/dist-packages/turtlebot3_msgs/msg/__init__.py'...
[32.911s] Compiling '/home/rokey-jw/rokeypj_ws/install/turtlebot3_msgs/local/lib/python3.10/dist-packages/turtlebot3_msgs/msg/_sensor_state.py'...
[32.911s] Compiling '/home/rokey-jw/rokeypj_ws/install/turtlebot3_msgs/local/lib/python3.10/dist-packages/turtlebot3_msgs/msg/_sound.py'...
[32.911s] Compiling '/home/rokey-jw/rokeypj_ws/install/turtlebot3_msgs/local/lib/python3.10/dist-packages/turtlebot3_msgs/msg/_version_info.py'...
[32.911s] Listing '/home/rokey-jw/rokeypj_ws/install/turtlebot3_msgs/local/lib/python3.10/dist-packages/turtlebot3_msgs/srv'...
[32.912s] Compiling '/home/rokey-jw/rokeypj_ws/install/turtlebot3_msgs/local/lib/python3.10/dist-packages/turtlebot3_msgs/srv/__init__.py'...
[32.912s] Compiling '/home/rokey-jw/rokeypj_ws/install/turtlebot3_msgs/local/lib/python3.10/dist-packages/turtlebot3_msgs/srv/_dqn.py'...
[32.912s] Compiling '/home/rokey-jw/rokeypj_ws/install/turtlebot3_msgs/local/lib/python3.10/dist-packages/turtlebot3_msgs/srv/_sound.py'...
[32.925s] -- Installing: /home/rokey-jw/rokeypj_ws/install/turtlebot3_msgs/lib/libturtlebot3_msgs__rosidl_generator_py.so
[32.925s] -- Set runtime path of "/home/rokey-jw/rokeypj_ws/install/turtlebot3_msgs/lib/libturtlebot3_msgs__rosidl_generator_py.so" to ""
[32.926s] -- Installing: /home/rokey-jw/rokeypj_ws/install/turtlebot3_msgs/share/turtlebot3_msgs/cmake/export_turtlebot3_msgs__rosidl_generator_cExport.cmake
[32.926s] -- Installing: /home/rokey-jw/rokeypj_ws/install/turtlebot3_msgs/share/turtlebot3_msgs/cmake/export_turtlebot3_msgs__rosidl_generator_cExport-noconfig.cmake
[32.926s] -- Installing: /home/rokey-jw/rokeypj_ws/install/turtlebot3_msgs/share/turtlebot3_msgs/cmake/export_turtlebot3_msgs__rosidl_typesupport_fastrtps_cExport.cmake
[32.927s] -- Installing: /home/rokey-jw/rokeypj_ws/install/turtlebot3_msgs/share/turtlebot3_msgs/cmake/export_turtlebot3_msgs__rosidl_typesupport_fastrtps_cExport-noconfig.cmake
[32.927s] -- Installing: /home/rokey-jw/rokeypj_ws/install/turtlebot3_msgs/share/turtlebot3_msgs/cmake/export_turtlebot3_msgs__rosidl_generator_cppExport.cmake
[32.927s] -- Installing: /home/rokey-jw/rokeypj_ws/install/turtlebot3_msgs/share/turtlebot3_msgs/cmake/export_turtlebot3_msgs__rosidl_typesupport_fastrtps_cppExport.cmake
[32.927s] -- Installing: /home/rokey-jw/rokeypj_ws/install/turtlebot3_msgs/share/turtlebot3_msgs/cmake/export_turtlebot3_msgs__rosidl_typesupport_fastrtps_cppExport-noconfig.cmake
[32.928s] -- Installing: /home/rokey-jw/rokeypj_ws/install/turtlebot3_msgs/share/turtlebot3_msgs/cmake/turtlebot3_msgs__rosidl_typesupport_introspection_cExport.cmake
[32.928s] -- Installing: /home/rokey-jw/rokeypj_ws/install/turtlebot3_msgs/share/turtlebot3_msgs/cmake/turtlebot3_msgs__rosidl_typesupport_introspection_cExport-noconfig.cmake
[32.929s] -- Installing: /home/rokey-jw/rokeypj_ws/install/turtlebot3_msgs/share/turtlebot3_msgs/cmake/turtlebot3_msgs__rosidl_typesupport_cExport.cmake
[32.929s] -- Installing: /home/rokey-jw/rokeypj_ws/install/turtlebot3_msgs/share/turtlebot3_msgs/cmake/turtlebot3_msgs__rosidl_typesupport_cExport-noconfig.cmake
[32.930s] -- Installing: /home/rokey-jw/rokeypj_ws/install/turtlebot3_msgs/share/turtlebot3_msgs/cmake/turtlebot3_msgs__rosidl_typesupport_introspection_cppExport.cmake
[32.930s] -- Installing: /home/rokey-jw/rokeypj_ws/install/turtlebot3_msgs/share/turtlebot3_msgs/cmake/turtlebot3_msgs__rosidl_typesupport_introspection_cppExport-noconfig.cmake
[32.931s] -- Installing: /home/rokey-jw/rokeypj_ws/install/turtlebot3_msgs/share/turtlebot3_msgs/cmake/turtlebot3_msgs__rosidl_typesupport_cppExport.cmake
[32.931s] -- Installing: /home/rokey-jw/rokeypj_ws/install/turtlebot3_msgs/share/turtlebot3_msgs/cmake/turtlebot3_msgs__rosidl_typesupport_cppExport-noconfig.cmake
[32.931s] -- Installing: /home/rokey-jw/rokeypj_ws/install/turtlebot3_msgs/share/turtlebot3_msgs/cmake/export_turtlebot3_msgs__rosidl_generator_pyExport.cmake
[32.932s] -- Installing: /home/rokey-jw/rokeypj_ws/install/turtlebot3_msgs/share/turtlebot3_msgs/cmake/export_turtlebot3_msgs__rosidl_generator_pyExport-noconfig.cmake
[32.943s] Invoked command in '/home/rokey-jw/rokeypj_ws/build/turtlebot3_msgs' returned '0': CMAKE_PREFIX_PATH=${CMAKE_PREFIX_PATH}:/home/rokey-jw/rokeypj_ws/install/sample_pkg:/home/rokey-jw/rokeypj_ws/install/my_v4l2_camera_launch:/home/rokey-jw/rokeypj_ws/install/lane_follower_pkg:/home/rokey-jw/rokeypj_ws/install/lane_detector:/home/rokey-jw/rokeypj_ws/install/aruco_yolo:/home/rokey-jw/turtlebot3_ws/install/turtlebot3_teleop:/home/rokey-jw/turtlebot3_ws/install/turtlebot3_example:/home/rokey-jw/turtlebot3_ws/install/turtlebot3_autorace_mission:/home/rokey-jw/turtlebot3_ws/install/turtlebot3_autorace_detect:/home/rokey-jw/turtlebot3_ws/install/turtlebot3_autorace_camera:/opt/ros/humble /usr/bin/cmake --install /home/rokey-jw/rokeypj_ws/build/turtlebot3_msgs
