running develop
running egg_info
creating aruco_yolo.egg-info
writing aruco_yolo.egg-info/PKG-INFO
writing dependency_links to aruco_yolo.egg-info/dependency_links.txt
writing entry points to aruco_yolo.egg-info/entry_points.txt
writing requirements to aruco_yolo.egg-info/requires.txt
writing top-level names to aruco_yolo.egg-info/top_level.txt
writing manifest file 'aruco_yolo.egg-info/SOURCES.txt'
reading manifest file 'aruco_yolo.egg-info/SOURCES.txt'
writing manifest file 'aruco_yolo.egg-info/SOURCES.txt'
running build_ext
Creating /home/rokey-jw/rokeypj_ws/install/aruco_yolo/lib/python3.10/site-packages/aruco-yolo.egg-link (link to .)
Installing aruco_detector script to /home/rokey-jw/rokeypj_ws/install/aruco_yolo/lib/aruco_yolo
Installing aruco_move script to /home/rokey-jw/rokeypj_ws/install/aruco_yolo/lib/aruco_yolo
Installing camera_pub script to /home/rokey-jw/rokeypj_ws/install/aruco_yolo/lib/aruco_yolo
Installing compressed_image_pub script to /home/rokey-jw/rokeypj_ws/install/aruco_yolo/lib/aruco_yolo
Installing yolo_detector script to /home/rokey-jw/rokeypj_ws/install/aruco_yolo/lib/aruco_yolo

Installed /home/rokey-jw/rokeypj_ws/build/aruco_yolo
running symlink_data
creating /home/rokey-jw/rokeypj_ws/install/aruco_yolo/share/ament_index
creating /home/rokey-jw/rokeypj_ws/install/aruco_yolo/share/ament_index/resource_index
creating /home/rokey-jw/rokeypj_ws/install/aruco_yolo/share/ament_index/resource_index/packages
symbolically linking /home/rokey-jw/rokeypj_ws/build/aruco_yolo/resource/aruco_yolo -> /home/rokey-jw/rokeypj_ws/install/aruco_yolo/share/ament_index/resource_index/packages
creating /home/rokey-jw/rokeypj_ws/install/aruco_yolo/share/aruco_yolo/launch
symbolically linking /home/rokey-jw/rokeypj_ws/build/aruco_yolo/launch/camera.launch.py -> /home/rokey-jw/rokeypj_ws/install/aruco_yolo/share/aruco_yolo/launch
symbolically linking /home/rokey-jw/rokeypj_ws/build/aruco_yolo/launch/aruco_move.launch.py -> /home/rokey-jw/rokeypj_ws/install/aruco_yolo/share/aruco_yolo/launch
symbolically linking /home/rokey-jw/rokeypj_ws/build/aruco_yolo/launch/aruco_yolo.launch.py -> /home/rokey-jw/rokeypj_ws/install/aruco_yolo/share/aruco_yolo/launch
symbolically linking /home/rokey-jw/rokeypj_ws/build/aruco_yolo/launch/aruco_last.launch.py -> /home/rokey-jw/rokeypj_ws/install/aruco_yolo/share/aruco_yolo/launch
creating /home/rokey-jw/rokeypj_ws/install/aruco_yolo/share/aruco_yolo/config
symbolically linking /home/rokey-jw/rokeypj_ws/build/aruco_yolo/config/camera_params.yaml -> /home/rokey-jw/rokeypj_ws/install/aruco_yolo/share/aruco_yolo/config
symbolically linking /home/rokey-jw/rokeypj_ws/build/aruco_yolo/config/calibration_params.yaml -> /home/rokey-jw/rokeypj_ws/install/aruco_yolo/share/aruco_yolo/config
symbolically linking /home/rokey-jw/rokeypj_ws/build/aruco_yolo/package.xml -> /home/rokey-jw/rokeypj_ws/install/aruco_yolo/share/aruco_yolo
