[0.075s] Invoking command in '/home/rokey-jw/rokeypj_ws/build/ld08_driver': CMAKE_PREFIX_PATH=${CMAKE_PREFIX_PATH}:/home/rokey-jw/turtlebot3_ws/install/turtlebot3_teleop:/home/rokey-jw/turtlebot3_ws/install/turtlebot3_example:/home/rokey-jw/turtlebot3_ws/install/turtlebot3_autorace_mission:/home/rokey-jw/turtlebot3_ws/install/turtlebot3_autorace_detect:/home/rokey-jw/turtlebot3_ws/install/turtlebot3_autorace_camera:/opt/ros/humble /usr/bin/cmake --build /home/rokey-jw/rokeypj_ws/build/ld08_driver -- -j6 -l6
[0.215s] [100%] Built target ld08_driver
[0.282s] Invoked command in '/home/rokey-jw/rokeypj_ws/build/ld08_driver' returned '0': CMAKE_PREFIX_PATH=${CMAKE_PREFIX_PATH}:/home/rokey-jw/turtlebot3_ws/install/turtlebot3_teleop:/home/rokey-jw/turtlebot3_ws/install/turtlebot3_example:/home/rokey-jw/turtlebot3_ws/install/turtlebot3_autorace_mission:/home/rokey-jw/turtlebot3_ws/install/turtlebot3_autorace_detect:/home/rokey-jw/turtlebot3_ws/install/turtlebot3_autorace_camera:/opt/ros/humble /usr/bin/cmake --build /home/rokey-jw/rokeypj_ws/build/ld08_driver -- -j6 -l6
[0.287s] Invoking command in '/home/rokey-jw/rokeypj_ws/build/ld08_driver': CMAKE_PREFIX_PATH=${CMAKE_PREFIX_PATH}:/home/rokey-jw/turtlebot3_ws/install/turtlebot3_teleop:/home/rokey-jw/turtlebot3_ws/install/turtlebot3_example:/home/rokey-jw/turtlebot3_ws/install/turtlebot3_autorace_mission:/home/rokey-jw/turtlebot3_ws/install/turtlebot3_autorace_detect:/home/rokey-jw/turtlebot3_ws/install/turtlebot3_autorace_camera:/opt/ros/humble /usr/bin/cmake --install /home/rokey-jw/rokeypj_ws/build/ld08_driver
[0.321s] -- Install configuration: ""
[0.321s] -- Execute custom install script
[0.321s] -- Up-to-date symlink: /home/rokey-jw/rokeypj_ws/install/ld08_driver/share/ld08_driver/launch/ld08.launch.py
[0.321s] -- Up-to-date symlink: /home/rokey-jw/rokeypj_ws/install/ld08_driver/lib/ld08_driver/ld08_driver
[0.322s] -- Up-to-date symlink: /home/rokey-jw/rokeypj_ws/install/ld08_driver/share/ament_index/resource_index/package_run_dependencies/ld08_driver
[0.322s] -- Up-to-date symlink: /home/rokey-jw/rokeypj_ws/install/ld08_driver/share/ament_index/resource_index/parent_prefix_path/ld08_driver
[0.322s] -- Up-to-date symlink: /home/rokey-jw/rokeypj_ws/install/ld08_driver/share/ld08_driver/environment/ament_prefix_path.sh
[0.322s] -- Up-to-date symlink: /home/rokey-jw/rokeypj_ws/install/ld08_driver/share/ld08_driver/environment/ament_prefix_path.dsv
[0.322s] -- Up-to-date symlink: /home/rokey-jw/rokeypj_ws/install/ld08_driver/share/ld08_driver/environment/path.sh
[0.322s] -- Up-to-date symlink: /home/rokey-jw/rokeypj_ws/install/ld08_driver/share/ld08_driver/environment/path.dsv
[0.322s] -- Up-to-date symlink: /home/rokey-jw/rokeypj_ws/install/ld08_driver/share/ld08_driver/local_setup.bash
[0.322s] -- Up-to-date symlink: /home/rokey-jw/rokeypj_ws/install/ld08_driver/share/ld08_driver/local_setup.sh
[0.323s] -- Up-to-date symlink: /home/rokey-jw/rokeypj_ws/install/ld08_driver/share/ld08_driver/local_setup.zsh
[0.323s] -- Up-to-date symlink: /home/rokey-jw/rokeypj_ws/install/ld08_driver/share/ld08_driver/local_setup.dsv
[0.323s] -- Symlinking: /home/rokey-jw/rokeypj_ws/install/ld08_driver/share/ld08_driver/package.dsv
[0.339s] -- Up-to-date symlink: /home/rokey-jw/rokeypj_ws/install/ld08_driver/share/ament_index/resource_index/packages/ld08_driver
[0.340s] -- Up-to-date symlink: /home/rokey-jw/rokeypj_ws/install/ld08_driver/share/ld08_driver/cmake/ament_cmake_export_dependencies-extras.cmake
[0.340s] -- Up-to-date symlink: /home/rokey-jw/rokeypj_ws/install/ld08_driver/share/ld08_driver/cmake/ament_cmake_export_include_directories-extras.cmake
[0.341s] -- Up-to-date symlink: /home/rokey-jw/rokeypj_ws/install/ld08_driver/share/ld08_driver/cmake/ld08_driverConfig.cmake
[0.341s] -- Up-to-date symlink: /home/rokey-jw/rokeypj_ws/install/ld08_driver/share/ld08_driver/cmake/ld08_driverConfig-version.cmake
[0.341s] -- Up-to-date symlink: /home/rokey-jw/rokeypj_ws/install/ld08_driver/share/ld08_driver/package.xml
[1.067s] Invoked command in '/home/rokey-jw/rokeypj_ws/build/ld08_driver' returned '0': CMAKE_PREFIX_PATH=${CMAKE_PREFIX_PATH}:/home/rokey-jw/turtlebot3_ws/install/turtlebot3_teleop:/home/rokey-jw/turtlebot3_ws/install/turtlebot3_example:/home/rokey-jw/turtlebot3_ws/install/turtlebot3_autorace_mission:/home/rokey-jw/turtlebot3_ws/install/turtlebot3_autorace_detect:/home/rokey-jw/turtlebot3_ws/install/turtlebot3_autorace_camera:/opt/ros/humble /usr/bin/cmake --install /home/rokey-jw/rokeypj_ws/build/ld08_driver
