running develop
running egg_info
creating sample_pkg.egg-info
writing sample_pkg.egg-info/PKG-INFO
writing dependency_links to sample_pkg.egg-info/dependency_links.txt
writing entry points to sample_pkg.egg-info/entry_points.txt
writing requirements to sample_pkg.egg-info/requires.txt
writing top-level names to sample_pkg.egg-info/top_level.txt
writing manifest file 'sample_pkg.egg-info/SOURCES.txt'
reading manifest file 'sample_pkg.egg-info/SOURCES.txt'
writing manifest file 'sample_pkg.egg-info/SOURCES.txt'
running build_ext
Creating /home/rokey-jw/rokeypj_ws/install/sample_pkg/lib/python3.10/site-packages/sample-pkg.egg-link (link to .)

Installed /home/rokey-jw/rokeypj_ws/build/sample_pkg
running symlink_data
creating /home/rokey-jw/rokeypj_ws/install/sample_pkg/share/ament_index
creating /home/rokey-jw/rokeypj_ws/install/sample_pkg/share/ament_index/resource_index
creating /home/rokey-jw/rokeypj_ws/install/sample_pkg/share/ament_index/resource_index/packages
symbolically linking /home/rokey-jw/rokeypj_ws/build/sample_pkg/resource/sample_pkg -> /home/rokey-jw/rokeypj_ws/install/sample_pkg/share/ament_index/resource_index/packages
symbolically linking /home/rokey-jw/rokeypj_ws/build/sample_pkg/package.xml -> /home/rokey-jw/rokeypj_ws/install/sample_pkg/share/sample_pkg
