[2.919s] Invoking command in '/home/rokey-jw/rokeypj_ws/build/sample_pkg': PYTHONPATH=/home/rokey-jw/rokeypj_ws/build/sample_pkg/prefix_override:/usr/lib/python3/dist-packages/colcon_core/task/python/colcon_distutils_commands:/home/rokey-jw/rokeypj_ws/install/sample_pkg/lib/python3.10/site-packages:${PYTHONPATH} /usr/bin/python3 -W ignore:setup.py install is deprecated -W ignore:easy_install command is deprecated setup.py develop --editable --build-directory /home/rokey-jw/rokeypj_ws/build/sample_pkg/build --no-deps symlink_data
[6.824s] running develop
[6.824s] running egg_info
[6.825s] creating sample_pkg.egg-info
[6.825s] writing sample_pkg.egg-info/PKG-INFO
[6.825s] writing dependency_links to sample_pkg.egg-info/dependency_links.txt
[6.825s] writing entry points to sample_pkg.egg-info/entry_points.txt
[6.825s] writing requirements to sample_pkg.egg-info/requires.txt
[6.825s] writing top-level names to sample_pkg.egg-info/top_level.txt
[6.825s] writing manifest file 'sample_pkg.egg-info/SOURCES.txt'
[6.826s] reading manifest file 'sample_pkg.egg-info/SOURCES.txt'
[6.826s] writing manifest file 'sample_pkg.egg-info/SOURCES.txt'
[6.826s] running build_ext
[6.826s] Creating /home/rokey-jw/rokeypj_ws/install/sample_pkg/lib/python3.10/site-packages/sample-pkg.egg-link (link to .)
[6.826s] 
[6.826s] Installed /home/rokey-jw/rokeypj_ws/build/sample_pkg
[6.826s] running symlink_data
[6.826s] creating /home/rokey-jw/rokeypj_ws/install/sample_pkg/share/ament_index
[6.826s] creating /home/rokey-jw/rokeypj_ws/install/sample_pkg/share/ament_index/resource_index
[6.827s] creating /home/rokey-jw/rokeypj_ws/install/sample_pkg/share/ament_index/resource_index/packages
[6.827s] symbolically linking /home/rokey-jw/rokeypj_ws/build/sample_pkg/resource/sample_pkg -> /home/rokey-jw/rokeypj_ws/install/sample_pkg/share/ament_index/resource_index/packages
[6.827s] symbolically linking /home/rokey-jw/rokeypj_ws/build/sample_pkg/package.xml -> /home/rokey-jw/rokeypj_ws/install/sample_pkg/share/sample_pkg
[6.843s] Invoked command in '/home/rokey-jw/rokeypj_ws/build/sample_pkg' returned '0': PYTHONPATH=/home/rokey-jw/rokeypj_ws/build/sample_pkg/prefix_override:/usr/lib/python3/dist-packages/colcon_core/task/python/colcon_distutils_commands:/home/rokey-jw/rokeypj_ws/install/sample_pkg/lib/python3.10/site-packages:${PYTHONPATH} /usr/bin/python3 -W ignore:setup.py install is deprecated -W ignore:easy_install command is deprecated setup.py develop --editable --build-directory /home/rokey-jw/rokeypj_ws/build/sample_pkg/build --no-deps symlink_data
